#-----------------------------------------------------------
# Vivado v2018.3 (64-bit)
# SW Build 2405991 on Thu Dec  6 23:38:27 MST 2018
# IP Build 2404404 on Fri Dec  7 01:43:56 MST 2018
# Start of session at: Mon Mar 10 02:22:56 2025
# Process ID: 11168
# Current directory: C:/Users/Muaz/Documents/MeteorDestroyer/hdmi_ip
# Command line: vivado.exe -gui_launcher_event rodinguilauncherevent22128 C:\Users\Muaz\Documents\MeteorDestroyer\hdmi_ip\hdmi_ip.xpr
# Log file: C:/Users/Muaz/Documents/MeteorDestroyer/hdmi_ip/vivado.log
# Journal file: C:/Users/Muaz/Documents/MeteorDestroyer/hdmi_ip\vivado.jou
#-----------------------------------------------------------
start_gui
open_project C:/Users/Muaz/Documents/MeteorDestroyer/hdmi_ip/hdmi_ip.xpr
INFO: [Project 1-313] Project file moved from 'C:/Users/marko/OneDrive/Desktop/ECE532/hdmi_ip' since last save.
ERROR: [Project 1-208] No val for DA Elab Attr
Scanning sources...
Finished scanning sources
CRITICAL WARNING: [Project 1-192] Failed to load run synth_1. Strategy Vivado Synthesis Defaults (Vivado Synthesis 2021) not recognized by Vivado. 

CRITICAL WARNING: [Project 1-192] Failed to load run hdmi_axi_dynclk_0_0_synth_1. Strategy Vivado Synthesis Defaults (Vivado Synthesis 2021) not recognized by Vivado. 

CRITICAL WARNING: [Project 1-192] Failed to load run hdmi_rst_mig_7series_0_100M_0_synth_1. Strategy Vivado Synthesis Defaults (Vivado Synthesis 2021) not recognized by Vivado. 

CRITICAL WARNING: [Project 1-192] Failed to load run hdmi_rst_mig_7series_0_pxl_0_synth_1. Strategy Vivado Synthesis Defaults (Vivado Synthesis 2021) not recognized by Vivado. 

CRITICAL WARNING: [Project 1-192] Failed to load run hdmi_rgb2dvi_0_0_synth_1. Strategy Vivado Synthesis Defaults (Vivado Synthesis 2021) not recognized by Vivado. 

CRITICAL WARNING: [Project 1-192] Failed to load run hdmi_v_axi4s_vid_out_0_0_synth_1. Strategy Vivado Synthesis Defaults (Vivado Synthesis 2022) not recognized by Vivado. 

CRITICAL WARNING: [Project 1-192] Failed to load run hdmi_v_tc_1_0_synth_1. Strategy Vivado Synthesis Defaults (Vivado Synthesis 2022) not recognized by Vivado. 

CRITICAL WARNING: [Project 1-192] Failed to load run hdmi_v_vid_in_axi4s_0_0_synth_1. Strategy Vivado Synthesis Defaults (Vivado Synthesis 2022) not recognized by Vivado. 

CRITICAL WARNING: [Project 1-192] Failed to load run hdmi_v_tc_0_0_synth_1. Strategy Vivado Synthesis Defaults (Vivado Synthesis 2022) not recognized by Vivado. 

CRITICAL WARNING: [Project 1-192] Failed to load run hdmi_axi_vdma_0_0_synth_1. Strategy Vivado Synthesis Defaults (Vivado Synthesis 2022) not recognized by Vivado. 

CRITICAL WARNING: [Project 1-192] Failed to load run hdmi_microblaze_0_axi_intc_0_synth_1. Strategy Vivado Synthesis Defaults (Vivado Synthesis 2022) not recognized by Vivado. 

CRITICAL WARNING: [Project 1-192] Failed to load run hdmi_microblaze_0_0_synth_1. Strategy Vivado Synthesis Defaults (Vivado Synthesis 2022) not recognized by Vivado. 

CRITICAL WARNING: [Project 1-192] Failed to load run hdmi_dvi2rgb_0_0_synth_1. Strategy Vivado Synthesis Defaults (Vivado Synthesis 2022) not recognized by Vivado. 

CRITICAL WARNING: [Project 1-192] Failed to load run hdmi_mdm_1_0_synth_1. Strategy Vivado Synthesis Defaults (Vivado Synthesis 2022) not recognized by Vivado. 

CRITICAL WARNING: [Project 1-192] Failed to load run hdmi_axi_uartlite_0_0_synth_1. Strategy Vivado Synthesis Defaults (Vivado Synthesis 2022) not recognized by Vivado. 

CRITICAL WARNING: [Project 1-192] Failed to load run hdmi_axi_timer_0_0_synth_1. Strategy Vivado Synthesis Defaults (Vivado Synthesis 2022) not recognized by Vivado. 

CRITICAL WARNING: [Project 1-192] Failed to load run hdmi_dlmb_v10_0_synth_1. Strategy Vivado Synthesis Defaults (Vivado Synthesis 2022) not recognized by Vivado. 

CRITICAL WARNING: [Project 1-192] Failed to load run hdmi_ilmb_v10_0_synth_1. Strategy Vivado Synthesis Defaults (Vivado Synthesis 2022) not recognized by Vivado. 

CRITICAL WARNING: [Project 1-192] Failed to load run hdmi_lmb_bram_0_synth_1. Strategy Vivado Synthesis Defaults (Vivado Synthesis 2022) not recognized by Vivado. 

CRITICAL WARNING: [Project 1-192] Failed to load run hdmi_mig_7series_0_0_synth_1. Strategy Vivado Synthesis Defaults (Vivado Synthesis 2022) not recognized by Vivado. 

CRITICAL WARNING: [Project 1-192] Failed to load run hdmi_dlmb_bram_if_cntlr_0_synth_1. Strategy Vivado Synthesis Defaults (Vivado Synthesis 2022) not recognized by Vivado. 

CRITICAL WARNING: [Project 1-192] Failed to load run hdmi_ilmb_bram_if_cntlr_0_synth_1. Strategy Vivado Synthesis Defaults (Vivado Synthesis 2022) not recognized by Vivado. 

CRITICAL WARNING: [Project 1-192] Failed to load run hdmi_axi_gpio_video_0_synth_1. Strategy Vivado Synthesis Defaults (Vivado Synthesis 2022) not recognized by Vivado. 

CRITICAL WARNING: [Project 1-192] Failed to load run hdmi_xbar_3_synth_1. Strategy Vivado Synthesis Defaults (Vivado Synthesis 2022) not recognized by Vivado. 

CRITICAL WARNING: [Project 1-192] Failed to load run hdmi_xbar_2_synth_1. Strategy Vivado Synthesis Defaults (Vivado Synthesis 2022) not recognized by Vivado. 

CRITICAL WARNING: [Project 1-192] Failed to load run hdmi_auto_ds_0_synth_1. Strategy Vivado Synthesis Defaults (Vivado Synthesis 2022) not recognized by Vivado. 

CRITICAL WARNING: [Project 1-192] Failed to load run hdmi_m00_regslice_0_synth_1. Strategy Vivado Synthesis Defaults (Vivado Synthesis 2022) not recognized by Vivado. 

CRITICAL WARNING: [Project 1-192] Failed to load run hdmi_s02_regslice_0_synth_1. Strategy Vivado Synthesis Defaults (Vivado Synthesis 2022) not recognized by Vivado. 

CRITICAL WARNING: [Project 1-192] Failed to load run hdmi_s03_regslice_0_synth_1. Strategy Vivado Synthesis Defaults (Vivado Synthesis 2022) not recognized by Vivado. 

CRITICAL WARNING: [Project 1-192] Failed to load run hdmi_auto_rs_w_0_synth_1. Strategy Vivado Synthesis Defaults (Vivado Synthesis 2022) not recognized by Vivado. 

CRITICAL WARNING: [Project 1-192] Failed to load run hdmi_s00_regslice_0_synth_1. Strategy Vivado Synthesis Defaults (Vivado Synthesis 2022) not recognized by Vivado. 

CRITICAL WARNING: [Project 1-192] Failed to load run hdmi_auto_us_1_synth_1. Strategy Vivado Synthesis Defaults (Vivado Synthesis 2022) not recognized by Vivado. 

CRITICAL WARNING: [Project 1-192] Failed to load run hdmi_auto_rs_w_1_synth_1. Strategy Vivado Synthesis Defaults (Vivado Synthesis 2022) not recognized by Vivado. 

CRITICAL WARNING: [Project 1-192] Failed to load run hdmi_s01_regslice_0_synth_1. Strategy Vivado Synthesis Defaults (Vivado Synthesis 2022) not recognized by Vivado. 

CRITICAL WARNING: [Project 1-192] Failed to load run hdmi_auto_us_0_synth_1. Strategy Vivado Synthesis Defaults (Vivado Synthesis 2022) not recognized by Vivado. 

CRITICAL WARNING: [Project 1-192] Failed to load run hdmi_auto_rs_w_2_synth_1. Strategy Vivado Synthesis Defaults (Vivado Synthesis 2022) not recognized by Vivado. 

CRITICAL WARNING: [Project 1-192] Failed to load run impl_1. Strategy Performance_Explore (Vivado Implementation 2021) not recognized by Vivado. 

CRITICAL WARNING: [Project 1-192] Failed to load run hdmi_axi_dynclk_0_0_impl_1. Strategy Vivado Implementation Defaults (Vivado Implementation 2021) not recognized by Vivado. 

CRITICAL WARNING: [Project 1-192] Failed to load run hdmi_rst_mig_7series_0_100M_0_impl_1. Strategy Vivado Implementation Defaults (Vivado Implementation 2021) not recognized by Vivado. 

CRITICAL WARNING: [Project 1-192] Failed to load run hdmi_rst_mig_7series_0_pxl_0_impl_1. Strategy Vivado Implementation Defaults (Vivado Implementation 2021) not recognized by Vivado. 

CRITICAL WARNING: [Project 1-192] Failed to load run hdmi_rgb2dvi_0_0_impl_1. Strategy Vivado Implementation Defaults (Vivado Implementation 2021) not recognized by Vivado. 

CRITICAL WARNING: [Project 1-192] Failed to load run hdmi_v_axi4s_vid_out_0_0_impl_1. Strategy Vivado Implementation Defaults (Vivado Implementation 2022) not recognized by Vivado. 

CRITICAL WARNING: [Project 1-192] Failed to load run hdmi_v_tc_1_0_impl_1. Strategy Vivado Implementation Defaults (Vivado Implementation 2022) not recognized by Vivado. 

CRITICAL WARNING: [Project 1-192] Failed to load run hdmi_v_vid_in_axi4s_0_0_impl_1. Strategy Vivado Implementation Defaults (Vivado Implementation 2022) not recognized by Vivado. 

CRITICAL WARNING: [Project 1-192] Failed to load run hdmi_v_tc_0_0_impl_1. Strategy Vivado Implementation Defaults (Vivado Implementation 2022) not recognized by Vivado. 

CRITICAL WARNING: [Project 1-192] Failed to load run hdmi_axi_vdma_0_0_impl_1. Strategy Vivado Implementation Defaults (Vivado Implementation 2022) not recognized by Vivado. 

CRITICAL WARNING: [Project 1-192] Failed to load run hdmi_microblaze_0_axi_intc_0_impl_1. Strategy Vivado Implementation Defaults (Vivado Implementation 2022) not recognized by Vivado. 

CRITICAL WARNING: [Project 1-192] Failed to load run hdmi_microblaze_0_0_impl_1. Strategy Vivado Implementation Defaults (Vivado Implementation 2022) not recognized by Vivado. 

CRITICAL WARNING: [Project 1-192] Failed to load run hdmi_dvi2rgb_0_0_impl_1. Strategy Vivado Implementation Defaults (Vivado Implementation 2022) not recognized by Vivado. 

CRITICAL WARNING: [Project 1-192] Failed to load run hdmi_mdm_1_0_impl_1. Strategy Vivado Implementation Defaults (Vivado Implementation 2022) not recognized by Vivado. 

CRITICAL WARNING: [Project 1-192] Failed to load run hdmi_axi_uartlite_0_0_impl_1. Strategy Vivado Implementation Defaults (Vivado Implementation 2022) not recognized by Vivado. 

CRITICAL WARNING: [Project 1-192] Failed to load run hdmi_axi_timer_0_0_impl_1. Strategy Vivado Implementation Defaults (Vivado Implementation 2022) not recognized by Vivado. 

CRITICAL WARNING: [Project 1-192] Failed to load run hdmi_dlmb_v10_0_impl_1. Strategy Vivado Implementation Defaults (Vivado Implementation 2022) not recognized by Vivado. 

CRITICAL WARNING: [Project 1-192] Failed to load run hdmi_ilmb_v10_0_impl_1. Strategy Vivado Implementation Defaults (Vivado Implementation 2022) not recognized by Vivado. 

CRITICAL WARNING: [Project 1-192] Failed to load run hdmi_lmb_bram_0_impl_1. Strategy Vivado Implementation Defaults (Vivado Implementation 2022) not recognized by Vivado. 

CRITICAL WARNING: [Project 1-192] Failed to load run hdmi_mig_7series_0_0_impl_1. Strategy Vivado Implementation Defaults (Vivado Implementation 2022) not recognized by Vivado. 

CRITICAL WARNING: [Project 1-192] Failed to load run hdmi_dlmb_bram_if_cntlr_0_impl_1. Strategy Vivado Implementation Defaults (Vivado Implementation 2022) not recognized by Vivado. 

CRITICAL WARNING: [Project 1-192] Failed to load run hdmi_ilmb_bram_if_cntlr_0_impl_1. Strategy Vivado Implementation Defaults (Vivado Implementation 2022) not recognized by Vivado. 

CRITICAL WARNING: [Project 1-192] Failed to load run hdmi_axi_gpio_video_0_impl_1. Strategy Vivado Implementation Defaults (Vivado Implementation 2022) not recognized by Vivado. 

CRITICAL WARNING: [Project 1-192] Failed to load run hdmi_xbar_3_impl_1. Strategy Vivado Implementation Defaults (Vivado Implementation 2022) not recognized by Vivado. 

CRITICAL WARNING: [Project 1-192] Failed to load run hdmi_xbar_2_impl_1. Strategy Vivado Implementation Defaults (Vivado Implementation 2022) not recognized by Vivado. 

CRITICAL WARNING: [Project 1-192] Failed to load run hdmi_auto_ds_0_impl_1. Strategy Vivado Implementation Defaults (Vivado Implementation 2022) not recognized by Vivado. 

CRITICAL WARNING: [Project 1-192] Failed to load run hdmi_m00_regslice_0_impl_1. Strategy Vivado Implementation Defaults (Vivado Implementation 2022) not recognized by Vivado. 

CRITICAL WARNING: [Project 1-192] Failed to load run hdmi_s02_regslice_0_impl_1. Strategy Vivado Implementation Defaults (Vivado Implementation 2022) not recognized by Vivado. 

CRITICAL WARNING: [Project 1-192] Failed to load run hdmi_s03_regslice_0_impl_1. Strategy Vivado Implementation Defaults (Vivado Implementation 2022) not recognized by Vivado. 

CRITICAL WARNING: [Project 1-192] Failed to load run hdmi_auto_rs_w_0_impl_1. Strategy Vivado Implementation Defaults (Vivado Implementation 2022) not recognized by Vivado. 

CRITICAL WARNING: [Project 1-192] Failed to load run hdmi_s00_regslice_0_impl_1. Strategy Vivado Implementation Defaults (Vivado Implementation 2022) not recognized by Vivado. 

CRITICAL WARNING: [Project 1-192] Failed to load run hdmi_auto_us_1_impl_1. Strategy Vivado Implementation Defaults (Vivado Implementation 2022) not recognized by Vivado. 

CRITICAL WARNING: [Project 1-192] Failed to load run hdmi_auto_rs_w_1_impl_1. Strategy Vivado Implementation Defaults (Vivado Implementation 2022) not recognized by Vivado. 

CRITICAL WARNING: [Project 1-192] Failed to load run hdmi_s01_regslice_0_impl_1. Strategy Vivado Implementation Defaults (Vivado Implementation 2022) not recognized by Vivado. 

CRITICAL WARNING: [Project 1-192] Failed to load run hdmi_auto_us_0_impl_1. Strategy Vivado Implementation Defaults (Vivado Implementation 2022) not recognized by Vivado. 

CRITICAL WARNING: [Project 1-192] Failed to load run hdmi_auto_rs_w_2_impl_1. Strategy Vivado Implementation Defaults (Vivado Implementation 2022) not recognized by Vivado. 

CRITICAL WARNING: [Project 1-532] XML ERROR: Project Option SimulatorInstallDirModelSim has no valid value
CRITICAL WARNING: [Project 1-532] XML ERROR: Project Option SimulatorInstallDirQuesta has no valid value
CRITICAL WARNING: [Project 1-532] XML ERROR: Project Option SimulatorInstallDirXcelium has no valid value
CRITICAL WARNING: [Project 1-532] XML ERROR: Project Option SimulatorInstallDirVCS has no valid value
CRITICAL WARNING: [Project 1-532] XML ERROR: Project Option SimulatorInstallDirRiviera has no valid value
CRITICAL WARNING: [Project 1-532] XML ERROR: Project Option SimulatorInstallDirActiveHdl has no valid value
CRITICAL WARNING: [Project 1-532] XML ERROR: Project Option SimulatorGccInstallDirModelSim has no valid value
CRITICAL WARNING: [Project 1-532] XML ERROR: Project Option SimulatorGccInstallDirQuesta has no valid value
CRITICAL WARNING: [Project 1-532] XML ERROR: Project Option SimulatorGccInstallDirXcelium has no valid value
CRITICAL WARNING: [Project 1-532] XML ERROR: Project Option SimulatorGccInstallDirVCS has no valid value
CRITICAL WARNING: [Project 1-532] XML ERROR: Project Option SimulatorGccInstallDirRiviera has no valid value
CRITICAL WARNING: [Project 1-532] XML ERROR: Project Option SimulatorGccInstallDirActiveHdl has no valid value
CRITICAL WARNING: [Project 1-505] Unrecognized Option Name SimulatorVersionXsim
CRITICAL WARNING: [Project 1-505] Unrecognized Option Name SimulatorVersionModelSim
CRITICAL WARNING: [Project 1-505] Unrecognized Option Name SimulatorVersionQuesta
CRITICAL WARNING: [Project 1-505] Unrecognized Option Name SimulatorVersionXcelium
CRITICAL WARNING: [Project 1-505] Unrecognized Option Name SimulatorVersionVCS
CRITICAL WARNING: [Project 1-505] Unrecognized Option Name SimulatorVersionRiviera
CRITICAL WARNING: [Project 1-505] Unrecognized Option Name SimulatorVersionActiveHdl
CRITICAL WARNING: [Project 1-505] Unrecognized Option Name SimulatorGccVersionXsim
CRITICAL WARNING: [Project 1-505] Unrecognized Option Name SimulatorGccVersionModelSim
CRITICAL WARNING: [Project 1-505] Unrecognized Option Name SimulatorGccVersionQuesta
CRITICAL WARNING: [Project 1-505] Unrecognized Option Name SimulatorGccVersionXcelium
CRITICAL WARNING: [Project 1-505] Unrecognized Option Name SimulatorGccVersionVCS
CRITICAL WARNING: [Project 1-505] Unrecognized Option Name SimulatorGccVersionRiviera
CRITICAL WARNING: [Project 1-505] Unrecognized Option Name SimulatorGccVersionActiveHdl
WARNING: [filemgmt 56-2] IP Repository Path: Could not find the directory 'C:/Users/Downloads/Nexys-Video-HDMI-hw.xpr/hw/hw.ipdefs/repo', nor could it be found using path 'C:/Users/marko/Downloads/Nexys-Video-HDMI-hw.xpr/hw/hw.ipdefs/repo'.
CRITICAL WARNING: [Project 1-505] Unrecognized Option Name IPDefaultOutputPath
CRITICAL WARNING: [Project 1-505] Unrecognized Option Name EnableResourceEstimation
CRITICAL WARNING: [Project 1-505] Unrecognized Option Name DcpsUptoDate
CRITICAL WARNING: [Project 1-505] Unrecognized Option Name ClassicSocBoot
CRITICAL WARNING: [Project 1-505] Unrecognized Option Name LocalIPRepoLeafDirName
WARNING: [BD 41-1663] The design 'hdmi.bd' cannot be modified due to following reason(s):
* Project is read-only. Please run 'save_project_as' before making any change to the bd-design. 

WARNING: [Project 1-533] File 'C:/Users/Muaz/Documents/MeteorDestroyer/hdmi_ip/hdmi_ip.srcs/sources_1/bd/hdmi/ip/hdmi_v_tc_1_0/hdmi_v_tc_1_0.xci' could not be found in the subdesign 'C:/Users/Muaz/Documents/MeteorDestroyer/hdmi_ip/hdmi_ip.srcs/sources_1/bd/hdmi/hdmi.bd', but fileset 'hdmi_v_tc_1_0' still exists. The fileset and corresponding run(s) will be deleted the next time top-level synthesis is run.
WARNING: [Project 1-533] File 'C:/Users/Muaz/Documents/MeteorDestroyer/hdmi_ip/hdmi_ip.srcs/sources_1/bd/hdmi/ip/hdmi_microblaze_0_axi_intc_0/hdmi_microblaze_0_axi_intc_0.xci' could not be found in the subdesign 'C:/Users/Muaz/Documents/MeteorDestroyer/hdmi_ip/hdmi_ip.srcs/sources_1/bd/hdmi/hdmi.bd', but fileset 'hdmi_microblaze_0_axi_intc_0' still exists. The fileset and corresponding run(s) will be deleted the next time top-level synthesis is run.
WARNING: [Project 1-533] File 'C:/Users/Muaz/Documents/MeteorDestroyer/hdmi_ip/hdmi_ip.srcs/sources_1/bd/hdmi/ip/hdmi_xbar_3/hdmi_xbar_3.xci' could not be found in the subdesign 'C:/Users/Muaz/Documents/MeteorDestroyer/hdmi_ip/hdmi_ip.srcs/sources_1/bd/hdmi/hdmi.bd', but fileset 'hdmi_xbar_3' still exists. The fileset and corresponding run(s) will be deleted the next time top-level synthesis is run.
WARNING: [Project 1-533] File 'C:/Users/Muaz/Documents/MeteorDestroyer/hdmi_ip/hdmi_ip.srcs/sources_1/bd/hdmi/ip/hdmi_microblaze_0_0/hdmi_microblaze_0_0.xci' could not be found in the subdesign 'C:/Users/Muaz/Documents/MeteorDestroyer/hdmi_ip/hdmi_ip.srcs/sources_1/bd/hdmi/hdmi.bd', but fileset 'hdmi_microblaze_0_0' still exists. The fileset and corresponding run(s) will be deleted the next time top-level synthesis is run.
WARNING: [Project 1-533] File 'C:/Users/Muaz/Documents/MeteorDestroyer/hdmi_ip/hdmi_ip.srcs/sources_1/bd/hdmi/ip/hdmi_mdm_1_0/hdmi_mdm_1_0.xci' could not be found in the subdesign 'C:/Users/Muaz/Documents/MeteorDestroyer/hdmi_ip/hdmi_ip.srcs/sources_1/bd/hdmi/hdmi.bd', but fileset 'hdmi_mdm_1_0' still exists. The fileset and corresponding run(s) will be deleted the next time top-level synthesis is run.
WARNING: [Project 1-533] File 'C:/Users/Muaz/Documents/MeteorDestroyer/hdmi_ip/hdmi_ip.srcs/sources_1/bd/hdmi/ip/hdmi_v_tc_0_0/hdmi_v_tc_0_0.xci' could not be found in the subdesign 'C:/Users/Muaz/Documents/MeteorDestroyer/hdmi_ip/hdmi_ip.srcs/sources_1/bd/hdmi/hdmi.bd', but fileset 'hdmi_v_tc_0_0' still exists. The fileset and corresponding run(s) will be deleted the next time top-level synthesis is run.
WARNING: [Project 1-533] File 'C:/Users/Muaz/Documents/MeteorDestroyer/hdmi_ip/hdmi_ip.srcs/sources_1/bd/hdmi/ip/hdmi_v_axi4s_vid_out_0_0/hdmi_v_axi4s_vid_out_0_0.xci' could not be found in the subdesign 'C:/Users/Muaz/Documents/MeteorDestroyer/hdmi_ip/hdmi_ip.srcs/sources_1/bd/hdmi/hdmi.bd', but fileset 'hdmi_v_axi4s_vid_out_0_0' still exists. The fileset and corresponding run(s) will be deleted the next time top-level synthesis is run.
WARNING: [Project 1-533] File 'C:/Users/Muaz/Documents/MeteorDestroyer/hdmi_ip/hdmi_ip.srcs/sources_1/bd/hdmi/ip/hdmi_axi_gpio_video_0/hdmi_axi_gpio_video_0.xci' could not be found in the subdesign 'C:/Users/Muaz/Documents/MeteorDestroyer/hdmi_ip/hdmi_ip.srcs/sources_1/bd/hdmi/hdmi.bd', but fileset 'hdmi_axi_gpio_video_0' still exists. The fileset and corresponding run(s) will be deleted the next time top-level synthesis is run.
WARNING: [Project 1-533] File 'C:/Users/Muaz/Documents/MeteorDestroyer/hdmi_ip/hdmi_ip.srcs/sources_1/bd/hdmi/ip/hdmi_dlmb_bram_if_cntlr_0/hdmi_dlmb_bram_if_cntlr_0.xci' could not be found in the subdesign 'C:/Users/Muaz/Documents/MeteorDestroyer/hdmi_ip/hdmi_ip.srcs/sources_1/bd/hdmi/hdmi.bd', but fileset 'hdmi_dlmb_bram_if_cntlr_0' still exists. The fileset and corresponding run(s) will be deleted the next time top-level synthesis is run.
WARNING: [Project 1-533] File 'C:/Users/Muaz/Documents/MeteorDestroyer/hdmi_ip/hdmi_ip.srcs/sources_1/bd/hdmi/ip/hdmi_xbar_2/hdmi_xbar_2.xci' could not be found in the subdesign 'C:/Users/Muaz/Documents/MeteorDestroyer/hdmi_ip/hdmi_ip.srcs/sources_1/bd/hdmi/hdmi.bd', but fileset 'hdmi_xbar_2' still exists. The fileset and corresponding run(s) will be deleted the next time top-level synthesis is run.
WARNING: [Project 1-533] File 'C:/Users/Muaz/Documents/MeteorDestroyer/hdmi_ip/hdmi_ip.srcs/sources_1/bd/hdmi/ip/hdmi_axi_dynclk_0_0/hdmi_axi_dynclk_0_0.xci' could not be found in the subdesign 'C:/Users/Muaz/Documents/MeteorDestroyer/hdmi_ip/hdmi_ip.srcs/sources_1/bd/hdmi/hdmi.bd', but fileset 'hdmi_axi_dynclk_0_0' still exists. The fileset and corresponding run(s) will be deleted the next time top-level synthesis is run.
WARNING: [Project 1-533] File 'C:/Users/Muaz/Documents/MeteorDestroyer/hdmi_ip/hdmi_ip.srcs/sources_1/bd/hdmi/ip/hdmi_lmb_bram_0/hdmi_lmb_bram_0.xci' could not be found in the subdesign 'C:/Users/Muaz/Documents/MeteorDestroyer/hdmi_ip/hdmi_ip.srcs/sources_1/bd/hdmi/hdmi.bd', but fileset 'hdmi_lmb_bram_0' still exists. The fileset and corresponding run(s) will be deleted the next time top-level synthesis is run.
WARNING: [Project 1-533] File 'C:/Users/Muaz/Documents/MeteorDestroyer/hdmi_ip/hdmi_ip.srcs/sources_1/bd/hdmi/ip/hdmi_rst_mig_7series_0_100M_0/hdmi_rst_mig_7series_0_100M_0.xci' could not be found in the subdesign 'C:/Users/Muaz/Documents/MeteorDestroyer/hdmi_ip/hdmi_ip.srcs/sources_1/bd/hdmi/hdmi.bd', but fileset 'hdmi_rst_mig_7series_0_100M_0' still exists. The fileset and corresponding run(s) will be deleted the next time top-level synthesis is run.
WARNING: [Project 1-533] File 'C:/Users/Muaz/Documents/MeteorDestroyer/hdmi_ip/hdmi_ip.srcs/sources_1/bd/hdmi/ip/hdmi_v_vid_in_axi4s_0_0/hdmi_v_vid_in_axi4s_0_0.xci' could not be found in the subdesign 'C:/Users/Muaz/Documents/MeteorDestroyer/hdmi_ip/hdmi_ip.srcs/sources_1/bd/hdmi/hdmi.bd', but fileset 'hdmi_v_vid_in_axi4s_0_0' still exists. The fileset and corresponding run(s) will be deleted the next time top-level synthesis is run.
WARNING: [Project 1-533] File 'C:/Users/Muaz/Documents/MeteorDestroyer/hdmi_ip/hdmi_ip.srcs/sources_1/bd/hdmi/ip/hdmi_mig_7series_0_0/hdmi_mig_7series_0_0.xci' could not be found in the subdesign 'C:/Users/Muaz/Documents/MeteorDestroyer/hdmi_ip/hdmi_ip.srcs/sources_1/bd/hdmi/hdmi.bd', but fileset 'hdmi_mig_7series_0_0' still exists. The fileset and corresponding run(s) will be deleted the next time top-level synthesis is run.
WARNING: [Project 1-533] File 'C:/Users/Muaz/Documents/MeteorDestroyer/hdmi_ip/hdmi_ip.srcs/sources_1/bd/hdmi/ip/hdmi_ilmb_bram_if_cntlr_0/hdmi_ilmb_bram_if_cntlr_0.xci' could not be found in the subdesign 'C:/Users/Muaz/Documents/MeteorDestroyer/hdmi_ip/hdmi_ip.srcs/sources_1/bd/hdmi/hdmi.bd', but fileset 'hdmi_ilmb_bram_if_cntlr_0' still exists. The fileset and corresponding run(s) will be deleted the next time top-level synthesis is run.
WARNING: [Project 1-533] File 'C:/Users/Muaz/Documents/MeteorDestroyer/hdmi_ip/hdmi_ip.srcs/sources_1/bd/hdmi/ip/hdmi_dlmb_v10_0/hdmi_dlmb_v10_0.xci' could not be found in the subdesign 'C:/Users/Muaz/Documents/MeteorDestroyer/hdmi_ip/hdmi_ip.srcs/sources_1/bd/hdmi/hdmi.bd', but fileset 'hdmi_dlmb_v10_0' still exists. The fileset and corresponding run(s) will be deleted the next time top-level synthesis is run.
WARNING: [Project 1-533] File 'C:/Users/Muaz/Documents/MeteorDestroyer/hdmi_ip/hdmi_ip.srcs/sources_1/bd/hdmi/ip/hdmi_ilmb_v10_0/hdmi_ilmb_v10_0.xci' could not be found in the subdesign 'C:/Users/Muaz/Documents/MeteorDestroyer/hdmi_ip/hdmi_ip.srcs/sources_1/bd/hdmi/hdmi.bd', but fileset 'hdmi_ilmb_v10_0' still exists. The fileset and corresponding run(s) will be deleted the next time top-level synthesis is run.
WARNING: [Project 1-533] File 'C:/Users/Muaz/Documents/MeteorDestroyer/hdmi_ip/hdmi_ip.srcs/sources_1/bd/hdmi/ip/hdmi_rgb2dvi_0_0/hdmi_rgb2dvi_0_0.xci' could not be found in the subdesign 'C:/Users/Muaz/Documents/MeteorDestroyer/hdmi_ip/hdmi_ip.srcs/sources_1/bd/hdmi/hdmi.bd', but fileset 'hdmi_rgb2dvi_0_0' still exists. The fileset and corresponding run(s) will be deleted the next time top-level synthesis is run.
WARNING: [Project 1-533] File 'C:/Users/Muaz/Documents/MeteorDestroyer/hdmi_ip/hdmi_ip.srcs/sources_1/bd/hdmi/ip/hdmi_rst_mig_7series_0_pxl_0/hdmi_rst_mig_7series_0_pxl_0.xci' could not be found in the subdesign 'C:/Users/Muaz/Documents/MeteorDestroyer/hdmi_ip/hdmi_ip.srcs/sources_1/bd/hdmi/hdmi.bd', but fileset 'hdmi_rst_mig_7series_0_pxl_0' still exists. The fileset and corresponding run(s) will be deleted the next time top-level synthesis is run.
WARNING: [Project 1-533] File 'C:/Users/Muaz/Documents/MeteorDestroyer/hdmi_ip/hdmi_ip.srcs/sources_1/bd/hdmi/ip/hdmi_axi_vdma_0_0/hdmi_axi_vdma_0_0.xci' could not be found in the subdesign 'C:/Users/Muaz/Documents/MeteorDestroyer/hdmi_ip/hdmi_ip.srcs/sources_1/bd/hdmi/hdmi.bd', but fileset 'hdmi_axi_vdma_0_0' still exists. The fileset and corresponding run(s) will be deleted the next time top-level synthesis is run.
WARNING: [Project 1-533] File 'C:/Users/Muaz/Documents/MeteorDestroyer/hdmi_ip/hdmi_ip.srcs/sources_1/bd/hdmi/ip/hdmi_axi_timer_0_0/hdmi_axi_timer_0_0.xci' could not be found in the subdesign 'C:/Users/Muaz/Documents/MeteorDestroyer/hdmi_ip/hdmi_ip.srcs/sources_1/bd/hdmi/hdmi.bd', but fileset 'hdmi_axi_timer_0_0' still exists. The fileset and corresponding run(s) will be deleted the next time top-level synthesis is run.
WARNING: [Project 1-533] File 'C:/Users/Muaz/Documents/MeteorDestroyer/hdmi_ip/hdmi_ip.srcs/sources_1/bd/hdmi/ip/hdmi_dvi2rgb_0_0/hdmi_dvi2rgb_0_0.xci' could not be found in the subdesign 'C:/Users/Muaz/Documents/MeteorDestroyer/hdmi_ip/hdmi_ip.srcs/sources_1/bd/hdmi/hdmi.bd', but fileset 'hdmi_dvi2rgb_0_0' still exists. The fileset and corresponding run(s) will be deleted the next time top-level synthesis is run.
WARNING: [Project 1-533] File 'C:/Users/Muaz/Documents/MeteorDestroyer/hdmi_ip/hdmi_ip.srcs/sources_1/bd/hdmi/ip/hdmi_axi_uartlite_0_0/hdmi_axi_uartlite_0_0.xci' could not be found in the subdesign 'C:/Users/Muaz/Documents/MeteorDestroyer/hdmi_ip/hdmi_ip.srcs/sources_1/bd/hdmi/hdmi.bd', but fileset 'hdmi_axi_uartlite_0_0' still exists. The fileset and corresponding run(s) will be deleted the next time top-level synthesis is run.
WARNING: [Project 1-533] File 'C:/Users/Muaz/Documents/MeteorDestroyer/hdmi_ip/hdmi_ip.srcs/sources_1/bd/hdmi/ip/hdmi_auto_ds_0/hdmi_auto_ds_0.xci' could not be found in the subdesign 'C:/Users/Muaz/Documents/MeteorDestroyer/hdmi_ip/hdmi_ip.srcs/sources_1/bd/hdmi/hdmi.bd', but fileset 'hdmi_auto_ds_0' still exists. The fileset and corresponding run(s) will be deleted the next time top-level synthesis is run.
WARNING: [Project 1-533] File 'C:/Users/Muaz/Documents/MeteorDestroyer/hdmi_ip/hdmi_ip.srcs/sources_1/bd/hdmi/ip/hdmi_m00_regslice_0/hdmi_m00_regslice_0.xci' could not be found in the subdesign 'C:/Users/Muaz/Documents/MeteorDestroyer/hdmi_ip/hdmi_ip.srcs/sources_1/bd/hdmi/hdmi.bd', but fileset 'hdmi_m00_regslice_0' still exists. The fileset and corresponding run(s) will be deleted the next time top-level synthesis is run.
WARNING: [Project 1-533] File 'C:/Users/Muaz/Documents/MeteorDestroyer/hdmi_ip/hdmi_ip.srcs/sources_1/bd/hdmi/ip/hdmi_s02_regslice_0/hdmi_s02_regslice_0.xci' could not be found in the subdesign 'C:/Users/Muaz/Documents/MeteorDestroyer/hdmi_ip/hdmi_ip.srcs/sources_1/bd/hdmi/hdmi.bd', but fileset 'hdmi_s02_regslice_0' still exists. The fileset and corresponding run(s) will be deleted the next time top-level synthesis is run.
WARNING: [Project 1-533] File 'C:/Users/Muaz/Documents/MeteorDestroyer/hdmi_ip/hdmi_ip.srcs/sources_1/bd/hdmi/ip/hdmi_s03_regslice_0/hdmi_s03_regslice_0.xci' could not be found in the subdesign 'C:/Users/Muaz/Documents/MeteorDestroyer/hdmi_ip/hdmi_ip.srcs/sources_1/bd/hdmi/hdmi.bd', but fileset 'hdmi_s03_regslice_0' still exists. The fileset and corresponding run(s) will be deleted the next time top-level synthesis is run.
WARNING: [Project 1-533] File 'C:/Users/Muaz/Documents/MeteorDestroyer/hdmi_ip/hdmi_ip.srcs/sources_1/bd/hdmi/ip/hdmi_auto_rs_w_0/hdmi_auto_rs_w_0.xci' could not be found in the subdesign 'C:/Users/Muaz/Documents/MeteorDestroyer/hdmi_ip/hdmi_ip.srcs/sources_1/bd/hdmi/hdmi.bd', but fileset 'hdmi_auto_rs_w_0' still exists. The fileset and corresponding run(s) will be deleted the next time top-level synthesis is run.
WARNING: [Project 1-533] File 'C:/Users/Muaz/Documents/MeteorDestroyer/hdmi_ip/hdmi_ip.srcs/sources_1/bd/hdmi/ip/hdmi_s00_regslice_0/hdmi_s00_regslice_0.xci' could not be found in the subdesign 'C:/Users/Muaz/Documents/MeteorDestroyer/hdmi_ip/hdmi_ip.srcs/sources_1/bd/hdmi/hdmi.bd', but fileset 'hdmi_s00_regslice_0' still exists. The fileset and corresponding run(s) will be deleted the next time top-level synthesis is run.
WARNING: [Project 1-533] File 'C:/Users/Muaz/Documents/MeteorDestroyer/hdmi_ip/hdmi_ip.srcs/sources_1/bd/hdmi/ip/hdmi_auto_us_1/hdmi_auto_us_1.xci' could not be found in the subdesign 'C:/Users/Muaz/Documents/MeteorDestroyer/hdmi_ip/hdmi_ip.srcs/sources_1/bd/hdmi/hdmi.bd', but fileset 'hdmi_auto_us_1' still exists. The fileset and corresponding run(s) will be deleted the next time top-level synthesis is run.
WARNING: [Project 1-533] File 'C:/Users/Muaz/Documents/MeteorDestroyer/hdmi_ip/hdmi_ip.srcs/sources_1/bd/hdmi/ip/hdmi_auto_rs_w_1/hdmi_auto_rs_w_1.xci' could not be found in the subdesign 'C:/Users/Muaz/Documents/MeteorDestroyer/hdmi_ip/hdmi_ip.srcs/sources_1/bd/hdmi/hdmi.bd', but fileset 'hdmi_auto_rs_w_1' still exists. The fileset and corresponding run(s) will be deleted the next time top-level synthesis is run.
WARNING: [Project 1-533] File 'C:/Users/Muaz/Documents/MeteorDestroyer/hdmi_ip/hdmi_ip.srcs/sources_1/bd/hdmi/ip/hdmi_s01_regslice_0/hdmi_s01_regslice_0.xci' could not be found in the subdesign 'C:/Users/Muaz/Documents/MeteorDestroyer/hdmi_ip/hdmi_ip.srcs/sources_1/bd/hdmi/hdmi.bd', but fileset 'hdmi_s01_regslice_0' still exists. The fileset and corresponding run(s) will be deleted the next time top-level synthesis is run.
WARNING: [Project 1-533] File 'C:/Users/Muaz/Documents/MeteorDestroyer/hdmi_ip/hdmi_ip.srcs/sources_1/bd/hdmi/ip/hdmi_auto_us_0/hdmi_auto_us_0.xci' could not be found in the subdesign 'C:/Users/Muaz/Documents/MeteorDestroyer/hdmi_ip/hdmi_ip.srcs/sources_1/bd/hdmi/hdmi.bd', but fileset 'hdmi_auto_us_0' still exists. The fileset and corresponding run(s) will be deleted the next time top-level synthesis is run.
WARNING: [Project 1-533] File 'C:/Users/Muaz/Documents/MeteorDestroyer/hdmi_ip/hdmi_ip.srcs/sources_1/bd/hdmi/ip/hdmi_auto_rs_w_2/hdmi_auto_rs_w_2.xci' could not be found in the subdesign 'C:/Users/Muaz/Documents/MeteorDestroyer/hdmi_ip/hdmi_ip.srcs/sources_1/bd/hdmi/hdmi.bd', but fileset 'hdmi_auto_rs_w_2' still exists. The fileset and corresponding run(s) will be deleted the next time top-level synthesis is run.
WARNING: [Project 1-231] Project 'hdmi_ip.xpr' was created with a future version and may or may not perform reliably with this version of Vivado. It has been opened in read-only mode for the protection of unrecognized data. Use 'File | Save Project As...' if you wish to alter a copy of the project.
INFO: [IP_Flow 19-234] Refreshing IP repositories
WARNING: [IP_Flow 19-2248] Failed to load user IP repository 'c:/Users/Downloads/Nexys-Video-HDMI-hw.xpr/hw/hw.ipdefs/repo'; Can't find the specified path.
If this directory should no longer be in your list of user repositories, go to the IP Settings dialog and remove it.
INFO: [IP_Flow 19-2313] Loaded Vivado IP repository 'C:/Xilinx/Vivado/2018.3/data/ip'.
ERROR: [Common 17-39] 'open_project' failed due to earlier errors.
update_compile_order -fileset sources_1
open_bd_design {C:/Users/Muaz/Documents/MeteorDestroyer/hdmi_ip/hdmi_ip.srcs/sources_1/bd/hdmi/hdmi.bd}
CRITICAL WARNING: [BD 41-52] Could not find the abstraction definition specified by the vlnv: digilentinc.com:interface:tmds_rtl:1.0 
CRITICAL WARNING: [BD 41-181] Type specified by the VLNV: 'digilentinc.com:interface:tmds_rtl:1.0', cannot be found. Interface port: 'TMDS_IN' cannot be created
CRITICAL WARNING: [BD 41-52] Could not find the abstraction definition specified by the vlnv: digilentinc.com:interface:tmds_rtl:1.0 
CRITICAL WARNING: [BD 41-181] Type specified by the VLNV: 'digilentinc.com:interface:tmds_rtl:1.0', cannot be found. Interface port: 'TMDS_OUT' cannot be created
WARNING: [BD 41-1284] Cannot set parameter FREQ_TOLERANCE_HZ on port /sys_clk_i
Adding cell -- digilentinc.com:ip:axi_dynclk:1.2 - axi_dynclk_0
INFO: [BD 41-434] Could not find an IP with XCI file by name: hdmi_axi_dynclk_0_0 
ERROR: [BD 41-50] Could not find an IP with the given vlnv: digilentinc.com:ip:axi_dynclk:1.2 
ERROR: [BD 41-595] Failed to add BD cell <axi_dynclk_0>
Adding cell -- xilinx.com:ip:lmb_bram_if_cntlr:4.0 - dlmb_bram_if_cntlr
INFO: [BD 41-434] Could not find an IP with XCI file by name: hdmi_dlmb_bram_if_cntlr_0 
WARNING: [IP_Flow 19-2162] IP 'hdmi_dlmb_bram_if_cntlr_0' is locked:
* Project containing IP 'hdmi_dlmb_bram_if_cntlr_0' is read-only.
Please select 'Report IP Status' from the 'Tools/Report' menu or run Tcl command 'report_ip_status' for more information.
Adding cell -- xilinx.com:ip:lmb_v10:3.0 - dlmb_v10
INFO: [BD 41-434] Could not find an IP with XCI file by name: hdmi_dlmb_v10_0 
WARNING: [IP_Flow 19-2162] IP 'hdmi_dlmb_v10_0' is locked:
* Project containing IP 'hdmi_dlmb_v10_0' is read-only.
Please select 'Report IP Status' from the 'Tools/Report' menu or run Tcl command 'report_ip_status' for more information.
Adding cell -- xilinx.com:ip:lmb_bram_if_cntlr:4.0 - ilmb_bram_if_cntlr
INFO: [BD 41-434] Could not find an IP with XCI file by name: hdmi_ilmb_bram_if_cntlr_0 
WARNING: [IP_Flow 19-2162] IP 'hdmi_ilmb_bram_if_cntlr_0' is locked:
* Project containing IP 'hdmi_ilmb_bram_if_cntlr_0' is read-only.
Please select 'Report IP Status' from the 'Tools/Report' menu or run Tcl command 'report_ip_status' for more information.
Adding cell -- xilinx.com:ip:lmb_v10:3.0 - ilmb_v10
INFO: [BD 41-434] Could not find an IP with XCI file by name: hdmi_ilmb_v10_0 
WARNING: [IP_Flow 19-2162] IP 'hdmi_ilmb_v10_0' is locked:
* Project containing IP 'hdmi_ilmb_v10_0' is read-only.
Please select 'Report IP Status' from the 'Tools/Report' menu or run Tcl command 'report_ip_status' for more information.
Adding cell -- xilinx.com:ip:blk_mem_gen:8.4 - lmb_bram
INFO: [BD 41-434] Could not find an IP with XCI file by name: hdmi_lmb_bram_0 
INFO: [Device 21-403] Loading part xc7a200tsbg484-1
WARNING: [IP_Flow 19-2162] IP 'hdmi_lmb_bram_0' is locked:
* Project containing IP 'hdmi_lmb_bram_0' is read-only.
Please select 'Report IP Status' from the 'Tools/Report' menu or run Tcl command 'report_ip_status' for more information.
CRITICAL WARNING: [BD 41-2161] Unable to find interface <BRAM_PORTB> in cell <lmb_bram> while setting up interface connections during loading of BD file.
Adding cell -- xilinx.com:ip:xlconcat:2.1 - microblaze_0_xlconcat
INFO: [BD 41-434] Could not find an IP with XCI file by name: hdmi_microblaze_0_xlconcat_0 
WARNING: [IP_Flow 19-2162] IP 'hdmi_microblaze_0_xlconcat_0' is locked:
* Project containing IP 'hdmi_microblaze_0_xlconcat_0' is read-only.
Please select 'Report IP Status' from the 'Tools/Report' menu or run Tcl command 'report_ip_status' for more information.
Adding cell -- xilinx.com:ip:mig_7series:4.2 - mig_7series_0
INFO: [BD 41-434] Could not find an IP with XCI file by name: hdmi_mig_7series_0_0 
WARNING: [IP_Flow 19-2162] IP 'hdmi_mig_7series_0_0' is locked:
* Project containing IP 'hdmi_mig_7series_0_0' is read-only.
Please select 'Report IP Status' from the 'Tools/Report' menu or run Tcl command 'report_ip_status' for more information.
Adding cell -- digilentinc.com:ip:rgb2dvi:1.4 - rgb2dvi_0
INFO: [BD 41-434] Could not find an IP with XCI file by name: hdmi_rgb2dvi_0_0 
ERROR: [BD 41-50] Could not find an IP with the given vlnv: digilentinc.com:ip:rgb2dvi:1.4 
ERROR: [BD 41-595] Failed to add BD cell <rgb2dvi_0>
Adding cell -- xilinx.com:ip:proc_sys_reset:5.0 - rst_mig_7series_0_100M
INFO: [BD 41-434] Could not find an IP with XCI file by name: hdmi_rst_mig_7series_0_100M_0 
WARNING: [IP_Flow 19-2162] IP 'hdmi_rst_mig_7series_0_100M_0' is locked:
* Project containing IP 'hdmi_rst_mig_7series_0_100M_0' is read-only.
Please select 'Report IP Status' from the 'Tools/Report' menu or run Tcl command 'report_ip_status' for more information.
Adding cell -- xilinx.com:ip:proc_sys_reset:5.0 - rst_mig_7series_0_pxl
INFO: [BD 41-434] Could not find an IP with XCI file by name: hdmi_rst_mig_7series_0_pxl_0 
WARNING: [IP_Flow 19-2162] IP 'hdmi_rst_mig_7series_0_pxl_0' is locked:
* Project containing IP 'hdmi_rst_mig_7series_0_pxl_0' is read-only.
Please select 'Report IP Status' from the 'Tools/Report' menu or run Tcl command 'report_ip_status' for more information.
Adding cell -- xilinx.com:ip:xlconstant:1.1 - xlconstant_0
INFO: [BD 41-434] Could not find an IP with XCI file by name: hdmi_xlconstant_0_0 
WARNING: [IP_Flow 19-2162] IP 'hdmi_xlconstant_0_0' is locked:
* Project containing IP 'hdmi_xlconstant_0_0' is read-only.
Please select 'Report IP Status' from the 'Tools/Report' menu or run Tcl command 'report_ip_status' for more information.
Adding cell -- xilinx.com:ip:v_vid_in_axi4s:5.0 - v_vid_in_axi4s_0
INFO: [BD 41-434] Could not find an IP with XCI file by name: hdmi_v_vid_in_axi4s_0_0 
ERROR: [BD 41-50] Could not find an IP with the given vlnv: xilinx.com:ip:v_vid_in_axi4s:5.0 
ERROR: [BD 41-595] Failed to add BD cell <v_vid_in_axi4s_0>
Adding cell -- xilinx.com:ip:axi_gpio:2.0 - axi_gpio_video
INFO: [BD 41-434] Could not find an IP with XCI file by name: hdmi_axi_gpio_video_0 
WARNING: [IP_Flow 19-2162] IP 'hdmi_axi_gpio_video_0' is locked:
* Project containing IP 'hdmi_axi_gpio_video_0' is read-only.
Please select 'Report IP Status' from the 'Tools/Report' menu or run Tcl command 'report_ip_status' for more information.
Adding cell -- xilinx.com:ip:axi_interconnect:2.1 - axi_mem_intercon
INFO: [BD 41-434] Could not find an IP with XCI file by name: hdmi_axi_mem_intercon_0 
WARNING: [IP_Flow 19-2162] IP 'hdmi_axi_mem_intercon_0' is locked:
* Project containing IP 'hdmi_axi_mem_intercon_0' is read-only.
Please select 'Report IP Status' from the 'Tools/Report' menu or run Tcl command 'report_ip_status' for more information.
Adding cell -- xilinx.com:ip:axi_crossbar:2.1 - xbar
INFO: [BD 41-434] Could not find an IP with XCI file by name: hdmi_xbar_2 
WARNING: [IP_Flow 19-2162] IP 'hdmi_xbar_0' is locked:
* Project containing IP 'hdmi_xbar_0' is read-only.
Please select 'Report IP Status' from the 'Tools/Report' menu or run Tcl command 'report_ip_status' for more information.
Adding cell -- xilinx.com:ip:axi_register_slice:2.1 - s00_regslice
INFO: [BD 41-434] Could not find an IP with XCI file by name: hdmi_s00_regslice_0 
WARNING: [IP_Flow 19-2162] IP 'hdmi_s00_regslice_0' is locked:
* Project containing IP 'hdmi_s00_regslice_0' is read-only.
Please select 'Report IP Status' from the 'Tools/Report' menu or run Tcl command 'report_ip_status' for more information.
Adding cell -- xilinx.com:ip:axi_dwidth_converter:2.1 - auto_us
INFO: [BD 41-434] Could not find an IP with XCI file by name: hdmi_auto_us_0 
WARNING: [IP_Flow 19-2162] IP 'hdmi_auto_us_0' is locked:
* Project containing IP 'hdmi_auto_us_0' is read-only.
Please select 'Report IP Status' from the 'Tools/Report' menu or run Tcl command 'report_ip_status' for more information.
Adding cell -- xilinx.com:ip:axi_register_slice:2.1 - auto_rs_w
INFO: [BD 41-434] Could not find an IP with XCI file by name: hdmi_auto_rs_w_1 
WARNING: [IP_Flow 19-2162] IP 'hdmi_auto_rs_w_0' is locked:
* Project containing IP 'hdmi_auto_rs_w_0' is read-only.
Please select 'Report IP Status' from the 'Tools/Report' menu or run Tcl command 'report_ip_status' for more information.
Adding cell -- xilinx.com:ip:axi_register_slice:2.1 - s01_regslice
INFO: [BD 41-434] Could not find an IP with XCI file by name: hdmi_s01_regslice_0 
WARNING: [IP_Flow 19-2162] IP 'hdmi_s01_regslice_0' is locked:
* Project containing IP 'hdmi_s01_regslice_0' is read-only.
Please select 'Report IP Status' from the 'Tools/Report' menu or run Tcl command 'report_ip_status' for more information.
Adding cell -- xilinx.com:ip:axi_dwidth_converter:2.1 - auto_us
INFO: [BD 41-434] Could not find an IP with XCI file by name: hdmi_auto_us_1 
WARNING: [IP_Flow 19-2162] IP 'hdmi_auto_us_1' is locked:
* Project containing IP 'hdmi_auto_us_1' is read-only.
Please select 'Report IP Status' from the 'Tools/Report' menu or run Tcl command 'report_ip_status' for more information.
Adding cell -- xilinx.com:ip:axi_register_slice:2.1 - auto_rs_w
INFO: [BD 41-434] Could not find an IP with XCI file by name: hdmi_auto_rs_w_2 
WARNING: [IP_Flow 19-2162] IP 'hdmi_auto_rs_w_1' is locked:
* Project containing IP 'hdmi_auto_rs_w_1' is read-only.
Please select 'Report IP Status' from the 'Tools/Report' menu or run Tcl command 'report_ip_status' for more information.
Adding cell -- xilinx.com:ip:axi_register_slice:2.1 - s02_regslice
INFO: [BD 41-434] Could not find an IP with XCI file by name: hdmi_s02_regslice_0 
WARNING: [IP_Flow 19-2162] IP 'hdmi_s02_regslice_0' is locked:
* Project containing IP 'hdmi_s02_regslice_0' is read-only.
Please select 'Report IP Status' from the 'Tools/Report' menu or run Tcl command 'report_ip_status' for more information.
Adding cell -- xilinx.com:ip:axi_register_slice:2.1 - s03_regslice
INFO: [BD 41-434] Could not find an IP with XCI file by name: hdmi_s03_regslice_0 
WARNING: [IP_Flow 19-2162] IP 'hdmi_s03_regslice_0' is locked:
* Project containing IP 'hdmi_s03_regslice_0' is read-only.
Please select 'Report IP Status' from the 'Tools/Report' menu or run Tcl command 'report_ip_status' for more information.
Adding cell -- xilinx.com:ip:axi_register_slice:2.1 - m00_regslice
INFO: [BD 41-434] Could not find an IP with XCI file by name: hdmi_m00_regslice_0 
WARNING: [IP_Flow 19-2162] IP 'hdmi_m00_regslice_0' is locked:
* Project containing IP 'hdmi_m00_regslice_0' is read-only.
Please select 'Report IP Status' from the 'Tools/Report' menu or run Tcl command 'report_ip_status' for more information.
Adding cell -- xilinx.com:ip:axi_dwidth_converter:2.1 - auto_ds
INFO: [BD 41-434] Could not find an IP with XCI file by name: hdmi_auto_ds_0 
WARNING: [IP_Flow 19-2162] IP 'hdmi_auto_ds_0' is locked:
* Project containing IP 'hdmi_auto_ds_0' is read-only.
Please select 'Report IP Status' from the 'Tools/Report' menu or run Tcl command 'report_ip_status' for more information.
Adding cell -- xilinx.com:ip:axi_register_slice:2.1 - auto_rs_w
WARNING: [IP_Flow 19-2162] IP 'hdmi_auto_rs_w_2' is locked:
* Project containing IP 'hdmi_auto_rs_w_2' is read-only.
Please select 'Report IP Status' from the 'Tools/Report' menu or run Tcl command 'report_ip_status' for more information.
CRITICAL WARNING: [BD 41-2161] Unable to find interface <S01_AXI> in cell <xbar> while setting up interface connections during loading of BD file.
CRITICAL WARNING: [BD 41-2161] Unable to find interface <S02_AXI> in cell <xbar> while setting up interface connections during loading of BD file.
CRITICAL WARNING: [BD 41-2161] Unable to find interface <S03_AXI> in cell <xbar> while setting up interface connections during loading of BD file.
Adding cell -- xilinx.com:ip:axi_timer:2.0 - axi_timer_0
INFO: [BD 41-434] Could not find an IP with XCI file by name: hdmi_axi_timer_0_0 
WARNING: [IP_Flow 19-2162] IP 'hdmi_axi_timer_0_0' is locked:
* Project containing IP 'hdmi_axi_timer_0_0' is read-only.
Please select 'Report IP Status' from the 'Tools/Report' menu or run Tcl command 'report_ip_status' for more information.
Adding cell -- xilinx.com:ip:axi_uartlite:2.0 - axi_uartlite_0
INFO: [BD 41-434] Could not find an IP with XCI file by name: hdmi_axi_uartlite_0_0 
WARNING: [IP_Flow 19-2162] IP 'hdmi_axi_uartlite_0_0' is locked:
* Project containing IP 'hdmi_axi_uartlite_0_0' is read-only.
Please select 'Report IP Status' from the 'Tools/Report' menu or run Tcl command 'report_ip_status' for more information.
Adding cell -- xilinx.com:ip:axi_vdma:6.3 - axi_vdma_0
INFO: [BD 41-434] Could not find an IP with XCI file by name: hdmi_axi_vdma_0_0 
WARNING: [IP_Flow 19-2162] IP 'hdmi_axi_vdma_0_0' is locked:
* Project containing IP 'hdmi_axi_vdma_0_0' is read-only.
Please select 'Report IP Status' from the 'Tools/Report' menu or run Tcl command 'report_ip_status' for more information.
Adding cell -- digilentinc.com:ip:dvi2rgb:2.0 - dvi2rgb_0
INFO: [BD 41-434] Could not find an IP with XCI file by name: hdmi_dvi2rgb_0_0 
ERROR: [BD 41-50] Could not find an IP with the given vlnv: digilentinc.com:ip:dvi2rgb:2.0 
ERROR: [BD 41-595] Failed to add BD cell <dvi2rgb_0>
Adding cell -- xilinx.com:ip:mdm:3.2 - mdm_1
INFO: [BD 41-434] Could not find an IP with XCI file by name: hdmi_mdm_1_0 
WARNING: [IP_Flow 19-2162] IP 'hdmi_mdm_1_0' is locked:
* Project containing IP 'hdmi_mdm_1_0' is read-only.
Please select 'Report IP Status' from the 'Tools/Report' menu or run Tcl command 'report_ip_status' for more information.
Adding cell -- xilinx.com:ip:microblaze:11.0 - microblaze_0
INFO: [BD 41-434] Could not find an IP with XCI file by name: hdmi_microblaze_0_0 
WARNING: [IP_Flow 19-2162] IP 'hdmi_microblaze_0_0' is locked:
* Project containing IP 'hdmi_microblaze_0_0' is read-only.
Please select 'Report IP Status' from the 'Tools/Report' menu or run Tcl command 'report_ip_status' for more information.
Adding cell -- xilinx.com:ip:axi_intc:4.1 - microblaze_0_axi_intc
INFO: [BD 41-434] Could not find an IP with XCI file by name: hdmi_microblaze_0_axi_intc_0 
WARNING: [IP_Flow 19-2162] IP 'hdmi_microblaze_0_axi_intc_0' is locked:
* Project containing IP 'hdmi_microblaze_0_axi_intc_0' is read-only.
Please select 'Report IP Status' from the 'Tools/Report' menu or run Tcl command 'report_ip_status' for more information.
Adding cell -- xilinx.com:ip:axi_interconnect:2.1 - microblaze_0_axi_periph
INFO: [BD 41-434] Could not find an IP with XCI file by name: hdmi_microblaze_0_axi_periph_0 
WARNING: [IP_Flow 19-2162] IP 'hdmi_microblaze_0_axi_periph_0' is locked:
* Project containing IP 'hdmi_microblaze_0_axi_periph_0' is read-only.
Please select 'Report IP Status' from the 'Tools/Report' menu or run Tcl command 'report_ip_status' for more information.
Adding cell -- xilinx.com:ip:axi_crossbar:2.1 - xbar
INFO: [BD 41-434] Could not find an IP with XCI file by name: hdmi_xbar_3 
WARNING: [IP_Flow 19-2162] IP 'hdmi_xbar_1' is locked:
* Project containing IP 'hdmi_xbar_1' is read-only.
Please select 'Report IP Status' from the 'Tools/Report' menu or run Tcl command 'report_ip_status' for more information.
CRITICAL WARNING: [BD 41-2161] Unable to find interface <M02_AXI> in cell <xbar> while setting up interface connections during loading of BD file.
CRITICAL WARNING: [BD 41-2161] Unable to find interface <M03_AXI> in cell <xbar> while setting up interface connections during loading of BD file.
CRITICAL WARNING: [BD 41-2161] Unable to find interface <M04_AXI> in cell <xbar> while setting up interface connections during loading of BD file.
CRITICAL WARNING: [BD 41-2161] Unable to find interface <M05_AXI> in cell <xbar> while setting up interface connections during loading of BD file.
CRITICAL WARNING: [BD 41-2161] Unable to find interface <M06_AXI> in cell <xbar> while setting up interface connections during loading of BD file.
CRITICAL WARNING: [BD 41-2161] Unable to find interface <M07_AXI> in cell <xbar> while setting up interface connections during loading of BD file.
Adding cell -- xilinx.com:ip:v_axi4s_vid_out:4.0 - v_axi4s_vid_out_0
INFO: [BD 41-434] Could not find an IP with XCI file by name: hdmi_v_axi4s_vid_out_0_0 
WARNING: [IP_Flow 19-2162] IP 'hdmi_v_axi4s_vid_out_0_0' is locked:
* Project containing IP 'hdmi_v_axi4s_vid_out_0_0' is read-only.
Please select 'Report IP Status' from the 'Tools/Report' menu or run Tcl command 'report_ip_status' for more information.
Adding cell -- xilinx.com:ip:v_tc:6.2 - v_tc_0
INFO: [BD 41-434] Could not find an IP with XCI file by name: hdmi_v_tc_0_0 
ERROR: [BD 41-50] Could not find an IP with the given vlnv: xilinx.com:ip:v_tc:6.2 
ERROR: [BD 41-595] Failed to add BD cell <v_tc_0>
Adding cell -- xilinx.com:ip:v_tc:6.2 - v_tc_1
INFO: [BD 41-434] Could not find an IP with XCI file by name: hdmi_v_tc_1_0 
ERROR: [BD 41-50] Could not find an IP with the given vlnv: xilinx.com:ip:v_tc:6.2 
ERROR: [BD 41-595] Failed to add BD cell <v_tc_1>
CRITICAL WARNING: [BD 41-2161] Unable to find interface <TMDS_IN> in cell <> while setting up interface connections during loading of BD file.
CRITICAL WARNING: [BD 41-2160] Unable to find cell <dvi2rgb_0> while setting up interface connections during loading of BD file.
CRITICAL WARNING: [BD 41-2161] Unable to find interface <S_AXI> in cell <mig_7series_0> while setting up interface connections during loading of BD file.
CRITICAL WARNING: [BD 41-2160] Unable to find cell <dvi2rgb_0> while setting up interface connections during loading of BD file.
CRITICAL WARNING: [BD 41-2160] Unable to find cell <dvi2rgb_0> while setting up interface connections during loading of BD file.
CRITICAL WARNING: [BD 41-2160] Unable to find cell <v_vid_in_axi4s_0> while setting up interface connections during loading of BD file.
CRITICAL WARNING: [BD 41-2161] Unable to find interface <M_AXI_DC> in cell <microblaze_0> while setting up interface connections during loading of BD file.
CRITICAL WARNING: [BD 41-2161] Unable to find interface <M_AXI_IC> in cell <microblaze_0> while setting up interface connections during loading of BD file.
CRITICAL WARNING: [BD 41-2161] Unable to find interface <M_AXI_DP> in cell <microblaze_0> while setting up interface connections during loading of BD file.
CRITICAL WARNING: [BD 41-2160] Unable to find cell <v_tc_0> while setting up interface connections during loading of BD file.
CRITICAL WARNING: [BD 41-2160] Unable to find cell <axi_dynclk_0> while setting up interface connections during loading of BD file.
CRITICAL WARNING: [BD 41-2160] Unable to find cell <v_tc_1> while setting up interface connections during loading of BD file.
CRITICAL WARNING: [BD 41-2161] Unable to find interface <DDR3> in cell <mig_7series_0> while setting up interface connections during loading of BD file.
CRITICAL WARNING: [BD 41-2161] Unable to find interface <TMDS_OUT> in cell <> while setting up interface connections during loading of BD file.
CRITICAL WARNING: [BD 41-2160] Unable to find cell <rgb2dvi_0> while setting up interface connections during loading of BD file.
CRITICAL WARNING: [BD 41-2160] Unable to find cell <rgb2dvi_0> while setting up interface connections during loading of BD file.
CRITICAL WARNING: [BD 41-2160] Unable to find cell <v_tc_0> while setting up interface connections during loading of BD file.
CRITICAL WARNING: [BD 41-2160] Unable to find cell <v_vid_in_axi4s_0> while setting up interface connections during loading of BD file.
CRITICAL WARNING: [BD 41-2160] Unable to find cell <v_tc_1> while setting up interface connections during loading of BD file.
CRITICAL WARNING: [BD 41-2160] Unable to find cell <v_vid_in_axi4s_0> while setting up interface connections during loading of BD file.
CRITICAL WARNING: [BD 41-2164] Unable to find cell <axi_dynclk_0> while setting up net connections during loading of BD file.
CRITICAL WARNING: [BD 41-2164] Unable to find cell <rgb2dvi_0> while setting up net connections during loading of BD file.
CRITICAL WARNING: [BD 41-2164] Unable to find cell <axi_dynclk_0> while setting up net connections during loading of BD file.
CRITICAL WARNING: [BD 41-2164] Unable to find cell <rgb2dvi_0> while setting up net connections during loading of BD file.
CRITICAL WARNING: [BD 41-2164] Unable to find cell <v_tc_0> while setting up net connections during loading of BD file.
CRITICAL WARNING: [BD 41-2162] Unable to find pin <ip2intc_irpt> in cell <axi_gpio_video> while setting up net connections during loading of BD file.
CRITICAL WARNING: [BD 41-2162] Unable to find pin <In4> in cell <microblaze_0_xlconcat> while setting up net connections during loading of BD file.
CRITICAL WARNING: [BD 41-2162] Unable to find pin <In5> in cell <microblaze_0_xlconcat> while setting up net connections during loading of BD file.
CRITICAL WARNING: [BD 41-2164] Unable to find cell <dvi2rgb_0> while setting up net connections during loading of BD file.
CRITICAL WARNING: [BD 41-2164] Unable to find cell <v_vid_in_axi4s_0> while setting up net connections during loading of BD file.
CRITICAL WARNING: [BD 41-2164] Unable to find cell <v_tc_1> while setting up net connections during loading of BD file.
CRITICAL WARNING: [BD 41-2164] Unable to find cell <dvi2rgb_0> while setting up net connections during loading of BD file.
CRITICAL WARNING: [BD 41-2162] Unable to find pin <gpio2_io_i> in cell <axi_gpio_video> while setting up net connections during loading of BD file.
CRITICAL WARNING: [BD 41-2162] Unable to find pin <mmcm_locked> in cell <mig_7series_0> while setting up net connections during loading of BD file.
CRITICAL WARNING: [BD 41-2164] Unable to find cell <dvi2rgb_0> while setting up net connections during loading of BD file.
CRITICAL WARNING: [BD 41-2162] Unable to find pin <ui_addn_clk_0> in cell <mig_7series_0> while setting up net connections during loading of BD file.
CRITICAL WARNING: [BD 41-2164] Unable to find cell <v_vid_in_axi4s_0> while setting up net connections during loading of BD file.
CRITICAL WARNING: [BD 41-2162] Unable to find pin <ui_addn_clk_1> in cell <mig_7series_0> while setting up net connections during loading of BD file.
CRITICAL WARNING: [BD 41-2162] Unable to find pin <clk_ref_i> in cell <mig_7series_0> while setting up net connections during loading of BD file.
CRITICAL WARNING: [BD 41-2164] Unable to find cell <dvi2rgb_0> while setting up net connections during loading of BD file.
CRITICAL WARNING: [BD 41-2162] Unable to find pin <ui_clk> in cell <mig_7series_0> while setting up net connections during loading of BD file.
CRITICAL WARNING: [BD 41-2164] Unable to find cell <axi_dynclk_0> while setting up net connections during loading of BD file.
CRITICAL WARNING: [BD 41-2164] Unable to find cell <axi_dynclk_0> while setting up net connections during loading of BD file.
CRITICAL WARNING: [BD 41-2162] Unable to find pin <processor_clk> in cell <microblaze_0_axi_intc> while setting up net connections during loading of BD file.
CRITICAL WARNING: [BD 41-2164] Unable to find cell <v_tc_0> while setting up net connections during loading of BD file.
CRITICAL WARNING: [BD 41-2164] Unable to find cell <v_tc_1> while setting up net connections during loading of BD file.
CRITICAL WARNING: [BD 41-2162] Unable to find pin <ui_clk_sync_rst> in cell <mig_7series_0> while setting up net connections during loading of BD file.
CRITICAL WARNING: [BD 41-2162] Unable to find pin <processor_rst> in cell <microblaze_0_axi_intc> while setting up net connections during loading of BD file.
CRITICAL WARNING: [BD 41-2164] Unable to find cell <axi_dynclk_0> while setting up net connections during loading of BD file.
CRITICAL WARNING: [BD 41-2162] Unable to find pin <aresetn> in cell <mig_7series_0> while setting up net connections during loading of BD file.
CRITICAL WARNING: [BD 41-2164] Unable to find cell <v_tc_0> while setting up net connections during loading of BD file.
CRITICAL WARNING: [BD 41-2164] Unable to find cell <v_tc_1> while setting up net connections during loading of BD file.
CRITICAL WARNING: [BD 41-2164] Unable to find cell <v_tc_1> while setting up net connections during loading of BD file.
CRITICAL WARNING: [BD 41-2164] Unable to find cell <v_vid_in_axi4s_0> while setting up net connections during loading of BD file.
CRITICAL WARNING: [BD 41-2162] Unable to find pin <sys_clk_i> in cell <mig_7series_0> while setting up net connections during loading of BD file.
CRITICAL WARNING: [BD 41-2164] Unable to find cell <v_tc_0> while setting up net connections during loading of BD file.
CRITICAL WARNING: [BD 41-2162] Unable to find pin <In2> in cell <microblaze_0_xlconcat> while setting up net connections during loading of BD file.
CRITICAL WARNING: [BD 41-2164] Unable to find cell <v_tc_1> while setting up net connections during loading of BD file.
CRITICAL WARNING: [BD 41-2162] Unable to find pin <In3> in cell <microblaze_0_xlconcat> while setting up net connections during loading of BD file.
CRITICAL WARNING: [BD 41-1289] Cannot find Address Block </mig_7series_0/memmap/memaddr>. Cannot create segment <SEG_mig_7series_0_memaddr> at <0x80000000 [ 512M ]> in Address Space </axi_vdma_0/Data_MM2S>.
WARNING: [BD 41-705] Could not load assignment of </mig_7series_0/memmap/memaddr> into address space <Data_MM2S>
CRITICAL WARNING: [BD 41-1289] Cannot find Address Block </mig_7series_0/memmap/memaddr>. Cannot create segment <SEG_mig_7series_0_memaddr> at <0x80000000 [ 512M ]> in Address Space </axi_vdma_0/Data_S2MM>.
WARNING: [BD 41-705] Could not load assignment of </mig_7series_0/memmap/memaddr> into address space <Data_S2MM>
WARNING: [BD 41-705] Could not load assignment of </axi_dynclk_0/S_AXI_LITE/S_AXI_LITE_reg> into address space <Data>
CRITICAL WARNING: [BD 41-1289] Cannot find Address Block </mig_7series_0/memmap/memaddr>. Cannot create segment <SEG_mig_7series_0_memaddr> at <0x80000000 [ 512M ]> in Address Space </microblaze_0/Data>.
WARNING: [BD 41-705] Could not load assignment of </mig_7series_0/memmap/memaddr> into address space <Data>
WARNING: [BD 41-705] Could not load assignment of </v_tc_0/ctrl/Reg> into address space <Data>
WARNING: [BD 41-705] Could not load assignment of </v_tc_1/ctrl/Reg> into address space <Data>
CRITICAL WARNING: [BD 41-1289] Cannot find Address Block </mig_7series_0/memmap/memaddr>. Cannot create segment <SEG_mig_7series_0_memaddr> at <0x80000000 [ 512M ]> in Address Space </microblaze_0/Instruction>.
WARNING: [BD 41-705] Could not load assignment of </mig_7series_0/memmap/memaddr> into address space <Instruction>
ERROR: [BD 41-425] Failed to read Diagram <hdmi> from BD file <C:/Users/Muaz/Documents/MeteorDestroyer/hdmi_ip/hdmi_ip.srcs/sources_1/bd/hdmi/hdmi.bd>
open_bd_design: Time (s): cpu = 00:00:11 ; elapsed = 00:00:11 . Memory (MB): peak = 1129.215 ; gain = 409.812
ERROR: [Common 17-39] 'open_bd_design' failed due to earlier errors.
close_project
open_project C:/Users/Muaz/Documents/MeteorDestroyer/Parser/Parser.xpr
Scanning sources...
Finished scanning sources
INFO: [IP_Flow 19-234] Refreshing IP repositories
INFO: [IP_Flow 19-1700] Loaded user IP repository 'c:/Users/Muaz/Documents/MeteorDestroyer/Parser/Parser.srcs/sources_1/localization'.
INFO: [IP_Flow 19-1700] Loaded user IP repository 'c:/Users/Muaz/Documents/MeteorDestroyer/Parser/Parser.srcs/sources_1/new'.
INFO: [IP_Flow 19-2313] Loaded Vivado IP repository 'C:/Xilinx/Vivado/2018.3/data/ip'.
update_compile_order -fileset sources_1
open_bd_design {C:/Users/Muaz/Documents/MeteorDestroyer/Parser/Parser.srcs/sources_1/bd/parser/parser.bd}
Adding cell -- xilinx.com:ip:clk_wiz:6.0 - clk_wiz_0
Adding cell -- xilinx.com:ip:ila:6.2 - ila_0
INFO: [xilinx.com:ip:ila:6.2-6] /ila_0: Xilinx recommends using the System ILA IP in IP Integrator. The System ILA IP is functionally equivalent to an ILA and offers additional benefits in debugging interfaces both within IP Integrator and the Hardware Manager. Consult the Programming and Debug User Guide UG908 for further details.
Adding cell -- xilinx.com:ip:xlslice:1.0 - xlslice_3
Adding cell -- xilinx.com:ip:xlslice:1.0 - xlslice_4
Adding cell -- xilinx.com:ip:xlslice:1.0 - xlslice_5
Adding cell -- xilinx.com:ip:xlslice:1.0 - xlslice_6
Adding cell -- xilinx.com:ip:xlslice:1.0 - xlslice_7
Adding cell -- xilinx.com:ip:xlslice:1.0 - xlslice_8
Adding cell -- xilinx.com:user:object_localizer:1.0 - object_localizer_0
Adding cell -- xilinx.com:user:array_parser:1.0 - array_parser_1
Successfully read diagram <parser> from BD file <C:/Users/Muaz/Documents/MeteorDestroyer/Parser/Parser.srcs/sources_1/bd/parser/parser.bd>
open_bd_design: Time (s): cpu = 00:00:07 ; elapsed = 00:00:05 . Memory (MB): peak = 1545.250 ; gain = 76.203
exit
INFO: [Common 17-206] Exiting Vivado at Mon Mar 10 02:24:12 2025...
