
*** Running vivado
    with args -log design_1_xbar_2.vds -m64 -product Vivado -mode batch -messageDb vivado.pb -notrace -source design_1_xbar_2.tcl



****** Vivado v2022.1 (64-bit)
  **** SW Build 3526262 on Mon Apr 18 15:48:16 MDT 2022
  **** IP Build 3524634 on Mon Apr 18 20:55:01 MDT 2022
    ** Copyright 1986-2022 Xilinx, Inc. All Rights Reserved.

source design_1_xbar_2.tcl -notrace
INFO: [IP_Flow 19-234] Refreshing IP repositories
INFO: [IP_Flow 19-1700] Loaded user IP repository 'c:/Users/marko/Downloads/Nexys-Video-DMA-hw.xpr/hw/hw.ipdefs/repo'.
INFO: [IP_Flow 19-2313] Loaded Vivado IP repository 'C:/Xilinx/Vivado/2022.1/data/ip'.
Command: synth_design -top design_1_xbar_2 -part xc7a200tsbg484-1 -incremental_mode off -mode out_of_context
Starting synth_design
Attempting to get a license for feature 'Synthesis' and/or device 'xc7a200t'
INFO: [Common 17-349] Got license for feature 'Synthesis' and/or device 'xc7a200t'
INFO: [Device 21-403] Loading part xc7a200tsbg484-1
INFO: [Synth 8-7079] Multithreading enabled for synth_design using a maximum of 2 processes.
INFO: [Synth 8-7078] Launching helper process for spawning children vivado processes
INFO: [Synth 8-7075] Helper process launched with PID 8920
WARNING: [Synth 8-9501] generate block is allowed only inside loop and conditional generate in SystemVerilog mode [C:/Xilinx/Vivado/2022.1/data/ip/xpm/xpm_fifo/hdl/xpm_fifo.sv:4023]
---------------------------------------------------------------------------------
Starting RTL Elaboration : Time (s): cpu = 00:00:07 ; elapsed = 00:00:07 . Memory (MB): peak = 1555.965 ; gain = 181.480
---------------------------------------------------------------------------------
INFO: [Synth 8-6157] synthesizing module 'design_1_xbar_2' [c:/Users/marko/Downloads/Nexys-Video-DMA-hw.xpr/hw/hw.gen/sources_1/bd/design_1/ip/design_1_xbar_2/synth/design_1_xbar_2.v:53]
INFO: [Synth 8-6157] synthesizing module 'axi_crossbar_v2_1_27_axi_crossbar' [c:/Users/marko/Downloads/Nexys-Video-DMA-hw.xpr/hw/hw.gen/sources_1/bd/design_1/ipshared/3fa0/hdl/axi_crossbar_v2_1_vl_rfs.v:4883]
INFO: [Synth 8-6157] synthesizing module 'axi_crossbar_v2_1_27_crossbar' [c:/Users/marko/Downloads/Nexys-Video-DMA-hw.xpr/hw/hw.gen/sources_1/bd/design_1/ipshared/3fa0/hdl/axi_crossbar_v2_1_vl_rfs.v:2238]
INFO: [Synth 8-6157] synthesizing module 'axi_crossbar_v2_1_27_si_transactor' [c:/Users/marko/Downloads/Nexys-Video-DMA-hw.xpr/hw/hw.gen/sources_1/bd/design_1/ipshared/3fa0/hdl/axi_crossbar_v2_1_vl_rfs.v:3799]
INFO: [Synth 8-6157] synthesizing module 'axi_crossbar_v2_1_27_addr_decoder' [c:/Users/marko/Downloads/Nexys-Video-DMA-hw.xpr/hw/hw.gen/sources_1/bd/design_1/ipshared/3fa0/hdl/axi_crossbar_v2_1_vl_rfs.v:793]
INFO: [Synth 8-6157] synthesizing module 'generic_baseblocks_v2_1_0_comparator_static' [c:/Users/marko/Downloads/Nexys-Video-DMA-hw.xpr/hw/hw.gen/sources_1/bd/design_1/ipshared/b752/hdl/generic_baseblocks_v2_1_vl_rfs.v:2132]
INFO: [Synth 8-6157] synthesizing module 'generic_baseblocks_v2_1_0_carry_and' [c:/Users/marko/Downloads/Nexys-Video-DMA-hw.xpr/hw/hw.gen/sources_1/bd/design_1/ipshared/b752/hdl/generic_baseblocks_v2_1_vl_rfs.v:61]
INFO: [Synth 8-6155] done synthesizing module 'generic_baseblocks_v2_1_0_carry_and' (0#1) [c:/Users/marko/Downloads/Nexys-Video-DMA-hw.xpr/hw/hw.gen/sources_1/bd/design_1/ipshared/b752/hdl/generic_baseblocks_v2_1_vl_rfs.v:61]
INFO: [Synth 8-6155] done synthesizing module 'generic_baseblocks_v2_1_0_comparator_static' (0#1) [c:/Users/marko/Downloads/Nexys-Video-DMA-hw.xpr/hw/hw.gen/sources_1/bd/design_1/ipshared/b752/hdl/generic_baseblocks_v2_1_vl_rfs.v:2132]
INFO: [Synth 8-6155] done synthesizing module 'axi_crossbar_v2_1_27_addr_decoder' (0#1) [c:/Users/marko/Downloads/Nexys-Video-DMA-hw.xpr/hw/hw.gen/sources_1/bd/design_1/ipshared/3fa0/hdl/axi_crossbar_v2_1_vl_rfs.v:793]
INFO: [Synth 8-6157] synthesizing module 'axi_data_fifo_v2_1_25_axic_srl_fifo' [c:/Users/marko/Downloads/Nexys-Video-DMA-hw.xpr/hw/hw.gen/sources_1/bd/design_1/ipshared/5390/hdl/axi_data_fifo_v2_1_vl_rfs.v:697]
INFO: [Synth 8-6157] synthesizing module 'axi_data_fifo_v2_1_25_ndeep_srl' [c:/Users/marko/Downloads/Nexys-Video-DMA-hw.xpr/hw/hw.gen/sources_1/bd/design_1/ipshared/5390/hdl/axi_data_fifo_v2_1_vl_rfs.v:1134]
INFO: [Synth 8-6157] synthesizing module 'SRLC32E' [C:/Xilinx/Vivado/2022.1/scripts/rt/data/unisim_comp.v:106148]
INFO: [Synth 8-6155] done synthesizing module 'SRLC32E' (0#1) [C:/Xilinx/Vivado/2022.1/scripts/rt/data/unisim_comp.v:106148]
INFO: [Synth 8-6155] done synthesizing module 'axi_data_fifo_v2_1_25_ndeep_srl' (0#1) [c:/Users/marko/Downloads/Nexys-Video-DMA-hw.xpr/hw/hw.gen/sources_1/bd/design_1/ipshared/5390/hdl/axi_data_fifo_v2_1_vl_rfs.v:1134]
INFO: [Synth 8-6155] done synthesizing module 'axi_data_fifo_v2_1_25_axic_srl_fifo' (0#1) [c:/Users/marko/Downloads/Nexys-Video-DMA-hw.xpr/hw/hw.gen/sources_1/bd/design_1/ipshared/5390/hdl/axi_data_fifo_v2_1_vl_rfs.v:697]
INFO: [Synth 8-6157] synthesizing module 'generic_baseblocks_v2_1_0_mux_enc' [c:/Users/marko/Downloads/Nexys-Video-DMA-hw.xpr/hw/hw.gen/sources_1/bd/design_1/ipshared/b752/hdl/generic_baseblocks_v2_1_vl_rfs.v:2451]
INFO: [Synth 8-6155] done synthesizing module 'generic_baseblocks_v2_1_0_mux_enc' (0#1) [c:/Users/marko/Downloads/Nexys-Video-DMA-hw.xpr/hw/hw.gen/sources_1/bd/design_1/ipshared/b752/hdl/generic_baseblocks_v2_1_vl_rfs.v:2451]
INFO: [Synth 8-6155] done synthesizing module 'axi_crossbar_v2_1_27_si_transactor' (0#1) [c:/Users/marko/Downloads/Nexys-Video-DMA-hw.xpr/hw/hw.gen/sources_1/bd/design_1/ipshared/3fa0/hdl/axi_crossbar_v2_1_vl_rfs.v:3799]
INFO: [Synth 8-6157] synthesizing module 'axi_crossbar_v2_1_27_si_transactor__parameterized0' [c:/Users/marko/Downloads/Nexys-Video-DMA-hw.xpr/hw/hw.gen/sources_1/bd/design_1/ipshared/3fa0/hdl/axi_crossbar_v2_1_vl_rfs.v:3799]
INFO: [Synth 8-6157] synthesizing module 'axi_data_fifo_v2_1_25_axic_srl_fifo__parameterized0' [c:/Users/marko/Downloads/Nexys-Video-DMA-hw.xpr/hw/hw.gen/sources_1/bd/design_1/ipshared/5390/hdl/axi_data_fifo_v2_1_vl_rfs.v:697]
INFO: [Synth 8-6157] synthesizing module 'axi_data_fifo_v2_1_25_ndeep_srl__parameterized0' [c:/Users/marko/Downloads/Nexys-Video-DMA-hw.xpr/hw/hw.gen/sources_1/bd/design_1/ipshared/5390/hdl/axi_data_fifo_v2_1_vl_rfs.v:1134]
INFO: [Synth 8-6155] done synthesizing module 'axi_data_fifo_v2_1_25_ndeep_srl__parameterized0' (0#1) [c:/Users/marko/Downloads/Nexys-Video-DMA-hw.xpr/hw/hw.gen/sources_1/bd/design_1/ipshared/5390/hdl/axi_data_fifo_v2_1_vl_rfs.v:1134]
INFO: [Synth 8-6155] done synthesizing module 'axi_data_fifo_v2_1_25_axic_srl_fifo__parameterized0' (0#1) [c:/Users/marko/Downloads/Nexys-Video-DMA-hw.xpr/hw/hw.gen/sources_1/bd/design_1/ipshared/5390/hdl/axi_data_fifo_v2_1_vl_rfs.v:697]
INFO: [Synth 8-6157] synthesizing module 'generic_baseblocks_v2_1_0_mux_enc__parameterized0' [c:/Users/marko/Downloads/Nexys-Video-DMA-hw.xpr/hw/hw.gen/sources_1/bd/design_1/ipshared/b752/hdl/generic_baseblocks_v2_1_vl_rfs.v:2451]
INFO: [Synth 8-6155] done synthesizing module 'generic_baseblocks_v2_1_0_mux_enc__parameterized0' (0#1) [c:/Users/marko/Downloads/Nexys-Video-DMA-hw.xpr/hw/hw.gen/sources_1/bd/design_1/ipshared/b752/hdl/generic_baseblocks_v2_1_vl_rfs.v:2451]
INFO: [Synth 8-6155] done synthesizing module 'axi_crossbar_v2_1_27_si_transactor__parameterized0' (0#1) [c:/Users/marko/Downloads/Nexys-Video-DMA-hw.xpr/hw/hw.gen/sources_1/bd/design_1/ipshared/3fa0/hdl/axi_crossbar_v2_1_vl_rfs.v:3799]
INFO: [Synth 8-6157] synthesizing module 'axi_crossbar_v2_1_27_splitter' [c:/Users/marko/Downloads/Nexys-Video-DMA-hw.xpr/hw/hw.gen/sources_1/bd/design_1/ipshared/3fa0/hdl/axi_crossbar_v2_1_vl_rfs.v:4460]
INFO: [Synth 8-6155] done synthesizing module 'axi_crossbar_v2_1_27_splitter' (0#1) [c:/Users/marko/Downloads/Nexys-Video-DMA-hw.xpr/hw/hw.gen/sources_1/bd/design_1/ipshared/3fa0/hdl/axi_crossbar_v2_1_vl_rfs.v:4460]
INFO: [Synth 8-6157] synthesizing module 'axi_crossbar_v2_1_27_wdata_router' [c:/Users/marko/Downloads/Nexys-Video-DMA-hw.xpr/hw/hw.gen/sources_1/bd/design_1/ipshared/3fa0/hdl/axi_crossbar_v2_1_vl_rfs.v:4735]
INFO: [Synth 8-6157] synthesizing module 'axi_data_fifo_v2_1_25_axic_reg_srl_fifo' [c:/Users/marko/Downloads/Nexys-Video-DMA-hw.xpr/hw/hw.gen/sources_1/bd/design_1/ipshared/5390/hdl/axi_data_fifo_v2_1_vl_rfs.v:888]
INFO: [Synth 8-6157] synthesizing module 'axi_data_fifo_v2_1_25_ndeep_srl__parameterized1' [c:/Users/marko/Downloads/Nexys-Video-DMA-hw.xpr/hw/hw.gen/sources_1/bd/design_1/ipshared/5390/hdl/axi_data_fifo_v2_1_vl_rfs.v:1134]
INFO: [Synth 8-6155] done synthesizing module 'axi_data_fifo_v2_1_25_ndeep_srl__parameterized1' (0#1) [c:/Users/marko/Downloads/Nexys-Video-DMA-hw.xpr/hw/hw.gen/sources_1/bd/design_1/ipshared/5390/hdl/axi_data_fifo_v2_1_vl_rfs.v:1134]
INFO: [Synth 8-155] case statement is not full and has no default [c:/Users/marko/Downloads/Nexys-Video-DMA-hw.xpr/hw/hw.gen/sources_1/bd/design_1/ipshared/5390/hdl/axi_data_fifo_v2_1_vl_rfs.v:986]
INFO: [Synth 8-6155] done synthesizing module 'axi_data_fifo_v2_1_25_axic_reg_srl_fifo' (0#1) [c:/Users/marko/Downloads/Nexys-Video-DMA-hw.xpr/hw/hw.gen/sources_1/bd/design_1/ipshared/5390/hdl/axi_data_fifo_v2_1_vl_rfs.v:888]
INFO: [Synth 8-6155] done synthesizing module 'axi_crossbar_v2_1_27_wdata_router' (0#1) [c:/Users/marko/Downloads/Nexys-Video-DMA-hw.xpr/hw/hw.gen/sources_1/bd/design_1/ipshared/3fa0/hdl/axi_crossbar_v2_1_vl_rfs.v:4735]
INFO: [Synth 8-6157] synthesizing module 'axi_crossbar_v2_1_27_si_transactor__parameterized1' [c:/Users/marko/Downloads/Nexys-Video-DMA-hw.xpr/hw/hw.gen/sources_1/bd/design_1/ipshared/3fa0/hdl/axi_crossbar_v2_1_vl_rfs.v:3799]
INFO: [Synth 8-6155] done synthesizing module 'axi_crossbar_v2_1_27_si_transactor__parameterized1' (0#1) [c:/Users/marko/Downloads/Nexys-Video-DMA-hw.xpr/hw/hw.gen/sources_1/bd/design_1/ipshared/3fa0/hdl/axi_crossbar_v2_1_vl_rfs.v:3799]
INFO: [Synth 8-6157] synthesizing module 'axi_crossbar_v2_1_27_si_transactor__parameterized2' [c:/Users/marko/Downloads/Nexys-Video-DMA-hw.xpr/hw/hw.gen/sources_1/bd/design_1/ipshared/3fa0/hdl/axi_crossbar_v2_1_vl_rfs.v:3799]
INFO: [Synth 8-6155] done synthesizing module 'axi_crossbar_v2_1_27_si_transactor__parameterized2' (0#1) [c:/Users/marko/Downloads/Nexys-Video-DMA-hw.xpr/hw/hw.gen/sources_1/bd/design_1/ipshared/3fa0/hdl/axi_crossbar_v2_1_vl_rfs.v:3799]
INFO: [Synth 8-6157] synthesizing module 'axi_crossbar_v2_1_27_si_transactor__parameterized3' [c:/Users/marko/Downloads/Nexys-Video-DMA-hw.xpr/hw/hw.gen/sources_1/bd/design_1/ipshared/3fa0/hdl/axi_crossbar_v2_1_vl_rfs.v:3799]
INFO: [Synth 8-6155] done synthesizing module 'axi_crossbar_v2_1_27_si_transactor__parameterized3' (0#1) [c:/Users/marko/Downloads/Nexys-Video-DMA-hw.xpr/hw/hw.gen/sources_1/bd/design_1/ipshared/3fa0/hdl/axi_crossbar_v2_1_vl_rfs.v:3799]
INFO: [Synth 8-6157] synthesizing module 'axi_crossbar_v2_1_27_addr_decoder__parameterized0' [c:/Users/marko/Downloads/Nexys-Video-DMA-hw.xpr/hw/hw.gen/sources_1/bd/design_1/ipshared/3fa0/hdl/axi_crossbar_v2_1_vl_rfs.v:793]
INFO: [Synth 8-6155] done synthesizing module 'axi_crossbar_v2_1_27_addr_decoder__parameterized0' (0#1) [c:/Users/marko/Downloads/Nexys-Video-DMA-hw.xpr/hw/hw.gen/sources_1/bd/design_1/ipshared/3fa0/hdl/axi_crossbar_v2_1_vl_rfs.v:793]
INFO: [Synth 8-6157] synthesizing module 'axi_crossbar_v2_1_27_addr_decoder__parameterized1' [c:/Users/marko/Downloads/Nexys-Video-DMA-hw.xpr/hw/hw.gen/sources_1/bd/design_1/ipshared/3fa0/hdl/axi_crossbar_v2_1_vl_rfs.v:793]
INFO: [Synth 8-6155] done synthesizing module 'axi_crossbar_v2_1_27_addr_decoder__parameterized1' (0#1) [c:/Users/marko/Downloads/Nexys-Video-DMA-hw.xpr/hw/hw.gen/sources_1/bd/design_1/ipshared/3fa0/hdl/axi_crossbar_v2_1_vl_rfs.v:793]
INFO: [Synth 8-6157] synthesizing module 'axi_data_fifo_v2_1_25_axic_srl_fifo__parameterized1' [c:/Users/marko/Downloads/Nexys-Video-DMA-hw.xpr/hw/hw.gen/sources_1/bd/design_1/ipshared/5390/hdl/axi_data_fifo_v2_1_vl_rfs.v:697]
INFO: [Synth 8-6155] done synthesizing module 'axi_data_fifo_v2_1_25_axic_srl_fifo__parameterized1' (0#1) [c:/Users/marko/Downloads/Nexys-Video-DMA-hw.xpr/hw/hw.gen/sources_1/bd/design_1/ipshared/5390/hdl/axi_data_fifo_v2_1_vl_rfs.v:697]
INFO: [Synth 8-6157] synthesizing module 'axi_crossbar_v2_1_27_wdata_mux' [c:/Users/marko/Downloads/Nexys-Video-DMA-hw.xpr/hw/hw.gen/sources_1/bd/design_1/ipshared/3fa0/hdl/axi_crossbar_v2_1_vl_rfs.v:4560]
INFO: [Synth 8-6157] synthesizing module 'axi_data_fifo_v2_1_25_axic_reg_srl_fifo__parameterized0' [c:/Users/marko/Downloads/Nexys-Video-DMA-hw.xpr/hw/hw.gen/sources_1/bd/design_1/ipshared/5390/hdl/axi_data_fifo_v2_1_vl_rfs.v:888]
INFO: [Synth 8-155] case statement is not full and has no default [c:/Users/marko/Downloads/Nexys-Video-DMA-hw.xpr/hw/hw.gen/sources_1/bd/design_1/ipshared/5390/hdl/axi_data_fifo_v2_1_vl_rfs.v:986]
INFO: [Synth 8-6155] done synthesizing module 'axi_data_fifo_v2_1_25_axic_reg_srl_fifo__parameterized0' (0#1) [c:/Users/marko/Downloads/Nexys-Video-DMA-hw.xpr/hw/hw.gen/sources_1/bd/design_1/ipshared/5390/hdl/axi_data_fifo_v2_1_vl_rfs.v:888]
INFO: [Synth 8-6157] synthesizing module 'generic_baseblocks_v2_1_0_mux_enc__parameterized1' [c:/Users/marko/Downloads/Nexys-Video-DMA-hw.xpr/hw/hw.gen/sources_1/bd/design_1/ipshared/b752/hdl/generic_baseblocks_v2_1_vl_rfs.v:2451]
INFO: [Synth 8-6155] done synthesizing module 'generic_baseblocks_v2_1_0_mux_enc__parameterized1' (0#1) [c:/Users/marko/Downloads/Nexys-Video-DMA-hw.xpr/hw/hw.gen/sources_1/bd/design_1/ipshared/b752/hdl/generic_baseblocks_v2_1_vl_rfs.v:2451]
INFO: [Synth 8-6155] done synthesizing module 'axi_crossbar_v2_1_27_wdata_mux' (0#1) [c:/Users/marko/Downloads/Nexys-Video-DMA-hw.xpr/hw/hw.gen/sources_1/bd/design_1/ipshared/3fa0/hdl/axi_crossbar_v2_1_vl_rfs.v:4560]
INFO: [Synth 8-6157] synthesizing module 'axi_register_slice_v2_1_26_axi_register_slice' [c:/Users/marko/Downloads/Nexys-Video-DMA-hw.xpr/hw/hw.gen/sources_1/bd/design_1/ipshared/0a3f/hdl/axi_register_slice_v2_1_vl_rfs.v:3725]
INFO: [Synth 8-6157] synthesizing module 'axi_infrastructure_v1_1_0_axi2vector' [c:/Users/marko/Downloads/Nexys-Video-DMA-hw.xpr/hw/hw.gen/sources_1/bd/design_1/ipshared/ec67/hdl/axi_infrastructure_v1_1_vl_rfs.v:59]
INFO: [Synth 8-6155] done synthesizing module 'axi_infrastructure_v1_1_0_axi2vector' (0#1) [c:/Users/marko/Downloads/Nexys-Video-DMA-hw.xpr/hw/hw.gen/sources_1/bd/design_1/ipshared/ec67/hdl/axi_infrastructure_v1_1_vl_rfs.v:59]
INFO: [Synth 8-6157] synthesizing module 'axi_infrastructure_v1_1_0_vector2axi' [c:/Users/marko/Downloads/Nexys-Video-DMA-hw.xpr/hw/hw.gen/sources_1/bd/design_1/ipshared/ec67/hdl/axi_infrastructure_v1_1_vl_rfs.v:473]
INFO: [Synth 8-6155] done synthesizing module 'axi_infrastructure_v1_1_0_vector2axi' (0#1) [c:/Users/marko/Downloads/Nexys-Video-DMA-hw.xpr/hw/hw.gen/sources_1/bd/design_1/ipshared/ec67/hdl/axi_infrastructure_v1_1_vl_rfs.v:473]
INFO: [Synth 8-6157] synthesizing module 'axi_register_slice_v2_1_26_axic_register_slice' [c:/Users/marko/Downloads/Nexys-Video-DMA-hw.xpr/hw/hw.gen/sources_1/bd/design_1/ipshared/0a3f/hdl/axi_register_slice_v2_1_vl_rfs.v:1497]
INFO: [Synth 8-6155] done synthesizing module 'axi_register_slice_v2_1_26_axic_register_slice' (0#1) [c:/Users/marko/Downloads/Nexys-Video-DMA-hw.xpr/hw/hw.gen/sources_1/bd/design_1/ipshared/0a3f/hdl/axi_register_slice_v2_1_vl_rfs.v:1497]
INFO: [Synth 8-6157] synthesizing module 'axi_register_slice_v2_1_26_axic_register_slice__parameterized0' [c:/Users/marko/Downloads/Nexys-Video-DMA-hw.xpr/hw/hw.gen/sources_1/bd/design_1/ipshared/0a3f/hdl/axi_register_slice_v2_1_vl_rfs.v:1497]
INFO: [Synth 8-6155] done synthesizing module 'axi_register_slice_v2_1_26_axic_register_slice__parameterized0' (0#1) [c:/Users/marko/Downloads/Nexys-Video-DMA-hw.xpr/hw/hw.gen/sources_1/bd/design_1/ipshared/0a3f/hdl/axi_register_slice_v2_1_vl_rfs.v:1497]
INFO: [Synth 8-6157] synthesizing module 'axi_register_slice_v2_1_26_axic_register_slice__parameterized1' [c:/Users/marko/Downloads/Nexys-Video-DMA-hw.xpr/hw/hw.gen/sources_1/bd/design_1/ipshared/0a3f/hdl/axi_register_slice_v2_1_vl_rfs.v:1497]
INFO: [Synth 8-6155] done synthesizing module 'axi_register_slice_v2_1_26_axic_register_slice__parameterized1' (0#1) [c:/Users/marko/Downloads/Nexys-Video-DMA-hw.xpr/hw/hw.gen/sources_1/bd/design_1/ipshared/0a3f/hdl/axi_register_slice_v2_1_vl_rfs.v:1497]
INFO: [Synth 8-6157] synthesizing module 'axi_register_slice_v2_1_26_axic_register_slice__parameterized2' [c:/Users/marko/Downloads/Nexys-Video-DMA-hw.xpr/hw/hw.gen/sources_1/bd/design_1/ipshared/0a3f/hdl/axi_register_slice_v2_1_vl_rfs.v:1497]
INFO: [Synth 8-6155] done synthesizing module 'axi_register_slice_v2_1_26_axic_register_slice__parameterized2' (0#1) [c:/Users/marko/Downloads/Nexys-Video-DMA-hw.xpr/hw/hw.gen/sources_1/bd/design_1/ipshared/0a3f/hdl/axi_register_slice_v2_1_vl_rfs.v:1497]
INFO: [Synth 8-6155] done synthesizing module 'axi_register_slice_v2_1_26_axi_register_slice' (0#1) [c:/Users/marko/Downloads/Nexys-Video-DMA-hw.xpr/hw/hw.gen/sources_1/bd/design_1/ipshared/0a3f/hdl/axi_register_slice_v2_1_vl_rfs.v:3725]
WARNING: [Synth 8-7071] port 'aclk2x' of module 'axi_register_slice_v2_1_26_axi_register_slice' is unconnected for instance 'reg_slice_mi' [c:/Users/marko/Downloads/Nexys-Video-DMA-hw.xpr/hw/hw.gen/sources_1/bd/design_1/ipshared/3fa0/hdl/axi_crossbar_v2_1_vl_rfs.v:3122]
WARNING: [Synth 8-7023] instance 'reg_slice_mi' of module 'axi_register_slice_v2_1_26_axi_register_slice' has 93 connections declared, but only 92 given [c:/Users/marko/Downloads/Nexys-Video-DMA-hw.xpr/hw/hw.gen/sources_1/bd/design_1/ipshared/3fa0/hdl/axi_crossbar_v2_1_vl_rfs.v:3122]
INFO: [Synth 8-6157] synthesizing module 'axi_crossbar_v2_1_27_addr_decoder__parameterized2' [c:/Users/marko/Downloads/Nexys-Video-DMA-hw.xpr/hw/hw.gen/sources_1/bd/design_1/ipshared/3fa0/hdl/axi_crossbar_v2_1_vl_rfs.v:793]
INFO: [Synth 8-6155] done synthesizing module 'axi_crossbar_v2_1_27_addr_decoder__parameterized2' (0#1) [c:/Users/marko/Downloads/Nexys-Video-DMA-hw.xpr/hw/hw.gen/sources_1/bd/design_1/ipshared/3fa0/hdl/axi_crossbar_v2_1_vl_rfs.v:793]
INFO: [Synth 8-6157] synthesizing module 'axi_data_fifo_v2_1_25_axic_srl_fifo__parameterized2' [c:/Users/marko/Downloads/Nexys-Video-DMA-hw.xpr/hw/hw.gen/sources_1/bd/design_1/ipshared/5390/hdl/axi_data_fifo_v2_1_vl_rfs.v:697]
INFO: [Synth 8-6155] done synthesizing module 'axi_data_fifo_v2_1_25_axic_srl_fifo__parameterized2' (0#1) [c:/Users/marko/Downloads/Nexys-Video-DMA-hw.xpr/hw/hw.gen/sources_1/bd/design_1/ipshared/5390/hdl/axi_data_fifo_v2_1_vl_rfs.v:697]
INFO: [Synth 8-6157] synthesizing module 'axi_crossbar_v2_1_27_wdata_mux__parameterized0' [c:/Users/marko/Downloads/Nexys-Video-DMA-hw.xpr/hw/hw.gen/sources_1/bd/design_1/ipshared/3fa0/hdl/axi_crossbar_v2_1_vl_rfs.v:4560]
INFO: [Synth 8-6157] synthesizing module 'axi_data_fifo_v2_1_25_axic_reg_srl_fifo__parameterized1' [c:/Users/marko/Downloads/Nexys-Video-DMA-hw.xpr/hw/hw.gen/sources_1/bd/design_1/ipshared/5390/hdl/axi_data_fifo_v2_1_vl_rfs.v:888]
INFO: [Synth 8-155] case statement is not full and has no default [c:/Users/marko/Downloads/Nexys-Video-DMA-hw.xpr/hw/hw.gen/sources_1/bd/design_1/ipshared/5390/hdl/axi_data_fifo_v2_1_vl_rfs.v:986]
INFO: [Synth 8-6155] done synthesizing module 'axi_data_fifo_v2_1_25_axic_reg_srl_fifo__parameterized1' (0#1) [c:/Users/marko/Downloads/Nexys-Video-DMA-hw.xpr/hw/hw.gen/sources_1/bd/design_1/ipshared/5390/hdl/axi_data_fifo_v2_1_vl_rfs.v:888]
INFO: [Synth 8-6155] done synthesizing module 'axi_crossbar_v2_1_27_wdata_mux__parameterized0' (0#1) [c:/Users/marko/Downloads/Nexys-Video-DMA-hw.xpr/hw/hw.gen/sources_1/bd/design_1/ipshared/3fa0/hdl/axi_crossbar_v2_1_vl_rfs.v:4560]
WARNING: [Synth 8-7071] port 'aclk2x' of module 'axi_register_slice_v2_1_26_axi_register_slice' is unconnected for instance 'reg_slice_mi' [c:/Users/marko/Downloads/Nexys-Video-DMA-hw.xpr/hw/hw.gen/sources_1/bd/design_1/ipshared/3fa0/hdl/axi_crossbar_v2_1_vl_rfs.v:3122]
WARNING: [Synth 8-7023] instance 'reg_slice_mi' of module 'axi_register_slice_v2_1_26_axi_register_slice' has 93 connections declared, but only 92 given [c:/Users/marko/Downloads/Nexys-Video-DMA-hw.xpr/hw/hw.gen/sources_1/bd/design_1/ipshared/3fa0/hdl/axi_crossbar_v2_1_vl_rfs.v:3122]
INFO: [Synth 8-6157] synthesizing module 'axi_crossbar_v2_1_27_decerr_slave' [c:/Users/marko/Downloads/Nexys-Video-DMA-hw.xpr/hw/hw.gen/sources_1/bd/design_1/ipshared/3fa0/hdl/axi_crossbar_v2_1_vl_rfs.v:3500]
INFO: [Synth 8-155] case statement is not full and has no default [c:/Users/marko/Downloads/Nexys-Video-DMA-hw.xpr/hw/hw.gen/sources_1/bd/design_1/ipshared/3fa0/hdl/axi_crossbar_v2_1_vl_rfs.v:3633]
INFO: [Synth 8-6155] done synthesizing module 'axi_crossbar_v2_1_27_decerr_slave' (0#1) [c:/Users/marko/Downloads/Nexys-Video-DMA-hw.xpr/hw/hw.gen/sources_1/bd/design_1/ipshared/3fa0/hdl/axi_crossbar_v2_1_vl_rfs.v:3500]
INFO: [Synth 8-6157] synthesizing module 'axi_crossbar_v2_1_27_addr_arbiter' [c:/Users/marko/Downloads/Nexys-Video-DMA-hw.xpr/hw/hw.gen/sources_1/bd/design_1/ipshared/3fa0/hdl/axi_crossbar_v2_1_vl_rfs.v:422]
INFO: [Synth 8-6157] synthesizing module 'generic_baseblocks_v2_1_0_mux_enc__parameterized2' [c:/Users/marko/Downloads/Nexys-Video-DMA-hw.xpr/hw/hw.gen/sources_1/bd/design_1/ipshared/b752/hdl/generic_baseblocks_v2_1_vl_rfs.v:2451]
INFO: [Synth 8-6155] done synthesizing module 'generic_baseblocks_v2_1_0_mux_enc__parameterized2' (0#1) [c:/Users/marko/Downloads/Nexys-Video-DMA-hw.xpr/hw/hw.gen/sources_1/bd/design_1/ipshared/b752/hdl/generic_baseblocks_v2_1_vl_rfs.v:2451]
INFO: [Synth 8-6157] synthesizing module 'generic_baseblocks_v2_1_0_mux_enc__parameterized3' [c:/Users/marko/Downloads/Nexys-Video-DMA-hw.xpr/hw/hw.gen/sources_1/bd/design_1/ipshared/b752/hdl/generic_baseblocks_v2_1_vl_rfs.v:2451]
INFO: [Synth 8-6155] done synthesizing module 'generic_baseblocks_v2_1_0_mux_enc__parameterized3' (0#1) [c:/Users/marko/Downloads/Nexys-Video-DMA-hw.xpr/hw/hw.gen/sources_1/bd/design_1/ipshared/b752/hdl/generic_baseblocks_v2_1_vl_rfs.v:2451]
INFO: [Synth 8-6155] done synthesizing module 'axi_crossbar_v2_1_27_addr_arbiter' (0#1) [c:/Users/marko/Downloads/Nexys-Video-DMA-hw.xpr/hw/hw.gen/sources_1/bd/design_1/ipshared/3fa0/hdl/axi_crossbar_v2_1_vl_rfs.v:422]
INFO: [Synth 8-6155] done synthesizing module 'axi_crossbar_v2_1_27_crossbar' (0#1) [c:/Users/marko/Downloads/Nexys-Video-DMA-hw.xpr/hw/hw.gen/sources_1/bd/design_1/ipshared/3fa0/hdl/axi_crossbar_v2_1_vl_rfs.v:2238]
INFO: [Synth 8-6155] done synthesizing module 'axi_crossbar_v2_1_27_axi_crossbar' (0#1) [c:/Users/marko/Downloads/Nexys-Video-DMA-hw.xpr/hw/hw.gen/sources_1/bd/design_1/ipshared/3fa0/hdl/axi_crossbar_v2_1_vl_rfs.v:4883]
INFO: [Synth 8-6155] done synthesizing module 'design_1_xbar_2' (0#1) [c:/Users/marko/Downloads/Nexys-Video-DMA-hw.xpr/hw/hw.gen/sources_1/bd/design_1/ip/design_1_xbar_2/synth/design_1_xbar_2.v:53]
WARNING: [Synth 8-6014] Unused sequential element areset_d1_reg was removed.  [c:/Users/marko/Downloads/Nexys-Video-DMA-hw.xpr/hw/hw.gen/sources_1/bd/design_1/ipshared/5390/hdl/axi_data_fifo_v2_1_vl_rfs.v:750]
WARNING: [Synth 8-6014] Unused sequential element S_READY_i_reg was removed.  [c:/Users/marko/Downloads/Nexys-Video-DMA-hw.xpr/hw/hw.gen/sources_1/bd/design_1/ipshared/5390/hdl/axi_data_fifo_v2_1_vl_rfs.v:789]
WARNING: [Synth 8-6014] Unused sequential element gen_single_thread.debug_r_beat_cnt_i_reg was removed.  [c:/Users/marko/Downloads/Nexys-Video-DMA-hw.xpr/hw/hw.gen/sources_1/bd/design_1/ipshared/3fa0/hdl/axi_crossbar_v2_1_vl_rfs.v:4192]
WARNING: [Synth 8-6014] Unused sequential element gen_single_thread.active_id_reg was removed.  [c:/Users/marko/Downloads/Nexys-Video-DMA-hw.xpr/hw/hw.gen/sources_1/bd/design_1/ipshared/3fa0/hdl/axi_crossbar_v2_1_vl_rfs.v:4150]
WARNING: [Synth 8-6014] Unused sequential element areset_d1_reg was removed.  [c:/Users/marko/Downloads/Nexys-Video-DMA-hw.xpr/hw/hw.gen/sources_1/bd/design_1/ipshared/5390/hdl/axi_data_fifo_v2_1_vl_rfs.v:750]
WARNING: [Synth 8-6014] Unused sequential element S_READY_i_reg was removed.  [c:/Users/marko/Downloads/Nexys-Video-DMA-hw.xpr/hw/hw.gen/sources_1/bd/design_1/ipshared/5390/hdl/axi_data_fifo_v2_1_vl_rfs.v:789]
WARNING: [Synth 8-6014] Unused sequential element gen_single_thread.debug_r_beat_cnt_i_reg was removed.  [c:/Users/marko/Downloads/Nexys-Video-DMA-hw.xpr/hw/hw.gen/sources_1/bd/design_1/ipshared/3fa0/hdl/axi_crossbar_v2_1_vl_rfs.v:4192]
WARNING: [Synth 8-6014] Unused sequential element gen_single_thread.active_id_reg was removed.  [c:/Users/marko/Downloads/Nexys-Video-DMA-hw.xpr/hw/hw.gen/sources_1/bd/design_1/ipshared/3fa0/hdl/axi_crossbar_v2_1_vl_rfs.v:4150]
WARNING: [Synth 8-6014] Unused sequential element gen_single_thread.debug_r_beat_cnt_i_reg was removed.  [c:/Users/marko/Downloads/Nexys-Video-DMA-hw.xpr/hw/hw.gen/sources_1/bd/design_1/ipshared/3fa0/hdl/axi_crossbar_v2_1_vl_rfs.v:4192]
WARNING: [Synth 8-6014] Unused sequential element gen_single_thread.active_id_reg was removed.  [c:/Users/marko/Downloads/Nexys-Video-DMA-hw.xpr/hw/hw.gen/sources_1/bd/design_1/ipshared/3fa0/hdl/axi_crossbar_v2_1_vl_rfs.v:4150]
WARNING: [Synth 8-6014] Unused sequential element gen_single_thread.debug_r_beat_cnt_i_reg was removed.  [c:/Users/marko/Downloads/Nexys-Video-DMA-hw.xpr/hw/hw.gen/sources_1/bd/design_1/ipshared/3fa0/hdl/axi_crossbar_v2_1_vl_rfs.v:4192]
WARNING: [Synth 8-6014] Unused sequential element gen_single_thread.active_id_reg was removed.  [c:/Users/marko/Downloads/Nexys-Video-DMA-hw.xpr/hw/hw.gen/sources_1/bd/design_1/ipshared/3fa0/hdl/axi_crossbar_v2_1_vl_rfs.v:4150]
WARNING: [Synth 8-6014] Unused sequential element gen_single_thread.debug_r_beat_cnt_i_reg was removed.  [c:/Users/marko/Downloads/Nexys-Video-DMA-hw.xpr/hw/hw.gen/sources_1/bd/design_1/ipshared/3fa0/hdl/axi_crossbar_v2_1_vl_rfs.v:4192]
WARNING: [Synth 8-6014] Unused sequential element gen_single_thread.active_id_reg was removed.  [c:/Users/marko/Downloads/Nexys-Video-DMA-hw.xpr/hw/hw.gen/sources_1/bd/design_1/ipshared/3fa0/hdl/axi_crossbar_v2_1_vl_rfs.v:4150]
WARNING: [Synth 8-6014] Unused sequential element areset_d1_reg was removed.  [c:/Users/marko/Downloads/Nexys-Video-DMA-hw.xpr/hw/hw.gen/sources_1/bd/design_1/ipshared/5390/hdl/axi_data_fifo_v2_1_vl_rfs.v:750]
WARNING: [Synth 8-6014] Unused sequential element S_READY_i_reg was removed.  [c:/Users/marko/Downloads/Nexys-Video-DMA-hw.xpr/hw/hw.gen/sources_1/bd/design_1/ipshared/5390/hdl/axi_data_fifo_v2_1_vl_rfs.v:789]
WARNING: [Synth 8-6014] Unused sequential element s_ready_i_reg was removed.  [c:/Users/marko/Downloads/Nexys-Video-DMA-hw.xpr/hw/hw.gen/sources_1/bd/design_1/ipshared/5390/hdl/axi_data_fifo_v2_1_vl_rfs.v:1038]
WARNING: [Synth 8-6014] Unused sequential element areset_d1_reg was removed.  [c:/Users/marko/Downloads/Nexys-Video-DMA-hw.xpr/hw/hw.gen/sources_1/bd/design_1/ipshared/5390/hdl/axi_data_fifo_v2_1_vl_rfs.v:750]
WARNING: [Synth 8-6014] Unused sequential element S_READY_i_reg was removed.  [c:/Users/marko/Downloads/Nexys-Video-DMA-hw.xpr/hw/hw.gen/sources_1/bd/design_1/ipshared/5390/hdl/axi_data_fifo_v2_1_vl_rfs.v:789]
WARNING: [Synth 8-6014] Unused sequential element s_ready_i_reg was removed.  [c:/Users/marko/Downloads/Nexys-Video-DMA-hw.xpr/hw/hw.gen/sources_1/bd/design_1/ipshared/5390/hdl/axi_data_fifo_v2_1_vl_rfs.v:1038]
WARNING: [Synth 8-6014] Unused sequential element gen_master_slots[0].gen_mi_write.gen_debug_w.debug_w_beat_cnt_i_reg was removed.  [c:/Users/marko/Downloads/Nexys-Video-DMA-hw.xpr/hw/hw.gen/sources_1/bd/design_1/ipshared/3fa0/hdl/axi_crossbar_v2_1_vl_rfs.v:2997]
WARNING: [Synth 8-6014] Unused sequential element gen_master_slots[1].gen_mi_write.gen_debug_w.debug_w_beat_cnt_i_reg was removed.  [c:/Users/marko/Downloads/Nexys-Video-DMA-hw.xpr/hw/hw.gen/sources_1/bd/design_1/ipshared/3fa0/hdl/axi_crossbar_v2_1_vl_rfs.v:2997]
WARNING: [Synth 8-7129] Port ACLK in module axi_register_slice_v2_1_26_axic_register_slice is either unconnected or has no load
WARNING: [Synth 8-7129] Port ARESET in module axi_register_slice_v2_1_26_axic_register_slice is either unconnected or has no load
WARNING: [Synth 8-7129] Port ACLK in module axi_register_slice_v2_1_26_axic_register_slice__parameterized0 is either unconnected or has no load
WARNING: [Synth 8-7129] Port ARESET in module axi_register_slice_v2_1_26_axic_register_slice__parameterized0 is either unconnected or has no load
WARNING: [Synth 8-7129] Port m_axi_buser[0] in module axi_infrastructure_v1_1_0_vector2axi is either unconnected or has no load
WARNING: [Synth 8-7129] Port m_axi_ruser[0] in module axi_infrastructure_v1_1_0_vector2axi is either unconnected or has no load
WARNING: [Synth 8-7129] Port s_axi_awuser[0] in module axi_infrastructure_v1_1_0_axi2vector is either unconnected or has no load
WARNING: [Synth 8-7129] Port s_axi_wid[1] in module axi_infrastructure_v1_1_0_axi2vector is either unconnected or has no load
WARNING: [Synth 8-7129] Port s_axi_wid[0] in module axi_infrastructure_v1_1_0_axi2vector is either unconnected or has no load
WARNING: [Synth 8-7129] Port s_axi_wuser[0] in module axi_infrastructure_v1_1_0_axi2vector is either unconnected or has no load
WARNING: [Synth 8-7129] Port s_axi_aruser[0] in module axi_infrastructure_v1_1_0_axi2vector is either unconnected or has no load
WARNING: [Synth 8-7129] Port aclk2x in module axi_register_slice_v2_1_26_axi_register_slice is either unconnected or has no load
WARNING: [Synth 8-7129] Port ADDR[1] in module axi_crossbar_v2_1_27_addr_decoder is either unconnected or has no load
WARNING: [Synth 8-7129] Port ADDR[0] in module axi_crossbar_v2_1_27_addr_decoder is either unconnected or has no load
WARNING: [Synth 8-7129] Port S_ABURST[1] in module axi_crossbar_v2_1_27_si_transactor__parameterized3 is either unconnected or has no load
WARNING: [Synth 8-7129] Port S_ABURST[0] in module axi_crossbar_v2_1_27_si_transactor__parameterized3 is either unconnected or has no load
WARNING: [Synth 8-7129] Port S_ABURST[1] in module axi_crossbar_v2_1_27_si_transactor__parameterized2 is either unconnected or has no load
WARNING: [Synth 8-7129] Port S_ABURST[0] in module axi_crossbar_v2_1_27_si_transactor__parameterized2 is either unconnected or has no load
WARNING: [Synth 8-7129] Port S_ABURST[1] in module axi_crossbar_v2_1_27_si_transactor__parameterized1 is either unconnected or has no load
WARNING: [Synth 8-7129] Port S_ABURST[0] in module axi_crossbar_v2_1_27_si_transactor__parameterized1 is either unconnected or has no load
WARNING: [Synth 8-7129] Port S_ABURST[1] in module axi_crossbar_v2_1_27_si_transactor__parameterized0 is either unconnected or has no load
WARNING: [Synth 8-7129] Port S_ABURST[0] in module axi_crossbar_v2_1_27_si_transactor__parameterized0 is either unconnected or has no load
WARNING: [Synth 8-7129] Port S_ABURST[1] in module axi_crossbar_v2_1_27_si_transactor is either unconnected or has no load
WARNING: [Synth 8-7129] Port S_ABURST[0] in module axi_crossbar_v2_1_27_si_transactor is either unconnected or has no load
WARNING: [Synth 8-7129] Port S_AXI_AWID[7] in module axi_crossbar_v2_1_27_crossbar is either unconnected or has no load
WARNING: [Synth 8-7129] Port S_AXI_AWID[6] in module axi_crossbar_v2_1_27_crossbar is either unconnected or has no load
WARNING: [Synth 8-7129] Port S_AXI_AWID[5] in module axi_crossbar_v2_1_27_crossbar is either unconnected or has no load
WARNING: [Synth 8-7129] Port S_AXI_AWID[4] in module axi_crossbar_v2_1_27_crossbar is either unconnected or has no load
WARNING: [Synth 8-7129] Port S_AXI_AWID[3] in module axi_crossbar_v2_1_27_crossbar is either unconnected or has no load
WARNING: [Synth 8-7129] Port S_AXI_AWID[2] in module axi_crossbar_v2_1_27_crossbar is either unconnected or has no load
WARNING: [Synth 8-7129] Port S_AXI_AWID[1] in module axi_crossbar_v2_1_27_crossbar is either unconnected or has no load
WARNING: [Synth 8-7129] Port S_AXI_AWID[0] in module axi_crossbar_v2_1_27_crossbar is either unconnected or has no load
WARNING: [Synth 8-7129] Port S_AXI_AWADDR[95] in module axi_crossbar_v2_1_27_crossbar is either unconnected or has no load
WARNING: [Synth 8-7129] Port S_AXI_AWADDR[94] in module axi_crossbar_v2_1_27_crossbar is either unconnected or has no load
WARNING: [Synth 8-7129] Port S_AXI_AWADDR[93] in module axi_crossbar_v2_1_27_crossbar is either unconnected or has no load
WARNING: [Synth 8-7129] Port S_AXI_AWADDR[92] in module axi_crossbar_v2_1_27_crossbar is either unconnected or has no load
WARNING: [Synth 8-7129] Port S_AXI_AWADDR[91] in module axi_crossbar_v2_1_27_crossbar is either unconnected or has no load
WARNING: [Synth 8-7129] Port S_AXI_AWADDR[90] in module axi_crossbar_v2_1_27_crossbar is either unconnected or has no load
WARNING: [Synth 8-7129] Port S_AXI_AWADDR[89] in module axi_crossbar_v2_1_27_crossbar is either unconnected or has no load
WARNING: [Synth 8-7129] Port S_AXI_AWADDR[88] in module axi_crossbar_v2_1_27_crossbar is either unconnected or has no load
WARNING: [Synth 8-7129] Port S_AXI_AWADDR[87] in module axi_crossbar_v2_1_27_crossbar is either unconnected or has no load
WARNING: [Synth 8-7129] Port S_AXI_AWADDR[86] in module axi_crossbar_v2_1_27_crossbar is either unconnected or has no load
WARNING: [Synth 8-7129] Port S_AXI_AWADDR[85] in module axi_crossbar_v2_1_27_crossbar is either unconnected or has no load
WARNING: [Synth 8-7129] Port S_AXI_AWADDR[84] in module axi_crossbar_v2_1_27_crossbar is either unconnected or has no load
WARNING: [Synth 8-7129] Port S_AXI_AWADDR[83] in module axi_crossbar_v2_1_27_crossbar is either unconnected or has no load
WARNING: [Synth 8-7129] Port S_AXI_AWADDR[82] in module axi_crossbar_v2_1_27_crossbar is either unconnected or has no load
WARNING: [Synth 8-7129] Port S_AXI_AWADDR[81] in module axi_crossbar_v2_1_27_crossbar is either unconnected or has no load
WARNING: [Synth 8-7129] Port S_AXI_AWADDR[80] in module axi_crossbar_v2_1_27_crossbar is either unconnected or has no load
WARNING: [Synth 8-7129] Port S_AXI_AWADDR[79] in module axi_crossbar_v2_1_27_crossbar is either unconnected or has no load
WARNING: [Synth 8-7129] Port S_AXI_AWADDR[78] in module axi_crossbar_v2_1_27_crossbar is either unconnected or has no load
WARNING: [Synth 8-7129] Port S_AXI_AWADDR[77] in module axi_crossbar_v2_1_27_crossbar is either unconnected or has no load
WARNING: [Synth 8-7129] Port S_AXI_AWADDR[76] in module axi_crossbar_v2_1_27_crossbar is either unconnected or has no load
WARNING: [Synth 8-7129] Port S_AXI_AWADDR[75] in module axi_crossbar_v2_1_27_crossbar is either unconnected or has no load
WARNING: [Synth 8-7129] Port S_AXI_AWADDR[74] in module axi_crossbar_v2_1_27_crossbar is either unconnected or has no load
WARNING: [Synth 8-7129] Port S_AXI_AWADDR[73] in module axi_crossbar_v2_1_27_crossbar is either unconnected or has no load
WARNING: [Synth 8-7129] Port S_AXI_AWADDR[72] in module axi_crossbar_v2_1_27_crossbar is either unconnected or has no load
WARNING: [Synth 8-7129] Port S_AXI_AWADDR[71] in module axi_crossbar_v2_1_27_crossbar is either unconnected or has no load
WARNING: [Synth 8-7129] Port S_AXI_AWADDR[70] in module axi_crossbar_v2_1_27_crossbar is either unconnected or has no load
WARNING: [Synth 8-7129] Port S_AXI_AWADDR[69] in module axi_crossbar_v2_1_27_crossbar is either unconnected or has no load
WARNING: [Synth 8-7129] Port S_AXI_AWADDR[68] in module axi_crossbar_v2_1_27_crossbar is either unconnected or has no load
WARNING: [Synth 8-7129] Port S_AXI_AWADDR[67] in module axi_crossbar_v2_1_27_crossbar is either unconnected or has no load
WARNING: [Synth 8-7129] Port S_AXI_AWADDR[66] in module axi_crossbar_v2_1_27_crossbar is either unconnected or has no load
WARNING: [Synth 8-7129] Port S_AXI_AWADDR[65] in module axi_crossbar_v2_1_27_crossbar is either unconnected or has no load
WARNING: [Synth 8-7129] Port S_AXI_AWADDR[64] in module axi_crossbar_v2_1_27_crossbar is either unconnected or has no load
WARNING: [Synth 8-7129] Port S_AXI_AWADDR[63] in module axi_crossbar_v2_1_27_crossbar is either unconnected or has no load
WARNING: [Synth 8-7129] Port S_AXI_AWADDR[62] in module axi_crossbar_v2_1_27_crossbar is either unconnected or has no load
WARNING: [Synth 8-7129] Port S_AXI_AWADDR[61] in module axi_crossbar_v2_1_27_crossbar is either unconnected or has no load
WARNING: [Synth 8-7129] Port S_AXI_AWADDR[60] in module axi_crossbar_v2_1_27_crossbar is either unconnected or has no load
WARNING: [Synth 8-7129] Port S_AXI_AWADDR[59] in module axi_crossbar_v2_1_27_crossbar is either unconnected or has no load
WARNING: [Synth 8-7129] Port S_AXI_AWADDR[58] in module axi_crossbar_v2_1_27_crossbar is either unconnected or has no load
WARNING: [Synth 8-7129] Port S_AXI_AWADDR[57] in module axi_crossbar_v2_1_27_crossbar is either unconnected or has no load
WARNING: [Synth 8-7129] Port S_AXI_AWADDR[56] in module axi_crossbar_v2_1_27_crossbar is either unconnected or has no load
WARNING: [Synth 8-7129] Port S_AXI_AWADDR[55] in module axi_crossbar_v2_1_27_crossbar is either unconnected or has no load
WARNING: [Synth 8-7129] Port S_AXI_AWADDR[54] in module axi_crossbar_v2_1_27_crossbar is either unconnected or has no load
WARNING: [Synth 8-7129] Port S_AXI_AWADDR[53] in module axi_crossbar_v2_1_27_crossbar is either unconnected or has no load
WARNING: [Synth 8-7129] Port S_AXI_AWADDR[52] in module axi_crossbar_v2_1_27_crossbar is either unconnected or has no load
WARNING: [Synth 8-7129] Port S_AXI_AWADDR[51] in module axi_crossbar_v2_1_27_crossbar is either unconnected or has no load
WARNING: [Synth 8-7129] Port S_AXI_AWADDR[50] in module axi_crossbar_v2_1_27_crossbar is either unconnected or has no load
WARNING: [Synth 8-7129] Port S_AXI_AWADDR[49] in module axi_crossbar_v2_1_27_crossbar is either unconnected or has no load
WARNING: [Synth 8-7129] Port S_AXI_AWADDR[48] in module axi_crossbar_v2_1_27_crossbar is either unconnected or has no load
WARNING: [Synth 8-7129] Port S_AXI_AWADDR[47] in module axi_crossbar_v2_1_27_crossbar is either unconnected or has no load
WARNING: [Synth 8-7129] Port S_AXI_AWADDR[46] in module axi_crossbar_v2_1_27_crossbar is either unconnected or has no load
WARNING: [Synth 8-7129] Port S_AXI_AWADDR[45] in module axi_crossbar_v2_1_27_crossbar is either unconnected or has no load
WARNING: [Synth 8-7129] Port S_AXI_AWADDR[44] in module axi_crossbar_v2_1_27_crossbar is either unconnected or has no load
WARNING: [Synth 8-7129] Port S_AXI_AWADDR[43] in module axi_crossbar_v2_1_27_crossbar is either unconnected or has no load
WARNING: [Synth 8-7129] Port S_AXI_AWADDR[42] in module axi_crossbar_v2_1_27_crossbar is either unconnected or has no load
WARNING: [Synth 8-7129] Port S_AXI_AWADDR[41] in module axi_crossbar_v2_1_27_crossbar is either unconnected or has no load
WARNING: [Synth 8-7129] Port S_AXI_AWADDR[40] in module axi_crossbar_v2_1_27_crossbar is either unconnected or has no load
WARNING: [Synth 8-7129] Port S_AXI_AWADDR[39] in module axi_crossbar_v2_1_27_crossbar is either unconnected or has no load
WARNING: [Synth 8-7129] Port S_AXI_AWADDR[38] in module axi_crossbar_v2_1_27_crossbar is either unconnected or has no load
WARNING: [Synth 8-7129] Port S_AXI_AWADDR[37] in module axi_crossbar_v2_1_27_crossbar is either unconnected or has no load
WARNING: [Synth 8-7129] Port S_AXI_AWADDR[36] in module axi_crossbar_v2_1_27_crossbar is either unconnected or has no load
WARNING: [Synth 8-7129] Port S_AXI_AWADDR[35] in module axi_crossbar_v2_1_27_crossbar is either unconnected or has no load
WARNING: [Synth 8-7129] Port S_AXI_AWADDR[34] in module axi_crossbar_v2_1_27_crossbar is either unconnected or has no load
WARNING: [Synth 8-7129] Port S_AXI_AWADDR[33] in module axi_crossbar_v2_1_27_crossbar is either unconnected or has no load
WARNING: [Synth 8-7129] Port S_AXI_AWADDR[32] in module axi_crossbar_v2_1_27_crossbar is either unconnected or has no load
WARNING: [Synth 8-7129] Port S_AXI_AWLEN[23] in module axi_crossbar_v2_1_27_crossbar is either unconnected or has no load
WARNING: [Synth 8-7129] Port S_AXI_AWLEN[22] in module axi_crossbar_v2_1_27_crossbar is either unconnected or has no load
WARNING: [Synth 8-7129] Port S_AXI_AWLEN[21] in module axi_crossbar_v2_1_27_crossbar is either unconnected or has no load
WARNING: [Synth 8-7129] Port S_AXI_AWLEN[20] in module axi_crossbar_v2_1_27_crossbar is either unconnected or has no load
INFO: [Common 17-14] Message 'Synth 8-7129' appears 100 times and further instances of the messages will be disabled. Use the Tcl command set_msg_config to change the current settings.
---------------------------------------------------------------------------------
Finished RTL Elaboration : Time (s): cpu = 00:00:13 ; elapsed = 00:00:14 . Memory (MB): peak = 1782.531 ; gain = 408.047
---------------------------------------------------------------------------------
---------------------------------------------------------------------------------
Start Handling Custom Attributes
---------------------------------------------------------------------------------
---------------------------------------------------------------------------------
Finished Handling Custom Attributes : Time (s): cpu = 00:00:13 ; elapsed = 00:00:14 . Memory (MB): peak = 1782.531 ; gain = 408.047
---------------------------------------------------------------------------------
---------------------------------------------------------------------------------
Finished RTL Optimization Phase 1 : Time (s): cpu = 00:00:13 ; elapsed = 00:00:14 . Memory (MB): peak = 1782.531 ; gain = 408.047
---------------------------------------------------------------------------------
Netlist sorting complete. Time (s): cpu = 00:00:00 ; elapsed = 00:00:00.055 . Memory (MB): peak = 1782.531 ; gain = 0.000
INFO: [Project 1-570] Preparing netlist for logic optimization

Processing XDC Constraints
Initializing timing engine
Parsing XDC File [c:/Users/marko/Downloads/Nexys-Video-DMA-hw.xpr/hw/hw.gen/sources_1/bd/design_1/ip/design_1_xbar_2/design_1_xbar_2_ooc.xdc] for cell 'inst'
Finished Parsing XDC File [c:/Users/marko/Downloads/Nexys-Video-DMA-hw.xpr/hw/hw.gen/sources_1/bd/design_1/ip/design_1_xbar_2/design_1_xbar_2_ooc.xdc] for cell 'inst'
Parsing XDC File [C:/Users/marko/Downloads/Nexys-Video-DMA-hw.xpr/hw/hw.runs/design_1_xbar_2_synth_1/dont_touch.xdc]
Finished Parsing XDC File [C:/Users/marko/Downloads/Nexys-Video-DMA-hw.xpr/hw/hw.runs/design_1_xbar_2_synth_1/dont_touch.xdc]
Completed Processing XDC Constraints

Netlist sorting complete. Time (s): cpu = 00:00:00 ; elapsed = 00:00:00.001 . Memory (MB): peak = 1837.844 ; gain = 0.000
INFO: [Project 1-111] Unisim Transformation Summary:
No Unisim elements were transformed.

Constraint Validation Runtime : Time (s): cpu = 00:00:00 ; elapsed = 00:00:00.063 . Memory (MB): peak = 1838.492 ; gain = 0.648
INFO: [Designutils 20-5008] Incremental synthesis strategy off
---------------------------------------------------------------------------------
Finished Constraint Validation : Time (s): cpu = 00:00:20 ; elapsed = 00:00:22 . Memory (MB): peak = 1838.492 ; gain = 464.008
---------------------------------------------------------------------------------
---------------------------------------------------------------------------------
Start Loading Part and Timing Information
---------------------------------------------------------------------------------
Loading part: xc7a200tsbg484-1
---------------------------------------------------------------------------------
Finished Loading Part and Timing Information : Time (s): cpu = 00:00:20 ; elapsed = 00:00:22 . Memory (MB): peak = 1838.492 ; gain = 464.008
---------------------------------------------------------------------------------
---------------------------------------------------------------------------------
Start Applying 'set_property' XDC Constraints
---------------------------------------------------------------------------------
Applied set_property KEEP_HIERARCHY = SOFT for inst. (constraint file  C:/Users/marko/Downloads/Nexys-Video-DMA-hw.xpr/hw/hw.runs/design_1_xbar_2_synth_1/dont_touch.xdc, line 9).
---------------------------------------------------------------------------------
Finished applying 'set_property' XDC Constraints : Time (s): cpu = 00:00:20 ; elapsed = 00:00:22 . Memory (MB): peak = 1838.492 ; gain = 464.008
---------------------------------------------------------------------------------
INFO: [Synth 8-802] inferred FSM for state register 'state_reg' in module 'axi_data_fifo_v2_1_25_axic_reg_srl_fifo'
INFO: [Synth 8-802] inferred FSM for state register 'state_reg' in module 'axi_data_fifo_v2_1_25_axic_reg_srl_fifo__parameterized0'
INFO: [Synth 8-802] inferred FSM for state register 'state_reg' in module 'axi_data_fifo_v2_1_25_axic_reg_srl_fifo__parameterized1'
INFO: [Synth 8-802] inferred FSM for state register 'gen_axi.write_cs_reg' in module 'axi_crossbar_v2_1_27_decerr_slave'
---------------------------------------------------------------------------------------------------
                   State |                     New Encoding |                Previous Encoding 
---------------------------------------------------------------------------------------------------
                    ZERO |                             1000 |                               10
                     ONE |                             0010 |                               11
                     TWO |                             0001 |                               01
                  iSTATE |                             0100 |                               00
---------------------------------------------------------------------------------------------------
INFO: [Synth 8-3354] encoded FSM with state register 'state_reg' using encoding 'one-hot' in module 'axi_data_fifo_v2_1_25_axic_reg_srl_fifo'
---------------------------------------------------------------------------------------------------
                   State |                     New Encoding |                Previous Encoding 
---------------------------------------------------------------------------------------------------
                    ZERO |                             1000 |                               10
                     ONE |                             0010 |                               11
                     TWO |                             0001 |                               01
                  iSTATE |                             0100 |                               00
---------------------------------------------------------------------------------------------------
INFO: [Synth 8-3354] encoded FSM with state register 'state_reg' using encoding 'one-hot' in module 'axi_data_fifo_v2_1_25_axic_reg_srl_fifo__parameterized0'
---------------------------------------------------------------------------------------------------
                   State |                     New Encoding |                Previous Encoding 
---------------------------------------------------------------------------------------------------
                    ZERO |                             1000 |                               10
                     ONE |                             0010 |                               11
                     TWO |                             0001 |                               01
                  iSTATE |                             0100 |                               00
---------------------------------------------------------------------------------------------------
INFO: [Synth 8-3354] encoded FSM with state register 'state_reg' using encoding 'one-hot' in module 'axi_data_fifo_v2_1_25_axic_reg_srl_fifo__parameterized1'
---------------------------------------------------------------------------------------------------
                   State |                     New Encoding |                Previous Encoding 
---------------------------------------------------------------------------------------------------
            P_WRITE_IDLE |                              001 |                               00
            P_WRITE_DATA |                              010 |                               01
            P_WRITE_RESP |                              100 |                               10
---------------------------------------------------------------------------------------------------
INFO: [Synth 8-3354] encoded FSM with state register 'gen_axi.write_cs_reg' using encoding 'one-hot' in module 'axi_crossbar_v2_1_27_decerr_slave'
---------------------------------------------------------------------------------
Finished RTL Optimization Phase 2 : Time (s): cpu = 00:00:21 ; elapsed = 00:00:23 . Memory (MB): peak = 1838.492 ; gain = 464.008
---------------------------------------------------------------------------------
---------------------------------------------------------------------------------
Start RTL Component Statistics 
---------------------------------------------------------------------------------
Detailed RTL Component Info : 
+---Adders : 
	   2 Input    8 Bit       Adders := 3     
	   2 Input    4 Bit       Adders := 8     
	   2 Input    3 Bit       Adders := 7     
	   2 Input    2 Bit       Adders := 7     
	   2 Input    1 Bit       Adders := 4     
+---XORs : 
	   2 Input      1 Bit         XORs := 11    
+---Registers : 
	               65 Bit    Registers := 2     
	               37 Bit    Registers := 4     
	                8 Bit    Registers := 3     
	                4 Bit    Registers := 21    
	                3 Bit    Registers := 4     
	                2 Bit    Registers := 26    
	                1 Bit    Registers := 43    
+---Muxes : 
	   2 Input   37 Bit        Muxes := 4     
	   2 Input   16 Bit        Muxes := 4     
	   2 Input    8 Bit        Muxes := 1     
	   3 Input    4 Bit        Muxes := 4     
	   2 Input    4 Bit        Muxes := 18    
	   2 Input    3 Bit        Muxes := 3     
	   2 Input    2 Bit        Muxes := 22    
	   2 Input    1 Bit        Muxes := 105   
	   4 Input    1 Bit        Muxes := 12    
	   3 Input    1 Bit        Muxes := 9     
---------------------------------------------------------------------------------
Finished RTL Component Statistics 
---------------------------------------------------------------------------------
---------------------------------------------------------------------------------
Start Part Resource Summary
---------------------------------------------------------------------------------
Part Resources:
DSPs: 740 (col length:100)
BRAMs: 730 (col length: RAMB18 100 RAMB36 50)
---------------------------------------------------------------------------------
Finished Part Resource Summary
---------------------------------------------------------------------------------
---------------------------------------------------------------------------------
Start Cross Boundary and Area Optimization
---------------------------------------------------------------------------------
WARNING: [Synth 8-7080] Parallel synthesis criteria is not met
INFO: [Synth 8-3332] Sequential element (gen_samd.crossbar_samd/gen_slave_slots[0].gen_si_write.wdata_router_w/wrouter_aw_fifo/FSM_onehot_state_reg[2]) is unused and will be removed from module axi_crossbar_v2_1_27_axi_crossbar.
INFO: [Synth 8-3332] Sequential element (gen_samd.crossbar_samd/gen_slave_slots[3].gen_si_write.wdata_router_w/wrouter_aw_fifo/FSM_onehot_state_reg[2]) is unused and will be removed from module axi_crossbar_v2_1_27_axi_crossbar.
INFO: [Synth 8-3332] Sequential element (gen_samd.crossbar_samd/gen_master_slots[0].gen_mi_write.wdata_mux_w/gen_wmux.wmux_aw_fifo/FSM_onehot_state_reg[2]) is unused and will be removed from module axi_crossbar_v2_1_27_axi_crossbar.
INFO: [Synth 8-3332] Sequential element (gen_samd.crossbar_samd/gen_master_slots[1].gen_mi_write.wdata_mux_w/gen_wmux.wmux_aw_fifo/FSM_onehot_state_reg[2]) is unused and will be removed from module axi_crossbar_v2_1_27_axi_crossbar.
---------------------------------------------------------------------------------
Finished Cross Boundary and Area Optimization : Time (s): cpu = 00:00:25 ; elapsed = 00:00:26 . Memory (MB): peak = 1838.492 ; gain = 464.008
---------------------------------------------------------------------------------
---------------------------------------------------------------------------------
Start Applying XDC Timing Constraints
---------------------------------------------------------------------------------
---------------------------------------------------------------------------------
Finished Applying XDC Timing Constraints : Time (s): cpu = 00:00:31 ; elapsed = 00:00:32 . Memory (MB): peak = 1838.492 ; gain = 464.008
---------------------------------------------------------------------------------
---------------------------------------------------------------------------------
Start Timing Optimization
---------------------------------------------------------------------------------
---------------------------------------------------------------------------------
Finished Timing Optimization : Time (s): cpu = 00:00:33 ; elapsed = 00:00:35 . Memory (MB): peak = 1838.492 ; gain = 464.008
---------------------------------------------------------------------------------
---------------------------------------------------------------------------------
Start Technology Mapping
---------------------------------------------------------------------------------
---------------------------------------------------------------------------------
Finished Technology Mapping : Time (s): cpu = 00:00:34 ; elapsed = 00:00:35 . Memory (MB): peak = 1838.492 ; gain = 464.008
---------------------------------------------------------------------------------
---------------------------------------------------------------------------------
Start IO Insertion
---------------------------------------------------------------------------------
---------------------------------------------------------------------------------
Start Flattening Before IO Insertion
---------------------------------------------------------------------------------
---------------------------------------------------------------------------------
Finished Flattening Before IO Insertion
---------------------------------------------------------------------------------
---------------------------------------------------------------------------------
Start Final Netlist Cleanup
---------------------------------------------------------------------------------
---------------------------------------------------------------------------------
Finished Final Netlist Cleanup
---------------------------------------------------------------------------------
---------------------------------------------------------------------------------
Finished IO Insertion : Time (s): cpu = 00:00:39 ; elapsed = 00:00:41 . Memory (MB): peak = 1838.492 ; gain = 464.008
---------------------------------------------------------------------------------
---------------------------------------------------------------------------------
Start Renaming Generated Instances
---------------------------------------------------------------------------------
---------------------------------------------------------------------------------
Finished Renaming Generated Instances : Time (s): cpu = 00:00:39 ; elapsed = 00:00:41 . Memory (MB): peak = 1838.492 ; gain = 464.008
---------------------------------------------------------------------------------
---------------------------------------------------------------------------------
Start Rebuilding User Hierarchy
---------------------------------------------------------------------------------
---------------------------------------------------------------------------------
Finished Rebuilding User Hierarchy : Time (s): cpu = 00:00:39 ; elapsed = 00:00:41 . Memory (MB): peak = 1838.492 ; gain = 464.008
---------------------------------------------------------------------------------
---------------------------------------------------------------------------------
Start Renaming Generated Ports
---------------------------------------------------------------------------------
---------------------------------------------------------------------------------
Finished Renaming Generated Ports : Time (s): cpu = 00:00:39 ; elapsed = 00:00:41 . Memory (MB): peak = 1838.492 ; gain = 464.008
---------------------------------------------------------------------------------
---------------------------------------------------------------------------------
Start Handling Custom Attributes
---------------------------------------------------------------------------------
---------------------------------------------------------------------------------
Finished Handling Custom Attributes : Time (s): cpu = 00:00:39 ; elapsed = 00:00:41 . Memory (MB): peak = 1838.492 ; gain = 464.008
---------------------------------------------------------------------------------
---------------------------------------------------------------------------------
Start Renaming Generated Nets
---------------------------------------------------------------------------------
---------------------------------------------------------------------------------
Finished Renaming Generated Nets : Time (s): cpu = 00:00:39 ; elapsed = 00:00:41 . Memory (MB): peak = 1838.492 ; gain = 464.008
---------------------------------------------------------------------------------
---------------------------------------------------------------------------------
Start Writing Synthesis Report
---------------------------------------------------------------------------------

Report BlackBoxes: 
+-+--------------+----------+
| |BlackBox name |Instances |
+-+--------------+----------+
+-+--------------+----------+

Report Cell Usage: 
+------+--------+------+
|      |Cell    |Count |
+------+--------+------+
|1     |LUT1    |     8|
|2     |LUT2    |   125|
|3     |LUT3    |   140|
|4     |LUT4    |    95|
|5     |LUT5    |   130|
|6     |LUT6    |    97|
|7     |SRLC32E |     6|
|8     |FDRE    |   320|
|9     |FDSE    |    21|
+------+--------+------+
---------------------------------------------------------------------------------
Finished Writing Synthesis Report : Time (s): cpu = 00:00:39 ; elapsed = 00:00:41 . Memory (MB): peak = 1838.492 ; gain = 464.008
---------------------------------------------------------------------------------
Synthesis finished with 0 errors, 0 critical warnings and 595 warnings.
Synthesis Optimization Runtime : Time (s): cpu = 00:00:25 ; elapsed = 00:00:39 . Memory (MB): peak = 1838.492 ; gain = 408.047
Synthesis Optimization Complete : Time (s): cpu = 00:00:40 ; elapsed = 00:00:41 . Memory (MB): peak = 1838.492 ; gain = 464.008
INFO: [Project 1-571] Translating synthesized netlist
Netlist sorting complete. Time (s): cpu = 00:00:00 ; elapsed = 00:00:00.019 . Memory (MB): peak = 1838.492 ; gain = 0.000
INFO: [Project 1-570] Preparing netlist for logic optimization
INFO: [Opt 31-138] Pushed 0 inverter(s) to 0 load pin(s).
Netlist sorting complete. Time (s): cpu = 00:00:00 ; elapsed = 00:00:00.001 . Memory (MB): peak = 1838.492 ; gain = 0.000
INFO: [Project 1-111] Unisim Transformation Summary:
No Unisim elements were transformed.

Synth Design complete, checksum: 6f6caf80
INFO: [Common 17-83] Releasing license: Synthesis
119 Infos, 128 Warnings, 0 Critical Warnings and 0 Errors encountered.
synth_design completed successfully
synth_design: Time (s): cpu = 00:00:45 ; elapsed = 00:01:05 . Memory (MB): peak = 1838.492 ; gain = 464.008
INFO: [Common 17-1381] The checkpoint 'C:/Users/marko/Downloads/Nexys-Video-DMA-hw.xpr/hw/hw.runs/design_1_xbar_2_synth_1/design_1_xbar_2.dcp' has been generated.
INFO: [Coretcl 2-1648] Added synthesis output to IP cache for IP design_1_xbar_2, cache-ID = 9e4a8408cbfdd5b6
INFO: [Coretcl 2-1174] Renamed 33 cell refs.
INFO: [Common 17-1381] The checkpoint 'C:/Users/marko/Downloads/Nexys-Video-DMA-hw.xpr/hw/hw.runs/design_1_xbar_2_synth_1/design_1_xbar_2.dcp' has been generated.
INFO: [runtcl-4] Executing : report_utilization -file design_1_xbar_2_utilization_synth.rpt -pb design_1_xbar_2_utilization_synth.pb
INFO: [Common 17-206] Exiting Vivado at Thu Feb 20 02:31:50 2025...
