Copyright 1986-2018 Xilinx, Inc. All Rights Reserved.
------------------------------------------------------------------------------------
| Tool Version : Vivado v.2018.3 (win64) Build 2405991 Thu Dec  6 23:38:27 MST 2018
| Date         : Sun Mar  9 19:26:55 2025
| Host         : DESKTOP-BINRERU running 64-bit major release  (build 9200)
| Command      : upgrade_ip
| Device       : xc7a200tsbg484-1
------------------------------------------------------------------------------------

Upgrade Log for IP 'parser_array_parser_1_0'

1. Summary
----------

CAUTION (success, with warnings) in the upgrade of parser_array_parser_1_0 (xilinx.com:user:array_parser:1.0) from (Rev. 4) to (Rev. 5)

After upgrade, an IP may have parameter and port differences compared to the original customization. Please review the parameters within the IP customization GUI to ensure proper functionality. Also, please review the updated IP instantiation template to ensure proper connectivity, and update your design if required.

2. Connection Warnings
----------------------

Detected external port differences while upgrading 'parser_array_parser_1_0'. These changes may impact your design.


-Upgrade has added port 'valid'







Copyright 1986-2018 Xilinx, Inc. All Rights Reserved.
------------------------------------------------------------------------------------
| Tool Version : Vivado v.2018.3 (win64) Build 2405991 Thu Dec  6 23:38:27 MST 2018
| Date         : Sun Mar  9 18:28:59 2025
| Host         : DESKTOP-BINRERU running 64-bit major release  (build 9200)
| Command      : upgrade_ip
| Device       : xc7a200tsbg484-1
------------------------------------------------------------------------------------

Upgrade Log for IP 'parser_array_parser_1_0'

1. Summary
----------

SUCCESS in the upgrade of parser_array_parser_1_0 (xilinx.com:user:array_parser:1.0) from (Rev. 3) to (Rev. 4)






Copyright 1986-2018 Xilinx, Inc. All Rights Reserved.
------------------------------------------------------------------------------------
| Tool Version : Vivado v.2018.3 (win64) Build 2405991 Thu Dec  6 23:38:27 MST 2018
| Date         : Mon Mar  3 23:50:41 2025
| Host         : DESKTOP-BINRERU running 64-bit major release  (build 9200)
| Command      : upgrade_ip
| Device       : xc7a200tsbg484-1
------------------------------------------------------------------------------------

Upgrade Log for IP 'parser_array_parser_1_0'

1. Summary
----------

SUCCESS in the upgrade of parser_array_parser_1_0 (xilinx.com:user:array_parser:1.0) from (Rev. 2) to (Rev. 3)

