Copyright 1986-2022 Xilinx, Inc. All Rights Reserved.
------------------------------------------------------------------------------------
| Tool Version : Vivado v.2022.1 (win64) Build 3526262 Mon Apr 18 15:48:16 MDT 2022
| Date         : Wed Mar 12 22:13:28 2025
| Host         : MUGEN running 64-bit major release  (build 9200)
| Command      : upgrade_ip
| Device       : xc7a200tsbg484-1
------------------------------------------------------------------------------------

Upgrade Log for IP 'hdmi_object_localizer_0_0'

1. Summary
----------

SUCCESS in the conversion of hdmi_object_localizer_0_0 (xilinx.com:user:object_localizer:1.0 (Rev. 3)) to Vivado generation flows.






Copyright 1986-2022 Xilinx, Inc. All Rights Reserved.
------------------------------------------------------------------------------------
| Tool Version : Vivado v.2022.1 (win64) Build 3526262 Mon Apr 18 15:48:16 MDT 2022
| Date         : Wed Mar 12 22:09:27 2025
| Host         : MUGEN running 64-bit major release  (build 9200)
| Command      : upgrade_ip
| Device       : xc7a200tsbg484-1
------------------------------------------------------------------------------------

Upgrade Log for IP 'hdmi_object_localizer_0_0'

1. Summary
----------

SUCCESS in the upgrade of hdmi_object_localizer_0_0 (xilinx.com:user:object_localizer:1.0) from (Rev. 2) to (Rev. 3)

