
*** Running vivado
    with args -log parser_object_localizer_0_0.vds -m64 -product Vivado -mode batch -messageDb vivado.pb -notrace -source parser_object_localizer_0_0.tcl


****** Vivado v2018.3 (64-bit)
  **** SW Build 2405991 on Thu Dec  6 23:38:27 MST 2018
  **** IP Build 2404404 on Fri Dec  7 01:43:56 MST 2018
    ** Copyright 1986-2018 Xilinx, Inc. All Rights Reserved.

source parser_object_localizer_0_0.tcl -notrace
INFO: [IP_Flow 19-234] Refreshing IP repositories
INFO: [IP_Flow 19-1700] Loaded user IP repository 'c:/Users/Muaz/Documents/MeteorDestroyer/Parser/Parser.srcs/sources_1/localization'.
INFO: [IP_Flow 19-1700] Loaded user IP repository 'c:/Users/Muaz/Documents/MeteorDestroyer/Parser/Parser.srcs/sources_1/new'.
INFO: [IP_Flow 19-2313] Loaded Vivado IP repository 'C:/Xilinx/Vivado/2018.3/data/ip'.
Command: synth_design -top parser_object_localizer_0_0 -part xc7a200tsbg484-1 -mode out_of_context
Starting synth_design
Attempting to get a license for feature 'Synthesis' and/or device 'xc7a200t'
INFO: [Common 17-349] Got license for feature 'Synthesis' and/or device 'xc7a200t'
INFO: Launching helper process for spawning children vivado processes
INFO: Helper process launched with PID 30136 
---------------------------------------------------------------------------------
Starting RTL Elaboration : Time (s): cpu = 00:00:02 ; elapsed = 00:00:03 . Memory (MB): peak = 369.945 ; gain = 101.809
---------------------------------------------------------------------------------
INFO: [Synth 8-6157] synthesizing module 'parser_object_localizer_0_0' [c:/Users/Muaz/Documents/MeteorDestroyer/Parser/Parser.srcs/sources_1/bd/parser/ip/parser_object_localizer_0_0/synth/parser_object_localizer_0_0.sv:58]
INFO: [Synth 8-6157] synthesizing module 'object_localizer' [c:/Users/Muaz/Documents/MeteorDestroyer/Parser/Parser.srcs/sources_1/bd/parser/ipshared/48b4/object_localization.sv:1]
	Parameter NUM_SENSORS bound to: 3 - type: integer 
	Parameter DW bound to: 16 - type: integer 
INFO: [Synth 8-6157] synthesizing module 'min_n' [c:/Users/Muaz/Documents/MeteorDestroyer/Parser/Parser.srcs/sources_1/bd/parser/ipshared/48b4/min.sv:41]
	Parameter DW bound to: 16 - type: integer 
	Parameter NUM_SENSORS bound to: 3 - type: integer 
INFO: [Synth 8-6157] synthesizing module 'min3' [c:/Users/Muaz/Documents/MeteorDestroyer/Parser/Parser.srcs/sources_1/bd/parser/ipshared/48b4/min.sv:1]
	Parameter DW bound to: 16 - type: integer 
INFO: [Synth 8-6155] done synthesizing module 'min3' (1#1) [c:/Users/Muaz/Documents/MeteorDestroyer/Parser/Parser.srcs/sources_1/bd/parser/ipshared/48b4/min.sv:1]
INFO: [Synth 8-6157] synthesizing module 'min_n__parameterized0' [c:/Users/Muaz/Documents/MeteorDestroyer/Parser/Parser.srcs/sources_1/bd/parser/ipshared/48b4/min.sv:41]
	Parameter DW bound to: 16 - type: integer 
	Parameter NUM_SENSORS bound to: 1 - type: integer 
INFO: [Synth 8-6155] done synthesizing module 'min_n__parameterized0' (2#1) [c:/Users/Muaz/Documents/MeteorDestroyer/Parser/Parser.srcs/sources_1/bd/parser/ipshared/48b4/min.sv:41]
INFO: [Synth 8-6155] done synthesizing module 'min_n' (2#1) [c:/Users/Muaz/Documents/MeteorDestroyer/Parser/Parser.srcs/sources_1/bd/parser/ipshared/48b4/min.sv:41]
INFO: [Synth 8-6155] done synthesizing module 'object_localizer' (3#1) [c:/Users/Muaz/Documents/MeteorDestroyer/Parser/Parser.srcs/sources_1/bd/parser/ipshared/48b4/object_localization.sv:1]
INFO: [Synth 8-6155] done synthesizing module 'parser_object_localizer_0_0' (4#1) [c:/Users/Muaz/Documents/MeteorDestroyer/Parser/Parser.srcs/sources_1/bd/parser/ip/parser_object_localizer_0_0/synth/parser_object_localizer_0_0.sv:58]
WARNING: [Synth 8-3331] design min_n__parameterized0 has unconnected port clk
---------------------------------------------------------------------------------
Finished RTL Elaboration : Time (s): cpu = 00:00:03 ; elapsed = 00:00:03 . Memory (MB): peak = 425.262 ; gain = 157.125
---------------------------------------------------------------------------------

Report Check Netlist: 
+------+------------------+-------+---------+-------+------------------+
|      |Item              |Errors |Warnings |Status |Description       |
+------+------------------+-------+---------+-------+------------------+
|1     |multi_driven_nets |      0|        0|Passed |Multi driven nets |
+------+------------------+-------+---------+-------+------------------+
---------------------------------------------------------------------------------
Start Handling Custom Attributes
---------------------------------------------------------------------------------
---------------------------------------------------------------------------------
Finished Handling Custom Attributes : Time (s): cpu = 00:00:03 ; elapsed = 00:00:04 . Memory (MB): peak = 425.262 ; gain = 157.125
---------------------------------------------------------------------------------
---------------------------------------------------------------------------------
Finished RTL Optimization Phase 1 : Time (s): cpu = 00:00:03 ; elapsed = 00:00:04 . Memory (MB): peak = 425.262 ; gain = 157.125
---------------------------------------------------------------------------------
INFO: [Device 21-403] Loading part xc7a200tsbg484-1
INFO: [Project 1-570] Preparing netlist for logic optimization

Processing XDC Constraints
Initializing timing engine
Completed Processing XDC Constraints

Netlist sorting complete. Time (s): cpu = 00:00:00 ; elapsed = 00:00:00 . Memory (MB): peak = 787.012 ; gain = 0.000
INFO: [Project 1-111] Unisim Transformation Summary:
No Unisim elements were transformed.

Netlist sorting complete. Time (s): cpu = 00:00:00 ; elapsed = 00:00:00 . Memory (MB): peak = 787.012 ; gain = 0.000
WARNING: [Constraints 18-5210] No constraints selected for write.
Resolution: This message can indicate that there are no constraints for the design, or it can indicate that the used_in flags are set such that the constraints are ignored. This later case is used when running synth_design to not write synthesis constraints to the resulting checkpoint. Instead, project constraints are read when the synthesized design is opened.
Constraint Validation Runtime : Time (s): cpu = 00:00:00 ; elapsed = 00:00:00.058 . Memory (MB): peak = 789.422 ; gain = 2.410
---------------------------------------------------------------------------------
Finished Constraint Validation : Time (s): cpu = 00:00:10 ; elapsed = 00:00:12 . Memory (MB): peak = 789.422 ; gain = 521.285
---------------------------------------------------------------------------------
---------------------------------------------------------------------------------
Start Loading Part and Timing Information
---------------------------------------------------------------------------------
Loading part: xc7a200tsbg484-1
---------------------------------------------------------------------------------
Finished Loading Part and Timing Information : Time (s): cpu = 00:00:10 ; elapsed = 00:00:12 . Memory (MB): peak = 789.422 ; gain = 521.285
---------------------------------------------------------------------------------
---------------------------------------------------------------------------------
Start Applying 'set_property' XDC Constraints
---------------------------------------------------------------------------------
---------------------------------------------------------------------------------
Finished applying 'set_property' XDC Constraints : Time (s): cpu = 00:00:10 ; elapsed = 00:00:12 . Memory (MB): peak = 789.422 ; gain = 521.285
---------------------------------------------------------------------------------
INFO: [Synth 8-4471] merging register 'sens_y_reg[15:0]' into 'sens_x_reg[15:0]' [c:/Users/Muaz/Documents/MeteorDestroyer/Parser/Parser.srcs/sources_1/bd/parser/ipshared/48b4/object_localization.sv:72]
INFO: [Synth 8-5546] ROM "cos_approx" won't be mapped to RAM because it is too sparse
INFO: [Synth 8-5546] ROM "sin_approx" won't be mapped to RAM because it is too sparse
---------------------------------------------------------------------------------
Finished RTL Optimization Phase 2 : Time (s): cpu = 00:00:10 ; elapsed = 00:00:12 . Memory (MB): peak = 789.422 ; gain = 521.285
---------------------------------------------------------------------------------

Report RTL Partitions: 
+-+--------------+------------+----------+
| |RTL Partition |Replication |Instances |
+-+--------------+------------+----------+
+-+--------------+------------+----------+
---------------------------------------------------------------------------------
Start RTL Component Statistics 
---------------------------------------------------------------------------------
Detailed RTL Component Info : 
+---Adders : 
	   2 Input     16 Bit       Adders := 2     
+---Registers : 
	               32 Bit    Registers := 2     
	               16 Bit    Registers := 4     
	                9 Bit    Registers := 2     
	                4 Bit    Registers := 1     
+---Multipliers : 
	                16x32  Multipliers := 2     
+---Muxes : 
	   2 Input     16 Bit        Muxes := 4     
	   4 Input     16 Bit        Muxes := 1     
	   2 Input     13 Bit        Muxes := 1     
	   4 Input     13 Bit        Muxes := 1     
	  12 Input      9 Bit        Muxes := 1     
	   2 Input      4 Bit        Muxes := 3     
	  12 Input      2 Bit        Muxes := 1     
---------------------------------------------------------------------------------
Finished RTL Component Statistics 
---------------------------------------------------------------------------------
---------------------------------------------------------------------------------
Start RTL Hierarchical Component Statistics 
---------------------------------------------------------------------------------
Hierarchical RTL Component report 
Module min3 
Detailed RTL Component Info : 
+---Registers : 
	               16 Bit    Registers := 1     
	                4 Bit    Registers := 1     
+---Muxes : 
	   2 Input     16 Bit        Muxes := 3     
	   2 Input      4 Bit        Muxes := 3     
Module object_localizer 
Detailed RTL Component Info : 
+---Adders : 
	   2 Input     16 Bit       Adders := 2     
+---Registers : 
	               32 Bit    Registers := 2     
	               16 Bit    Registers := 3     
	                9 Bit    Registers := 2     
+---Multipliers : 
	                16x32  Multipliers := 2     
+---Muxes : 
	   2 Input     16 Bit        Muxes := 1     
	   4 Input     16 Bit        Muxes := 1     
	   2 Input     13 Bit        Muxes := 1     
	   4 Input     13 Bit        Muxes := 1     
	  12 Input      9 Bit        Muxes := 1     
	  12 Input      2 Bit        Muxes := 1     
---------------------------------------------------------------------------------
Finished RTL Hierarchical Component Statistics
---------------------------------------------------------------------------------
---------------------------------------------------------------------------------
Start Part Resource Summary
---------------------------------------------------------------------------------
Part Resources:
DSPs: 740 (col length:100)
BRAMs: 730 (col length: RAMB18 100 RAMB36 50)
---------------------------------------------------------------------------------
Finished Part Resource Summary
---------------------------------------------------------------------------------
---------------------------------------------------------------------------------
Start Cross Boundary and Area Optimization
---------------------------------------------------------------------------------
Warning: Parallel synthesis criteria is not met 
INFO: [Synth 8-3936] Found unconnected internal register 'inst/cos_approx_reg' and it is trimmed from '32' to '30' bits. [c:/Users/Muaz/Documents/MeteorDestroyer/Parser/Parser.srcs/sources_1/bd/parser/ipshared/48b4/object_localization.sv:58]
INFO: [Synth 8-5845] Not enough pipeline registers after wide multiplier. Recommended levels of pipeline registers is 2 [c:/Users/Muaz/Documents/MeteorDestroyer/Parser/Parser.srcs/sources_1/bd/parser/ipshared/48b4/object_localization.sv:76]
INFO: [Synth 8-5845] Not enough pipeline registers after wide multiplier. Recommended levels of pipeline registers is 2 [c:/Users/Muaz/Documents/MeteorDestroyer/Parser/Parser.srcs/sources_1/bd/parser/ipshared/48b4/object_localization.sv:77]
DSP Report: Generating DSP inst/, operation Mode is: A2*B2.
DSP Report: register B is absorbed into DSP inst/.
DSP Report: register A is absorbed into DSP inst/.
DSP Report: operator inst/ is absorbed into DSP inst/.
DSP Report: operator inst/ is absorbed into DSP inst/.
DSP Report: Generating DSP inst/, operation Mode is: (PCIN>>17)+A2*B2.
DSP Report: register B is absorbed into DSP inst/.
DSP Report: register A is absorbed into DSP inst/.
DSP Report: operator inst/ is absorbed into DSP inst/.
DSP Report: operator inst/ is absorbed into DSP inst/.
DSP Report: Generating DSP inst/, operation Mode is: A2*B2.
DSP Report: register B is absorbed into DSP inst/.
DSP Report: register A is absorbed into DSP inst/.
DSP Report: operator inst/ is absorbed into DSP inst/.
DSP Report: operator inst/ is absorbed into DSP inst/.
DSP Report: Generating DSP inst/, operation Mode is: (PCIN>>17)+A2*B2.
DSP Report: register B is absorbed into DSP inst/.
DSP Report: register A is absorbed into DSP inst/.
DSP Report: operator inst/ is absorbed into DSP inst/.
DSP Report: operator inst/ is absorbed into DSP inst/.
INFO: [Synth 8-3917] design parser_object_localizer_0_0 has port pose[47] driven by constant 0
INFO: [Synth 8-3917] design parser_object_localizer_0_0 has port pose[46] driven by constant 0
INFO: [Synth 8-3917] design parser_object_localizer_0_0 has port pose[45] driven by constant 0
INFO: [Synth 8-3917] design parser_object_localizer_0_0 has port pose[44] driven by constant 0
INFO: [Synth 8-3917] design parser_object_localizer_0_0 has port pose[43] driven by constant 0
INFO: [Synth 8-3917] design parser_object_localizer_0_0 has port pose[42] driven by constant 0
INFO: [Synth 8-3917] design parser_object_localizer_0_0 has port pose[41] driven by constant 0
INFO: [Synth 8-3886] merging instance 'inst/u1/(null)[0].u0/output_index_reg[3]' (FD) to 'inst/sens_z_reg[4]'
INFO: [Synth 8-3886] merging instance 'inst/u1/(null)[0].u0/output_index_reg[2]' (FD) to 'inst/sens_z_reg[4]'
INFO: [Synth 8-3886] merging instance 'inst/sens_x_reg[0]' (FD) to 'inst/sens_z_reg[4]'
INFO: [Synth 8-3886] merging instance 'inst/sens_x_reg[1]' (FD) to 'inst/sens_z_reg[4]'
INFO: [Synth 8-3886] merging instance 'inst/sens_x_reg[2]' (FD) to 'inst/sens_z_reg[4]'
INFO: [Synth 8-3886] merging instance 'inst/sens_x_reg[3]' (FD) to 'inst/sens_z_reg[4]'
INFO: [Synth 8-3886] merging instance 'inst/sens_x_reg[4]' (FD) to 'inst/sens_z_reg[4]'
INFO: [Synth 8-3886] merging instance 'inst/sens_x_reg[5]' (FD) to 'inst/sens_z_reg[4]'
INFO: [Synth 8-3886] merging instance 'inst/sens_x_reg[6]' (FD) to 'inst/sens_z_reg[4]'
INFO: [Synth 8-3886] merging instance 'inst/sens_x_reg[7]' (FD) to 'inst/sens_z_reg[4]'
INFO: [Synth 8-3886] merging instance 'inst/sens_x_reg[8]' (FD) to 'inst/sens_z_reg[4]'
INFO: [Synth 8-3886] merging instance 'inst/sens_x_reg[9]' (FD) to 'inst/sens_z_reg[4]'
INFO: [Synth 8-3886] merging instance 'inst/sens_x_reg[10]' (FD) to 'inst/sens_z_reg[4]'
INFO: [Synth 8-3886] merging instance 'inst/sens_x_reg[11]' (FD) to 'inst/sens_z_reg[4]'
INFO: [Synth 8-3886] merging instance 'inst/sens_x_reg[12]' (FD) to 'inst/sens_z_reg[4]'
INFO: [Synth 8-3886] merging instance 'inst/sens_x_reg[13]' (FD) to 'inst/sens_z_reg[4]'
INFO: [Synth 8-3886] merging instance 'inst/sens_x_reg[14]' (FD) to 'inst/sens_z_reg[4]'
INFO: [Synth 8-3886] merging instance 'inst/sens_x_reg[15]' (FD) to 'inst/sens_z_reg[4]'
INFO: [Synth 8-3886] merging instance 'inst/sens_z_reg[0]' (FD) to 'inst/sens_z_reg[4]'
INFO: [Synth 8-3886] merging instance 'inst/sens_z_reg[1]' (FD) to 'inst/sens_z_reg[4]'
INFO: [Synth 8-3886] merging instance 'inst/sens_z_reg[2]' (FD) to 'inst/sens_z_reg[5]'
INFO: [Synth 8-3333] propagating constant 0 across sequential element (\inst/sens_z_reg[4] )
INFO: [Synth 8-3886] merging instance 'inst/pose_reg[2][0]' (FD) to 'inst/sens_z_reg[4]'
INFO: [Synth 8-3886] merging instance 'inst/pose_reg[2][1]' (FD) to 'inst/sens_z_reg[4]'
INFO: [Synth 8-3886] merging instance 'inst/pose_reg[2][2]' (FD) to 'inst/pose_reg[2][5]'
INFO: [Synth 8-3886] merging instance 'inst/pose_reg[2][4]' (FD) to 'inst/sens_z_reg[4]'
INFO: [Synth 8-3886] merging instance 'inst/sens_z_reg[3]' (FD) to 'inst/sens_z_reg[8]'
INFO: [Synth 8-3886] merging instance 'inst/sens_z_reg[7]' (FD) to 'inst/sens_z_reg[8]'
INFO: [Synth 8-3886] merging instance 'inst/sens_z_reg[8]' (FD) to 'inst/sens_z_reg[4]'
INFO: [Synth 8-3886] merging instance 'inst/pose_reg[2][3]' (FD) to 'inst/pose_reg[2][8]'
INFO: [Synth 8-3333] propagating constant 0 across sequential element (\inst/sens_z_reg[4] )
INFO: [Synth 8-3886] merging instance 'inst/pose_reg[2][7]' (FD) to 'inst/sens_z_reg[4]'
INFO: [Synth 8-3886] merging instance 'inst/pose_reg[2][8]' (FD) to 'inst/sens_z_reg[4]'
INFO: [Synth 8-3333] propagating constant 0 across sequential element (\inst/sens_z_reg[4] )
---------------------------------------------------------------------------------
Finished Cross Boundary and Area Optimization : Time (s): cpu = 00:00:11 ; elapsed = 00:00:13 . Memory (MB): peak = 789.422 ; gain = 521.285
---------------------------------------------------------------------------------
---------------------------------------------------------------------------------
Start ROM, RAM, DSP and Shift Register Reporting
---------------------------------------------------------------------------------

DSP: Preliminary Mapping  Report (see note below)
+----------------------------+------------------+--------+--------+--------+--------+--------+------+------+------+------+-------+------+------+
|Module Name                 | DSP Mapping      | A Size | B Size | C Size | D Size | P Size | AREG | BREG | CREG | DREG | ADREG | MREG | PREG | 
+----------------------------+------------------+--------+--------+--------+--------+--------+------+------+------+------+-------+------+------+
|parser_object_localizer_0_0 | A2*B2            | 18     | 17     | -      | -      | 48     | 1    | 1    | -    | -    | -     | 0    | 0    | 
|parser_object_localizer_0_0 | (PCIN>>17)+A2*B2 | 17     | 14     | -      | -      | 48     | 1    | 1    | -    | -    | -     | 0    | 0    | 
|parser_object_localizer_0_0 | A2*B2            | 18     | 17     | -      | -      | 48     | 1    | 1    | -    | -    | -     | 0    | 0    | 
|parser_object_localizer_0_0 | (PCIN>>17)+A2*B2 | 17     | 14     | -      | -      | 48     | 1    | 1    | -    | -    | -     | 0    | 0    | 
+----------------------------+------------------+--------+--------+--------+--------+--------+------+------+------+------+-------+------+------+

Note: The table above is a preliminary report that shows the DSPs inferred at the current stage of the synthesis flow. Some DSP may be reimplemented as non DSP primitives later in the synthesis flow. Multiple instantiated DSPs are reported only once.
---------------------------------------------------------------------------------
Finished ROM, RAM, DSP and Shift Register Reporting
---------------------------------------------------------------------------------

Report RTL Partitions: 
+-+--------------+------------+----------+
| |RTL Partition |Replication |Instances |
+-+--------------+------------+----------+
+-+--------------+------------+----------+
---------------------------------------------------------------------------------
Start Applying XDC Timing Constraints
---------------------------------------------------------------------------------
---------------------------------------------------------------------------------
Finished Applying XDC Timing Constraints : Time (s): cpu = 00:00:22 ; elapsed = 00:00:25 . Memory (MB): peak = 835.996 ; gain = 567.859
---------------------------------------------------------------------------------
---------------------------------------------------------------------------------
Start Timing Optimization
---------------------------------------------------------------------------------
---------------------------------------------------------------------------------
Finished Timing Optimization : Time (s): cpu = 00:00:22 ; elapsed = 00:00:25 . Memory (MB): peak = 836.070 ; gain = 567.934
---------------------------------------------------------------------------------

Report RTL Partitions: 
+-+--------------+------------+----------+
| |RTL Partition |Replication |Instances |
+-+--------------+------------+----------+
+-+--------------+------------+----------+
---------------------------------------------------------------------------------
Start Technology Mapping
---------------------------------------------------------------------------------
---------------------------------------------------------------------------------
Finished Technology Mapping : Time (s): cpu = 00:00:22 ; elapsed = 00:00:25 . Memory (MB): peak = 846.441 ; gain = 578.305
---------------------------------------------------------------------------------

Report RTL Partitions: 
+-+--------------+------------+----------+
| |RTL Partition |Replication |Instances |
+-+--------------+------------+----------+
+-+--------------+------------+----------+
---------------------------------------------------------------------------------
Start IO Insertion
---------------------------------------------------------------------------------
---------------------------------------------------------------------------------
Start Flattening Before IO Insertion
---------------------------------------------------------------------------------
---------------------------------------------------------------------------------
Finished Flattening Before IO Insertion
---------------------------------------------------------------------------------
---------------------------------------------------------------------------------
Start Final Netlist Cleanup
---------------------------------------------------------------------------------
---------------------------------------------------------------------------------
Finished Final Netlist Cleanup
---------------------------------------------------------------------------------
---------------------------------------------------------------------------------
Finished IO Insertion : Time (s): cpu = 00:00:23 ; elapsed = 00:00:26 . Memory (MB): peak = 846.441 ; gain = 578.305
---------------------------------------------------------------------------------

Report Check Netlist: 
+------+------------------+-------+---------+-------+------------------+
|      |Item              |Errors |Warnings |Status |Description       |
+------+------------------+-------+---------+-------+------------------+
|1     |multi_driven_nets |      0|        0|Passed |Multi driven nets |
+------+------------------+-------+---------+-------+------------------+
---------------------------------------------------------------------------------
Start Renaming Generated Instances
---------------------------------------------------------------------------------
---------------------------------------------------------------------------------
Finished Renaming Generated Instances : Time (s): cpu = 00:00:23 ; elapsed = 00:00:26 . Memory (MB): peak = 846.441 ; gain = 578.305
---------------------------------------------------------------------------------

Report RTL Partitions: 
+-+--------------+------------+----------+
| |RTL Partition |Replication |Instances |
+-+--------------+------------+----------+
+-+--------------+------------+----------+
---------------------------------------------------------------------------------
Start Rebuilding User Hierarchy
---------------------------------------------------------------------------------
---------------------------------------------------------------------------------
Finished Rebuilding User Hierarchy : Time (s): cpu = 00:00:23 ; elapsed = 00:00:26 . Memory (MB): peak = 846.441 ; gain = 578.305
---------------------------------------------------------------------------------
---------------------------------------------------------------------------------
Start Renaming Generated Ports
---------------------------------------------------------------------------------
---------------------------------------------------------------------------------
Finished Renaming Generated Ports : Time (s): cpu = 00:00:23 ; elapsed = 00:00:26 . Memory (MB): peak = 846.441 ; gain = 578.305
---------------------------------------------------------------------------------
---------------------------------------------------------------------------------
Start Handling Custom Attributes
---------------------------------------------------------------------------------
---------------------------------------------------------------------------------
Finished Handling Custom Attributes : Time (s): cpu = 00:00:23 ; elapsed = 00:00:26 . Memory (MB): peak = 846.441 ; gain = 578.305
---------------------------------------------------------------------------------
---------------------------------------------------------------------------------
Start Renaming Generated Nets
---------------------------------------------------------------------------------
---------------------------------------------------------------------------------
Finished Renaming Generated Nets : Time (s): cpu = 00:00:23 ; elapsed = 00:00:26 . Memory (MB): peak = 846.441 ; gain = 578.305
---------------------------------------------------------------------------------
---------------------------------------------------------------------------------
Start Writing Synthesis Report
---------------------------------------------------------------------------------

Report BlackBoxes: 
+-+--------------+----------+
| |BlackBox name |Instances |
+-+--------------+----------+
+-+--------------+----------+

Report Cell Usage: 
+------+----------+------+
|      |Cell      |Count |
+------+----------+------+
|1     |CARRY4    |     6|
|2     |DSP48E1   |     2|
|3     |DSP48E1_1 |     2|
|4     |LUT2      |     7|
|5     |LUT3      |     1|
|6     |LUT4      |    48|
|7     |LUT6      |    16|
|8     |FDRE      |    12|
+------+----------+------+

Report Instance Areas: 
+------+---------------------+-----------------+------+
|      |Instance             |Module           |Cells |
+------+---------------------+-----------------+------+
|1     |top                  |                 |    94|
|2     |  inst               |object_localizer |    93|
|3     |    u1               |min_n            |    78|
|4     |      \(null)[0].u0  |min3             |    78|
+------+---------------------+-----------------+------+
---------------------------------------------------------------------------------
Finished Writing Synthesis Report : Time (s): cpu = 00:00:23 ; elapsed = 00:00:26 . Memory (MB): peak = 846.441 ; gain = 578.305
---------------------------------------------------------------------------------
Synthesis finished with 0 errors, 0 critical warnings and 0 warnings.
Synthesis Optimization Runtime : Time (s): cpu = 00:00:15 ; elapsed = 00:00:20 . Memory (MB): peak = 846.441 ; gain = 214.145
Synthesis Optimization Complete : Time (s): cpu = 00:00:23 ; elapsed = 00:00:26 . Memory (MB): peak = 846.441 ; gain = 578.305
INFO: [Project 1-571] Translating synthesized netlist
INFO: [Netlist 29-17] Analyzing 10 Unisim elements for replacement
INFO: [Netlist 29-28] Unisim Transformation completed in 0 CPU seconds
INFO: [Project 1-570] Preparing netlist for logic optimization
INFO: [Opt 31-138] Pushed 0 inverter(s) to 0 load pin(s).
Netlist sorting complete. Time (s): cpu = 00:00:00 ; elapsed = 00:00:00 . Memory (MB): peak = 846.441 ; gain = 0.000
INFO: [Project 1-111] Unisim Transformation Summary:
No Unisim elements were transformed.

INFO: [Common 17-83] Releasing license: Synthesis
72 Infos, 2 Warnings, 0 Critical Warnings and 0 Errors encountered.
synth_design completed successfully
synth_design: Time (s): cpu = 00:00:25 ; elapsed = 00:00:28 . Memory (MB): peak = 846.441 ; gain = 578.305
Netlist sorting complete. Time (s): cpu = 00:00:00 ; elapsed = 00:00:00 . Memory (MB): peak = 846.441 ; gain = 0.000
WARNING: [Constraints 18-5210] No constraints selected for write.
Resolution: This message can indicate that there are no constraints for the design, or it can indicate that the used_in flags are set such that the constraints are ignored. This later case is used when running synth_design to not write synthesis constraints to the resulting checkpoint. Instead, project constraints are read when the synthesized design is opened.
INFO: [Common 17-1381] The checkpoint 'C:/Users/Muaz/Documents/MeteorDestroyer/Parser/Parser.runs/parser_object_localizer_0_0_synth_1/parser_object_localizer_0_0.dcp' has been generated.
INFO: [Coretcl 2-1648] Added synthesis output to IP cache for IP parser_object_localizer_0_0, cache-ID = 50cdc7f6cc60dfc8
INFO: [Coretcl 2-1174] Renamed 3 cell refs.
Netlist sorting complete. Time (s): cpu = 00:00:00 ; elapsed = 00:00:00 . Memory (MB): peak = 846.441 ; gain = 0.000
WARNING: [Constraints 18-5210] No constraints selected for write.
Resolution: This message can indicate that there are no constraints for the design, or it can indicate that the used_in flags are set such that the constraints are ignored. This later case is used when running synth_design to not write synthesis constraints to the resulting checkpoint. Instead, project constraints are read when the synthesized design is opened.
INFO: [Common 17-1381] The checkpoint 'C:/Users/Muaz/Documents/MeteorDestroyer/Parser/Parser.runs/parser_object_localizer_0_0_synth_1/parser_object_localizer_0_0.dcp' has been generated.
INFO: [runtcl-4] Executing : report_utilization -file parser_object_localizer_0_0_utilization_synth.rpt -pb parser_object_localizer_0_0_utilization_synth.pb
INFO: [Common 17-206] Exiting Vivado at Tue Mar  4 12:59:33 2025...
