
*** Running vivado
    with args -log hdmi_object_localizer_0_0.vds -m64 -product Vivado -mode batch -messageDb vivado.pb -notrace -source hdmi_object_localizer_0_0.tcl



****** Vivado v2022.1 (64-bit)
  **** SW Build 3526262 on Mon Apr 18 15:48:16 MDT 2022
  **** IP Build 3524634 on Mon Apr 18 20:55:01 MDT 2022
    ** Copyright 1986-2022 Xilinx, Inc. All Rights Reserved.

source hdmi_object_localizer_0_0.tcl -notrace
create_project: Time (s): cpu = 00:00:05 ; elapsed = 00:00:06 . Memory (MB): peak = 1271.820 ; gain = 0.000
INFO: [IP_Flow 19-234] Refreshing IP repositories
INFO: [IP_Flow 19-1700] Loaded user IP repository 'c:/Users/Muaz/Downloads/hw/hw.srcs/sources_1/parser'.
INFO: [IP_Flow 19-1700] Loaded user IP repository 'c:/Users/Muaz/Downloads/hw/hw.srcs/sources_1/localization'.
INFO: [IP_Flow 19-1700] Loaded user IP repository 'c:/Users/Muaz/Downloads/hw/hw.ipdefs/repo'.
INFO: [IP_Flow 19-2313] Loaded Vivado IP repository 'C:/Xilinx/Vivado/2022.1/data/ip'.
Command: synth_design -top hdmi_object_localizer_0_0 -part xc7a200tsbg484-1 -incremental_mode off -mode out_of_context
Starting synth_design
Attempting to get a license for feature 'Synthesis' and/or device 'xc7a200t'
INFO: [Common 17-349] Got license for feature 'Synthesis' and/or device 'xc7a200t'
INFO: [Device 21-403] Loading part xc7a200tsbg484-1
INFO: [Synth 8-7079] Multithreading enabled for synth_design using a maximum of 2 processes.
INFO: [Synth 8-7078] Launching helper process for spawning children vivado processes
INFO: [Synth 8-7075] Helper process launched with PID 21976
WARNING: [Synth 8-9501] generate block is allowed only inside loop and conditional generate in SystemVerilog mode [C:/Xilinx/Vivado/2022.1/data/ip/xpm/xpm_fifo/hdl/xpm_fifo.sv:4023]
---------------------------------------------------------------------------------
Starting RTL Elaboration : Time (s): cpu = 00:00:08 ; elapsed = 00:00:10 . Memory (MB): peak = 1271.820 ; gain = 0.000
---------------------------------------------------------------------------------
INFO: [Synth 8-6157] synthesizing module 'hdmi_object_localizer_0_0' [c:/Users/Muaz/Downloads/hw/hw.gen/sources_1/bd/hdmi/ip/hdmi_object_localizer_0_0/synth/hdmi_object_localizer_0_0.sv:53]
INFO: [Synth 8-6157] synthesizing module 'object_localizer' [c:/Users/Muaz/Downloads/hw/hw.gen/sources_1/bd/hdmi/ipshared/47cd/object_localization.sv:1]
INFO: [Synth 8-6157] synthesizing module 'min_n' [c:/Users/Muaz/Downloads/hw/hw.gen/sources_1/bd/hdmi/ipshared/47cd/min.sv:41]
INFO: [Synth 8-6157] synthesizing module 'min3' [c:/Users/Muaz/Downloads/hw/hw.gen/sources_1/bd/hdmi/ipshared/47cd/min.sv:1]
INFO: [Synth 8-6155] done synthesizing module 'min3' (0#1) [c:/Users/Muaz/Downloads/hw/hw.gen/sources_1/bd/hdmi/ipshared/47cd/min.sv:1]
INFO: [Synth 8-6157] synthesizing module 'min_n__parameterized0' [c:/Users/Muaz/Downloads/hw/hw.gen/sources_1/bd/hdmi/ipshared/47cd/min.sv:41]
INFO: [Synth 8-6155] done synthesizing module 'min_n__parameterized0' (0#1) [c:/Users/Muaz/Downloads/hw/hw.gen/sources_1/bd/hdmi/ipshared/47cd/min.sv:41]
INFO: [Synth 8-6155] done synthesizing module 'min_n' (0#1) [c:/Users/Muaz/Downloads/hw/hw.gen/sources_1/bd/hdmi/ipshared/47cd/min.sv:41]
INFO: [Synth 8-6157] synthesizing module 'axi_slave_interface' [c:/Users/Muaz/Downloads/hw/hw.gen/sources_1/bd/hdmi/ipshared/47cd/object_localization.sv:129]
INFO: [Synth 8-6155] done synthesizing module 'axi_slave_interface' (0#1) [c:/Users/Muaz/Downloads/hw/hw.gen/sources_1/bd/hdmi/ipshared/47cd/object_localization.sv:129]
INFO: [Synth 8-6155] done synthesizing module 'object_localizer' (0#1) [c:/Users/Muaz/Downloads/hw/hw.gen/sources_1/bd/hdmi/ipshared/47cd/object_localization.sv:1]
INFO: [Synth 8-6155] done synthesizing module 'hdmi_object_localizer_0_0' (0#1) [c:/Users/Muaz/Downloads/hw/hw.gen/sources_1/bd/hdmi/ip/hdmi_object_localizer_0_0/synth/hdmi_object_localizer_0_0.sv:53]
WARNING: [Synth 8-7129] Port clk in module min_n__parameterized0 is either unconnected or has no load
---------------------------------------------------------------------------------
Finished RTL Elaboration : Time (s): cpu = 00:00:11 ; elapsed = 00:00:13 . Memory (MB): peak = 1284.688 ; gain = 12.867
---------------------------------------------------------------------------------
---------------------------------------------------------------------------------
Start Handling Custom Attributes
---------------------------------------------------------------------------------
---------------------------------------------------------------------------------
Finished Handling Custom Attributes : Time (s): cpu = 00:00:11 ; elapsed = 00:00:13 . Memory (MB): peak = 1284.688 ; gain = 12.867
---------------------------------------------------------------------------------
---------------------------------------------------------------------------------
Finished RTL Optimization Phase 1 : Time (s): cpu = 00:00:11 ; elapsed = 00:00:13 . Memory (MB): peak = 1284.688 ; gain = 12.867
---------------------------------------------------------------------------------
Netlist sorting complete. Time (s): cpu = 00:00:00 ; elapsed = 00:00:00.019 . Memory (MB): peak = 1284.688 ; gain = 0.000
INFO: [Project 1-570] Preparing netlist for logic optimization

Processing XDC Constraints
Initializing timing engine
Completed Processing XDC Constraints

Netlist sorting complete. Time (s): cpu = 00:00:00 ; elapsed = 00:00:00 . Memory (MB): peak = 1332.473 ; gain = 0.000
INFO: [Project 1-111] Unisim Transformation Summary:
No Unisim elements were transformed.

Constraint Validation Runtime : Time (s): cpu = 00:00:00 ; elapsed = 00:00:00.044 . Memory (MB): peak = 1332.535 ; gain = 0.062
INFO: [Designutils 20-5008] Incremental synthesis strategy off
---------------------------------------------------------------------------------
Finished Constraint Validation : Time (s): cpu = 00:00:22 ; elapsed = 00:00:25 . Memory (MB): peak = 1332.535 ; gain = 60.715
---------------------------------------------------------------------------------
---------------------------------------------------------------------------------
Start Loading Part and Timing Information
---------------------------------------------------------------------------------
Loading part: xc7a200tsbg484-1
---------------------------------------------------------------------------------
Finished Loading Part and Timing Information : Time (s): cpu = 00:00:22 ; elapsed = 00:00:25 . Memory (MB): peak = 1332.535 ; gain = 60.715
---------------------------------------------------------------------------------
---------------------------------------------------------------------------------
Start Applying 'set_property' XDC Constraints
---------------------------------------------------------------------------------
---------------------------------------------------------------------------------
Finished applying 'set_property' XDC Constraints : Time (s): cpu = 00:00:22 ; elapsed = 00:00:25 . Memory (MB): peak = 1332.535 ; gain = 60.715
---------------------------------------------------------------------------------
---------------------------------------------------------------------------------
Finished RTL Optimization Phase 2 : Time (s): cpu = 00:00:22 ; elapsed = 00:00:25 . Memory (MB): peak = 1332.535 ; gain = 60.715
---------------------------------------------------------------------------------
---------------------------------------------------------------------------------
Start RTL Component Statistics 
---------------------------------------------------------------------------------
Detailed RTL Component Info : 
+---Adders : 
	   2 Input   16 Bit       Adders := 2     
+---Registers : 
	               32 Bit    Registers := 4     
	               16 Bit    Registers := 4     
	                9 Bit    Registers := 2     
	                4 Bit    Registers := 1     
	                3 Bit    Registers := 1     
	                2 Bit    Registers := 1     
	                1 Bit    Registers := 2     
+---Multipliers : 
	              16x32  Multipliers := 2     
+---Muxes : 
	   5 Input   32 Bit        Muxes := 1     
	   2 Input   32 Bit        Muxes := 1     
	   2 Input   16 Bit        Muxes := 3     
	   3 Input   16 Bit        Muxes := 3     
	   3 Input   13 Bit        Muxes := 1     
	  12 Input    9 Bit        Muxes := 1     
	   2 Input    4 Bit        Muxes := 3     
	  12 Input    2 Bit        Muxes := 1     
	   2 Input    1 Bit        Muxes := 2     
---------------------------------------------------------------------------------
Finished RTL Component Statistics 
---------------------------------------------------------------------------------
---------------------------------------------------------------------------------
Start Part Resource Summary
---------------------------------------------------------------------------------
Part Resources:
DSPs: 740 (col length:100)
BRAMs: 730 (col length: RAMB18 100 RAMB36 50)
---------------------------------------------------------------------------------
Finished Part Resource Summary
---------------------------------------------------------------------------------
---------------------------------------------------------------------------------
Start Cross Boundary and Area Optimization
---------------------------------------------------------------------------------
WARNING: [Synth 8-7080] Parallel synthesis criteria is not met
INFO: [Synth 8-3936] Found unconnected internal register 'inst/cos_approx_reg' and it is trimmed from '32' to '30' bits. [c:/Users/Muaz/Downloads/hw/hw.gen/sources_1/bd/hdmi/ipshared/47cd/object_localization.sv:73]
DSP Report: Generating DSP inst/, operation Mode is: A2*B2.
DSP Report: register inst/ is absorbed into DSP inst/.
DSP Report: register inst/ is absorbed into DSP inst/.
DSP Report: operator inst/ is absorbed into DSP inst/.
DSP Report: operator inst/ is absorbed into DSP inst/.
DSP Report: Generating DSP inst/, operation Mode is: (PCIN>>17)+A2*B2.
DSP Report: register inst/ is absorbed into DSP inst/.
DSP Report: register inst/ is absorbed into DSP inst/.
DSP Report: operator inst/ is absorbed into DSP inst/.
DSP Report: operator inst/ is absorbed into DSP inst/.
DSP Report: Generating DSP inst/, operation Mode is: A2*B2.
DSP Report: register inst/ is absorbed into DSP inst/.
DSP Report: register inst/ is absorbed into DSP inst/.
DSP Report: operator inst/ is absorbed into DSP inst/.
DSP Report: operator inst/ is absorbed into DSP inst/.
DSP Report: Generating DSP inst/, operation Mode is: (PCIN>>17)+A2*B2.
DSP Report: register inst/cos_approx_reg is absorbed into DSP inst/.
DSP Report: register inst/ is absorbed into DSP inst/.
DSP Report: operator inst/ is absorbed into DSP inst/.
DSP Report: operator inst/ is absorbed into DSP inst/.
INFO: [Synth 8-3917] design hdmi_object_localizer_0_0 has port pose[47] driven by constant 0
INFO: [Synth 8-3917] design hdmi_object_localizer_0_0 has port pose[46] driven by constant 0
INFO: [Synth 8-3917] design hdmi_object_localizer_0_0 has port pose[45] driven by constant 0
INFO: [Synth 8-3917] design hdmi_object_localizer_0_0 has port pose[44] driven by constant 0
INFO: [Synth 8-3917] design hdmi_object_localizer_0_0 has port pose[43] driven by constant 0
INFO: [Synth 8-3917] design hdmi_object_localizer_0_0 has port pose[42] driven by constant 0
INFO: [Synth 8-3917] design hdmi_object_localizer_0_0 has port pose[41] driven by constant 0
---------------------------------------------------------------------------------
Finished Cross Boundary and Area Optimization : Time (s): cpu = 00:00:25 ; elapsed = 00:00:29 . Memory (MB): peak = 1332.535 ; gain = 60.715
---------------------------------------------------------------------------------
---------------------------------------------------------------------------------
Start ROM, RAM, DSP, Shift Register and Retiming Reporting
---------------------------------------------------------------------------------

DSP: Preliminary Mapping Report (see note below. The ' indicates corresponding REG is set)
+--------------------------+------------------+--------+--------+--------+--------+--------+------+------+------+------+-------+------+------+
|Module Name               | DSP Mapping      | A Size | B Size | C Size | D Size | P Size | AREG | BREG | CREG | DREG | ADREG | MREG | PREG | 
+--------------------------+------------------+--------+--------+--------+--------+--------+------+------+------+------+-------+------+------+
|hdmi_object_localizer_0_0 | A2*B2            | 18     | 17     | -      | -      | 48     | 1    | 1    | -    | -    | -     | 0    | 0    | 
|hdmi_object_localizer_0_0 | (PCIN>>17)+A2*B2 | 17     | 14     | -      | -      | 48     | 1    | 1    | -    | -    | -     | 0    | 0    | 
|hdmi_object_localizer_0_0 | A2*B2            | 18     | 17     | -      | -      | 48     | 1    | 1    | -    | -    | -     | 0    | 0    | 
|hdmi_object_localizer_0_0 | (PCIN>>17)+A2*B2 | 17     | 14     | -      | -      | 48     | 1    | 1    | -    | -    | -     | 0    | 0    | 
+--------------------------+------------------+--------+--------+--------+--------+--------+------+------+------+------+-------+------+------+

Note: The table above is a preliminary report that shows the DSPs inferred at the current stage of the synthesis flow. Some DSP may be reimplemented as non DSP primitives later in the synthesis flow. Multiple instantiated DSPs are reported only once.
---------------------------------------------------------------------------------
Finished ROM, RAM, DSP, Shift Register and Retiming Reporting
---------------------------------------------------------------------------------
---------------------------------------------------------------------------------
Start Applying XDC Timing Constraints
---------------------------------------------------------------------------------
---------------------------------------------------------------------------------
Finished Applying XDC Timing Constraints : Time (s): cpu = 00:00:37 ; elapsed = 00:00:41 . Memory (MB): peak = 1339.297 ; gain = 67.477
---------------------------------------------------------------------------------
---------------------------------------------------------------------------------
Start Timing Optimization
---------------------------------------------------------------------------------
---------------------------------------------------------------------------------
Finished Timing Optimization : Time (s): cpu = 00:00:37 ; elapsed = 00:00:41 . Memory (MB): peak = 1339.594 ; gain = 67.773
---------------------------------------------------------------------------------
---------------------------------------------------------------------------------
Start Technology Mapping
---------------------------------------------------------------------------------
---------------------------------------------------------------------------------
Finished Technology Mapping : Time (s): cpu = 00:00:37 ; elapsed = 00:00:41 . Memory (MB): peak = 1358.691 ; gain = 86.871
---------------------------------------------------------------------------------
---------------------------------------------------------------------------------
Start IO Insertion
---------------------------------------------------------------------------------
---------------------------------------------------------------------------------
Start Flattening Before IO Insertion
---------------------------------------------------------------------------------
---------------------------------------------------------------------------------
Finished Flattening Before IO Insertion
---------------------------------------------------------------------------------
---------------------------------------------------------------------------------
Start Final Netlist Cleanup
---------------------------------------------------------------------------------
---------------------------------------------------------------------------------
Finished Final Netlist Cleanup
---------------------------------------------------------------------------------
---------------------------------------------------------------------------------
Finished IO Insertion : Time (s): cpu = 00:00:43 ; elapsed = 00:00:46 . Memory (MB): peak = 1364.996 ; gain = 93.176
---------------------------------------------------------------------------------
---------------------------------------------------------------------------------
Start Renaming Generated Instances
---------------------------------------------------------------------------------
---------------------------------------------------------------------------------
Finished Renaming Generated Instances : Time (s): cpu = 00:00:43 ; elapsed = 00:00:46 . Memory (MB): peak = 1364.996 ; gain = 93.176
---------------------------------------------------------------------------------
---------------------------------------------------------------------------------
Start Rebuilding User Hierarchy
---------------------------------------------------------------------------------
---------------------------------------------------------------------------------
Finished Rebuilding User Hierarchy : Time (s): cpu = 00:00:43 ; elapsed = 00:00:46 . Memory (MB): peak = 1364.996 ; gain = 93.176
---------------------------------------------------------------------------------
---------------------------------------------------------------------------------
Start Renaming Generated Ports
---------------------------------------------------------------------------------
---------------------------------------------------------------------------------
Finished Renaming Generated Ports : Time (s): cpu = 00:00:43 ; elapsed = 00:00:46 . Memory (MB): peak = 1364.996 ; gain = 93.176
---------------------------------------------------------------------------------
---------------------------------------------------------------------------------
Start Handling Custom Attributes
---------------------------------------------------------------------------------
---------------------------------------------------------------------------------
Finished Handling Custom Attributes : Time (s): cpu = 00:00:43 ; elapsed = 00:00:46 . Memory (MB): peak = 1364.996 ; gain = 93.176
---------------------------------------------------------------------------------
---------------------------------------------------------------------------------
Start Renaming Generated Nets
---------------------------------------------------------------------------------
---------------------------------------------------------------------------------
Finished Renaming Generated Nets : Time (s): cpu = 00:00:43 ; elapsed = 00:00:46 . Memory (MB): peak = 1364.996 ; gain = 93.176
---------------------------------------------------------------------------------
---------------------------------------------------------------------------------
Start Writing Synthesis Report
---------------------------------------------------------------------------------

DSP Final Report (the ' indicates corresponding REG is set)
+--------------------------+-------------------+--------+--------+--------+--------+--------+------+------+------+------+-------+------+------+
|Module Name               | DSP Mapping       | A Size | B Size | C Size | D Size | P Size | AREG | BREG | CREG | DREG | ADREG | MREG | PREG | 
+--------------------------+-------------------+--------+--------+--------+--------+--------+------+------+------+------+-------+------+------+
|hdmi_object_localizer_0_0 | A'*B'             | 17     | 16     | -      | -      | 48     | 1    | 1    | -    | -    | -     | 0    | 0    | 
|hdmi_object_localizer_0_0 | (PCIN>>17+A'*B')' | 16     | 14     | -      | -      | 48     | 1    | 1    | -    | -    | -     | 0    | 1    | 
|hdmi_object_localizer_0_0 | A'*B'             | 15     | 16     | -      | -      | 48     | 1    | 1    | -    | -    | -     | 0    | 0    | 
|hdmi_object_localizer_0_0 | (PCIN>>17+A'*B')' | 16     | 0      | -      | -      | 48     | 1    | 1    | -    | -    | -     | 0    | 1    | 
+--------------------------+-------------------+--------+--------+--------+--------+--------+------+------+------+------+-------+------+------+


Report BlackBoxes: 
+-+--------------+----------+
| |BlackBox name |Instances |
+-+--------------+----------+
+-+--------------+----------+

Report Cell Usage: 
+------+--------+------+
|      |Cell    |Count |
+------+--------+------+
|1     |CARRY4  |     6|
|2     |DSP48E1 |     4|
|4     |LUT2    |     7|
|5     |LUT3    |     3|
|6     |LUT4    |    48|
|7     |LUT5    |     8|
|8     |LUT6    |    48|
|9     |MUXF7   |     3|
|10    |FDRE    |    37|
+------+--------+------+
---------------------------------------------------------------------------------
Finished Writing Synthesis Report : Time (s): cpu = 00:00:43 ; elapsed = 00:00:46 . Memory (MB): peak = 1364.996 ; gain = 93.176
---------------------------------------------------------------------------------
Synthesis finished with 0 errors, 0 critical warnings and 1 warnings.
Synthesis Optimization Runtime : Time (s): cpu = 00:00:29 ; elapsed = 00:00:43 . Memory (MB): peak = 1364.996 ; gain = 45.328
Synthesis Optimization Complete : Time (s): cpu = 00:00:43 ; elapsed = 00:00:47 . Memory (MB): peak = 1364.996 ; gain = 93.176
INFO: [Project 1-571] Translating synthesized netlist
Netlist sorting complete. Time (s): cpu = 00:00:00 ; elapsed = 00:00:00.009 . Memory (MB): peak = 1377.016 ; gain = 0.000
INFO: [Netlist 29-17] Analyzing 13 Unisim elements for replacement
INFO: [Netlist 29-28] Unisim Transformation completed in 0 CPU seconds
INFO: [Project 1-570] Preparing netlist for logic optimization
INFO: [Opt 31-138] Pushed 0 inverter(s) to 0 load pin(s).
Netlist sorting complete. Time (s): cpu = 00:00:00 ; elapsed = 00:00:00 . Memory (MB): peak = 1383.270 ; gain = 0.000
INFO: [Project 1-111] Unisim Transformation Summary:
No Unisim elements were transformed.

Synth Design complete, checksum: 566d5727
INFO: [Common 17-83] Releasing license: Synthesis
40 Infos, 3 Warnings, 0 Critical Warnings and 0 Errors encountered.
synth_design completed successfully
synth_design: Time (s): cpu = 00:00:48 ; elapsed = 00:00:53 . Memory (MB): peak = 1383.270 ; gain = 111.449
INFO: [Common 17-1381] The checkpoint 'C:/Users/Muaz/Downloads/hw/hw.runs/hdmi_object_localizer_0_0_synth_1/hdmi_object_localizer_0_0.dcp' has been generated.
INFO: [Coretcl 2-1648] Added synthesis output to IP cache for IP hdmi_object_localizer_0_0, cache-ID = fb71e011c21ee988
INFO: [Coretcl 2-1174] Renamed 4 cell refs.
INFO: [Common 17-1381] The checkpoint 'C:/Users/Muaz/Downloads/hw/hw.runs/hdmi_object_localizer_0_0_synth_1/hdmi_object_localizer_0_0.dcp' has been generated.
INFO: [runtcl-4] Executing : report_utilization -file hdmi_object_localizer_0_0_utilization_synth.rpt -pb hdmi_object_localizer_0_0_utilization_synth.pb
INFO: [Common 17-206] Exiting Vivado at Thu Mar 13 00:20:47 2025...
